
ROM used:   494/8192 (6%)
            494/8192 (6%) including unused fragments

            0.4 Average locations per line
            4.4 Average locations per statement

RAM used:   9/368 (2%) at main() level
            23/368 (6%) worst case

Stack used: 5 worst case (5 in main + 0 for interrupts)
Stack size: 8

Lines Stmts  %   Files
----- ----- ---  -----
   30    12  11  Practica21.c
    5     0   0  Practica21.h
  694     0   0  ..\..\..\..\..\..\..\Program Files (x86)\PICC\Devices\16F877A.h
  456   100  89  ..\..\..\..\..\..\..\Program Files (x86)\PICC\Drivers\lcd.c
----- -----
 1185   112 Total

Page ROM  %  RAM    Vol Diff  Functions:
---- --- --- ---    --- ----  ----------
0     21   4    1             @delay_ms1
 Inline         3    760  4.5  lcd_read_byte
0     49  10    2    262  3.7  lcd_read_nibble
0     43   9    1    399  2.4  lcd_send_nibble
0     92  19    3    415  3.7  lcd_send_byte
0     70  14    6    852  6.2  lcd_init
0     18   4    4    208  6.3  lcd_gotoxy
0     44   9    1    354  4.7  lcd_putc
0     57  12    2    335  4.7  MAIN
0      7   1    0             @const708
0     86  17    4             @PSTRINGC7_691
0      3   1    0             @const713
 Inline         0             @cinit1

Program metrics:
    Functions               8
    Statements              112
    Comments                224
    Volume (V)              5436
    Difficulty (D)          35.2
    Effort to implement (E) 191100
    Time to implement (T)   2 hours, 57 minutes
    Est Delivered Bugs (B)  1
    Cyclomatic Complexity   9
    Maintainability (MI)    141

 Segment     Used  Free
-----------  ----  ----
00000-00003     4  0  
00004-007FF   490  1554  
00800-00FFF     0  2048  
01000-017FF     0  2048  
01800-01FFF     0  2048  



