
ROM used:   80/8192 (1%)
            80/8192 (1%) including unused fragments

            0.1 Average locations per line
            10.0 Average locations per statement

RAM used:   12/368 (3%) at main() level
            12/368 (3%) worst case

Stack used: 1 worst case (0 in main + 1 for interrupts)
Stack size: 8

Lines Stmts  %   Files
----- ----- ---  -----
   25     8 100  Practica19.c
    5     0   0  Practica19.h
  643     0   0  ..\..\..\..\..\..\..\Program Files (x86)\PICC\Devices\16F876A.h
----- -----
  673     8 Total

Page ROM  %  RAM    Vol Diff  Functions:
---- --- --- ---    --- ----  ----------
0      9  11    0     17  0.8  timer0_isr
0     24  30    0    119  2.1  MAIN
 Inline         0             @cinit1

Program metrics:
    Functions               2
    Statements              8
    Comments                117
    Volume (V)              162
    Difficulty (D)          2.9
    Effort to implement (E) 476
    Time to implement (T)   0 minutes
    Est Delivered Bugs (B)  0
    Cyclomatic Complexity   1
    Maintainability (MI)    93

 Segment     Used  Free
-----------  ----  ----
00000-00003     4  0  
00004-0002E    43  0  
0002F-007FF    33  1968  
00800-00FFF     0  2048  
01000-017FF     0  2048  
01800-01FFF     0  2048  



