CCS PCM C Compiler, Version 5.091, 13314               21-jun.-21 15:38

               Filename:   C:\Users\jymcl\Documents\Chapingo\6 Semestre\Sistemas digitales embebidos\Practica23\practica23.lst

               ROM used:   1613 words (39%)
                           Largest free fragment is 2048
               RAM used:   23 (12%) at main() level
                           43 (23%) worst case
               Stack used: 5 locations
               Stack size: 8

0000:  MOVLW  05
0001:  MOVWF  0A
0002:  GOTO   56A
0003:  NOP
.................... #include <practica23.h>
.................... #include <16F873A.h>
.................... //////////// Standard Header file for the PIC16F873A device ////////////////
.................... ///////////////////////////////////////////////////////////////////////////
.................... ////        (C) Copyright 1996, 2014 Custom Computer Services          ////
.................... //// This source code may only be used by licensed users of the CCS C  ////
.................... //// compiler.  This source code may only be distributed to other      ////
.................... //// licensed users of the CCS C compiler.  No other use, reproduction ////
.................... //// or distribution is permitted without written permission.          ////
.................... //// Derivative programs created using this software in object code    ////
.................... //// form are not restricted in any way.                               ////
.................... ///////////////////////////////////////////////////////////////////////////
.................... #device PIC16F873A
0004:  DATA 41,22
0005:  DATA 43,10
0006:  DATA 3D,10
0007:  DATA 25,26
0008:  DATA 75,00
0009:  DATA 49,10
000A:  DATA 3D,10
000B:  DATA 25,18
000C:  DATA 31,17
000D:  DATA 32,33
000E:  DATA A0,20
000F:  DATA 80,24
*
00B2:  MOVLW  8E
00B3:  MOVWF  20
00B4:  MOVF   34,W
00B5:  MOVWF  21
00B6:  MOVF   33,W
00B7:  MOVWF  22
00B8:  CLRF   23
00B9:  MOVF   21,F
00BA:  BTFSS  03.2
00BB:  GOTO   0C6
00BC:  MOVF   22,W
00BD:  MOVWF  21
00BE:  CLRF   22
00BF:  MOVLW  08
00C0:  SUBWF  20,F
00C1:  MOVF   21,F
00C2:  BTFSS  03.2
00C3:  GOTO   0C6
00C4:  CLRF   20
00C5:  GOTO   0CE
00C6:  BCF    03.0
00C7:  BTFSC  21.7
00C8:  GOTO   0CD
00C9:  RLF    22,F
00CA:  RLF    21,F
00CB:  DECF   20,F
00CC:  GOTO   0C6
00CD:  BCF    21.7
00CE:  BCF    0A.3
00CF:  GOTO   5A6 (RETURN)
00D0:  MOVF   3E,W
00D1:  BTFSC  03.2
00D2:  GOTO   140
00D3:  MOVWF  46
00D4:  MOVF   42,W
00D5:  BTFSC  03.2
00D6:  GOTO   140
00D7:  ADDWF  46,F
00D8:  BTFSC  03.0
00D9:  GOTO   0E1
00DA:  MOVLW  7F
00DB:  SUBWF  46,F
00DC:  BTFSS  03.0
00DD:  GOTO   140
00DE:  BTFSC  03.2
00DF:  GOTO   140
00E0:  GOTO   0E5
00E1:  MOVLW  81
00E2:  ADDWF  46,F
00E3:  BTFSC  03.0
00E4:  GOTO   140
00E5:  MOVF   46,W
00E6:  MOVWF  20
00E7:  CLRF   21
00E8:  CLRF   22
00E9:  CLRF   23
00EA:  MOVF   3F,W
00EB:  MOVWF  4A
00EC:  BSF    4A.7
00ED:  MOVF   40,W
00EE:  MOVWF  49
00EF:  MOVF   41,W
00F0:  MOVWF  48
00F1:  MOVLW  18
00F2:  MOVWF  46
00F3:  CLRF   47
00F4:  BTFSS  48.0
00F5:  GOTO   10E
00F6:  MOVF   45,W
00F7:  ADDWF  23,F
00F8:  BTFSS  03.0
00F9:  GOTO   100
00FA:  INCF   22,F
00FB:  BTFSS  03.2
00FC:  GOTO   100
00FD:  INCF   21,F
00FE:  BTFSC  03.2
00FF:  BSF    47.7
0100:  MOVF   44,W
0101:  ADDWF  22,F
0102:  BTFSS  03.0
0103:  GOTO   107
0104:  INCF   21,F
0105:  BTFSC  03.2
0106:  BSF    47.7
0107:  MOVF   43,W
0108:  MOVWF  40
0109:  BSF    40.7
010A:  MOVF   40,W
010B:  ADDWF  21,F
010C:  BTFSC  03.0
010D:  BSF    47.7
010E:  RLF    47,F
010F:  RRF    21,F
0110:  RRF    22,F
0111:  RRF    23,F
0112:  RRF    4A,F
0113:  RRF    49,F
0114:  RRF    48,F
0115:  BCF    03.0
0116:  DECFSZ 46,F
0117:  GOTO   0F3
0118:  MOVLW  01
0119:  ADDWF  20,F
011A:  BTFSC  03.0
011B:  GOTO   140
011C:  BTFSC  21.7
011D:  GOTO   125
011E:  RLF    4A,F
011F:  RLF    23,F
0120:  RLF    22,F
0121:  RLF    21,F
0122:  DECF   20,F
0123:  BTFSC  03.2
0124:  GOTO   140
0125:  BTFSS  4A.7
0126:  GOTO   136
0127:  INCF   23,F
0128:  BTFSS  03.2
0129:  GOTO   136
012A:  INCF   22,F
012B:  BTFSS  03.2
012C:  GOTO   136
012D:  INCF   21,F
012E:  BTFSS  03.2
012F:  GOTO   136
0130:  RRF    21,F
0131:  RRF    22,F
0132:  RRF    23,F
0133:  INCF   20,F
0134:  BTFSC  03.2
0135:  GOTO   140
0136:  MOVF   3F,W
0137:  MOVWF  47
0138:  MOVF   43,W
0139:  XORWF  47,F
013A:  BTFSS  47.7
013B:  GOTO   13E
013C:  BSF    21.7
013D:  GOTO   144
013E:  BCF    21.7
013F:  GOTO   144
0140:  CLRF   20
0141:  CLRF   21
0142:  CLRF   22
0143:  CLRF   23
0144:  RETURN
0145:  MOVF   37,W
0146:  BTFSC  03.2
0147:  GOTO   20A
0148:  MOVWF  43
0149:  MOVF   3B,W
014A:  BTFSC  03.2
014B:  GOTO   20A
014C:  SUBWF  43,F
014D:  BTFSS  03.0
014E:  GOTO   154
014F:  MOVLW  7F
0150:  ADDWF  43,F
0151:  BTFSC  03.0
0152:  GOTO   20A
0153:  GOTO   15A
0154:  MOVLW  81
0155:  SUBWF  43,F
0156:  BTFSS  03.0
0157:  GOTO   20A
0158:  BTFSC  03.2
0159:  GOTO   20A
015A:  MOVF   43,W
015B:  MOVWF  20
015C:  CLRF   21
015D:  CLRF   22
015E:  CLRF   23
015F:  CLRF   42
0160:  MOVF   38,W
0161:  MOVWF  41
0162:  BSF    41.7
0163:  MOVF   39,W
0164:  MOVWF  40
0165:  MOVF   3A,W
0166:  MOVWF  3F
0167:  MOVLW  19
0168:  MOVWF  43
0169:  MOVF   3E,W
016A:  SUBWF  3F,F
016B:  BTFSC  03.0
016C:  GOTO   17D
016D:  MOVLW  01
016E:  SUBWF  40,F
016F:  BTFSC  03.0
0170:  GOTO   17D
0171:  SUBWF  41,F
0172:  BTFSC  03.0
0173:  GOTO   17D
0174:  SUBWF  42,F
0175:  BTFSC  03.0
0176:  GOTO   17D
0177:  INCF   42,F
0178:  INCF   41,F
0179:  INCF   40,F
017A:  MOVF   3E,W
017B:  ADDWF  3F,F
017C:  GOTO   1AF
017D:  MOVF   3D,W
017E:  SUBWF  40,F
017F:  BTFSC  03.0
0180:  GOTO   198
0181:  MOVLW  01
0182:  SUBWF  41,F
0183:  BTFSC  03.0
0184:  GOTO   198
0185:  SUBWF  42,F
0186:  BTFSC  03.0
0187:  GOTO   198
0188:  INCF   42,F
0189:  INCF   41,F
018A:  MOVF   3D,W
018B:  ADDWF  40,F
018C:  MOVF   3E,W
018D:  ADDWF  3F,F
018E:  BTFSS  03.0
018F:  GOTO   1AF
0190:  INCF   40,F
0191:  BTFSS  03.2
0192:  GOTO   1AF
0193:  INCF   41,F
0194:  BTFSS  03.2
0195:  GOTO   1AF
0196:  INCF   42,F
0197:  GOTO   1AF
0198:  MOVF   3C,W
0199:  IORLW  80
019A:  SUBWF  41,F
019B:  BTFSC  03.0
019C:  GOTO   1AE
019D:  MOVLW  01
019E:  SUBWF  42,F
019F:  BTFSC  03.0
01A0:  GOTO   1AE
01A1:  INCF   42,F
01A2:  MOVF   3C,W
01A3:  IORLW  80
01A4:  ADDWF  41,F
01A5:  MOVF   3D,W
01A6:  ADDWF  40,F
01A7:  BTFSS  03.0
01A8:  GOTO   18C
01A9:  INCF   41,F
01AA:  BTFSS  03.2
01AB:  GOTO   18C
01AC:  INCF   42,F
01AD:  GOTO   18C
01AE:  BSF    23.0
01AF:  DECFSZ 43,F
01B0:  GOTO   1B2
01B1:  GOTO   1BD
01B2:  BCF    03.0
01B3:  RLF    3F,F
01B4:  RLF    40,F
01B5:  RLF    41,F
01B6:  RLF    42,F
01B7:  BCF    03.0
01B8:  RLF    23,F
01B9:  RLF    22,F
01BA:  RLF    21,F
01BB:  RLF    44,F
01BC:  GOTO   169
01BD:  BTFSS  44.0
01BE:  GOTO   1C5
01BF:  BCF    03.0
01C0:  RRF    21,F
01C1:  RRF    22,F
01C2:  RRF    23,F
01C3:  RRF    44,F
01C4:  GOTO   1C8
01C5:  DECF   20,F
01C6:  BTFSC  03.2
01C7:  GOTO   20A
01C8:  BTFSC  44.7
01C9:  GOTO   1F1
01CA:  BCF    03.0
01CB:  RLF    3F,F
01CC:  RLF    40,F
01CD:  RLF    41,F
01CE:  RLF    42,F
01CF:  MOVF   3E,W
01D0:  SUBWF  3F,F
01D1:  BTFSC  03.0
01D2:  GOTO   1DD
01D3:  MOVLW  01
01D4:  SUBWF  40,F
01D5:  BTFSC  03.0
01D6:  GOTO   1DD
01D7:  SUBWF  41,F
01D8:  BTFSC  03.0
01D9:  GOTO   1DD
01DA:  SUBWF  42,F
01DB:  BTFSS  03.0
01DC:  GOTO   200
01DD:  MOVF   3D,W
01DE:  SUBWF  40,F
01DF:  BTFSC  03.0
01E0:  GOTO   1E8
01E1:  MOVLW  01
01E2:  SUBWF  41,F
01E3:  BTFSC  03.0
01E4:  GOTO   1E8
01E5:  SUBWF  42,F
01E6:  BTFSS  03.0
01E7:  GOTO   200
01E8:  MOVF   3C,W
01E9:  IORLW  80
01EA:  SUBWF  41,F
01EB:  BTFSC  03.0
01EC:  GOTO   1F1
01ED:  MOVLW  01
01EE:  SUBWF  42,F
01EF:  BTFSS  03.0
01F0:  GOTO   200
01F1:  INCF   23,F
01F2:  BTFSS  03.2
01F3:  GOTO   200
01F4:  INCF   22,F
01F5:  BTFSS  03.2
01F6:  GOTO   200
01F7:  INCF   21,F
01F8:  BTFSS  03.2
01F9:  GOTO   200
01FA:  INCF   20,F
01FB:  BTFSC  03.2
01FC:  GOTO   20A
01FD:  RRF    21,F
01FE:  RRF    22,F
01FF:  RRF    23,F
0200:  MOVF   38,W
0201:  MOVWF  43
0202:  MOVF   3C,W
0203:  XORWF  43,F
0204:  BTFSS  43.7
0205:  GOTO   208
0206:  BSF    21.7
0207:  GOTO   20E
0208:  BCF    21.7
0209:  GOTO   20E
020A:  CLRF   20
020B:  CLRF   21
020C:  CLRF   22
020D:  CLRF   23
020E:  RETURN
020F:  MOVLW  80
0210:  BTFSC  03.1
0211:  XORWF  38,F
0212:  CLRF   3D
0213:  CLRF   3E
0214:  MOVF   34,W
0215:  MOVWF  3C
0216:  MOVF   38,W
0217:  XORWF  3C,F
0218:  MOVF   33,W
0219:  BTFSC  03.2
021A:  GOTO   2FC
021B:  MOVWF  3B
021C:  MOVWF  20
021D:  MOVF   37,W
021E:  BTFSC  03.2
021F:  GOTO   305
0220:  SUBWF  3B,F
0221:  BTFSC  03.2
0222:  GOTO   2A2
0223:  BTFSS  03.0
0224:  GOTO   261
0225:  MOVF   38,W
0226:  MOVWF  41
0227:  BSF    41.7
0228:  MOVF   39,W
0229:  MOVWF  40
022A:  MOVF   3A,W
022B:  MOVWF  3F
022C:  CLRF   3E
022D:  BCF    03.0
022E:  RRF    41,F
022F:  RRF    40,F
0230:  RRF    3F,F
0231:  RRF    3E,F
0232:  DECFSZ 3B,F
0233:  GOTO   22C
0234:  BTFSS  3C.7
0235:  GOTO   239
0236:  BSF    3D.0
0237:  GOTO   319
0238:  BCF    3D.0
0239:  BCF    3B.0
023A:  BSF    3D.4
023B:  MOVLW  36
023C:  MOVWF  04
023D:  GOTO   32E
023E:  BCF    3D.4
023F:  BTFSC  3C.7
0240:  GOTO   24B
0241:  BTFSS  3B.0
0242:  GOTO   256
0243:  RRF    41,F
0244:  RRF    40,F
0245:  RRF    3F,F
0246:  RRF    3E,F
0247:  INCF   20,F
0248:  BTFSC  03.2
0249:  GOTO   314
024A:  GOTO   256
024B:  BTFSC  41.7
024C:  GOTO   259
024D:  BCF    03.0
024E:  RLF    3E,F
024F:  RLF    3F,F
0250:  RLF    40,F
0251:  RLF    41,F
0252:  DECF   20,F
0253:  BTFSC  03.2
0254:  GOTO   314
0255:  GOTO   24B
0256:  BSF    3D.6
0257:  GOTO   2C1
0258:  BCF    3D.6
0259:  MOVF   34,W
025A:  MOVWF  3C
025B:  BTFSS  3C.7
025C:  GOTO   25F
025D:  BSF    41.7
025E:  GOTO   30D
025F:  BCF    41.7
0260:  GOTO   30D
0261:  MOVF   37,W
0262:  MOVWF  3B
0263:  MOVWF  20
0264:  MOVF   33,W
0265:  SUBWF  3B,F
0266:  MOVF   34,W
0267:  MOVWF  41
0268:  BSF    41.7
0269:  MOVF   35,W
026A:  MOVWF  40
026B:  MOVF   36,W
026C:  MOVWF  3F
026D:  CLRF   3E
026E:  BCF    03.0
026F:  RRF    41,F
0270:  RRF    40,F
0271:  RRF    3F,F
0272:  RRF    3E,F
0273:  DECFSZ 3B,F
0274:  GOTO   26D
0275:  BTFSS  3C.7
0276:  GOTO   27A
0277:  BSF    3D.1
0278:  GOTO   319
0279:  BCF    3D.1
027A:  BCF    3B.0
027B:  BSF    3D.5
027C:  MOVLW  3A
027D:  MOVWF  04
027E:  GOTO   32E
027F:  BCF    3D.5
0280:  BTFSC  3C.7
0281:  GOTO   28C
0282:  BTFSS  3B.0
0283:  GOTO   297
0284:  RRF    41,F
0285:  RRF    40,F
0286:  RRF    3F,F
0287:  RRF    3E,F
0288:  INCF   20,F
0289:  BTFSC  03.2
028A:  GOTO   314
028B:  GOTO   297
028C:  BTFSC  41.7
028D:  GOTO   29A
028E:  BCF    03.0
028F:  RLF    3E,F
0290:  RLF    3F,F
0291:  RLF    40,F
0292:  RLF    41,F
0293:  DECF   20,F
0294:  BTFSC  03.2
0295:  GOTO   314
0296:  GOTO   28C
0297:  BSF    3D.7
0298:  GOTO   2C1
0299:  BCF    3D.7
029A:  MOVF   38,W
029B:  MOVWF  3C
029C:  BTFSS  3C.7
029D:  GOTO   2A0
029E:  BSF    41.7
029F:  GOTO   30D
02A0:  BCF    41.7
02A1:  GOTO   30D
02A2:  MOVF   38,W
02A3:  MOVWF  41
02A4:  BSF    41.7
02A5:  MOVF   39,W
02A6:  MOVWF  40
02A7:  MOVF   3A,W
02A8:  MOVWF  3F
02A9:  BTFSS  3C.7
02AA:  GOTO   2AF
02AB:  BCF    41.7
02AC:  BSF    3D.2
02AD:  GOTO   319
02AE:  BCF    3D.2
02AF:  CLRF   3E
02B0:  BCF    3B.0
02B1:  MOVLW  36
02B2:  MOVWF  04
02B3:  GOTO   32E
02B4:  BTFSC  3C.7
02B5:  GOTO   2D7
02B6:  MOVF   34,W
02B7:  MOVWF  3C
02B8:  BTFSS  3B.0
02B9:  GOTO   2C1
02BA:  RRF    41,F
02BB:  RRF    40,F
02BC:  RRF    3F,F
02BD:  RRF    3E,F
02BE:  INCF   20,F
02BF:  BTFSC  03.2
02C0:  GOTO   314
02C1:  BTFSS  3E.7
02C2:  GOTO   2D2
02C3:  INCF   3F,F
02C4:  BTFSS  03.2
02C5:  GOTO   2D2
02C6:  INCF   40,F
02C7:  BTFSS  03.2
02C8:  GOTO   2D2
02C9:  INCF   41,F
02CA:  BTFSS  03.2
02CB:  GOTO   2D2
02CC:  RRF    41,F
02CD:  RRF    40,F
02CE:  RRF    3F,F
02CF:  INCF   20,F
02D0:  BTFSC  03.2
02D1:  GOTO   314
02D2:  BTFSC  3D.6
02D3:  GOTO   258
02D4:  BTFSC  3D.7
02D5:  GOTO   299
02D6:  GOTO   2F6
02D7:  MOVLW  80
02D8:  XORWF  41,F
02D9:  BTFSS  41.7
02DA:  GOTO   2DF
02DB:  GOTO   319
02DC:  MOVF   38,W
02DD:  MOVWF  3C
02DE:  GOTO   2EC
02DF:  MOVF   34,W
02E0:  MOVWF  3C
02E1:  MOVF   41,F
02E2:  BTFSS  03.2
02E3:  GOTO   2EC
02E4:  MOVF   40,F
02E5:  BTFSS  03.2
02E6:  GOTO   2EC
02E7:  MOVF   3F,F
02E8:  BTFSS  03.2
02E9:  GOTO   2EC
02EA:  CLRF   20
02EB:  GOTO   30D
02EC:  BTFSC  41.7
02ED:  GOTO   2F6
02EE:  BCF    03.0
02EF:  RLF    3E,F
02F0:  RLF    3F,F
02F1:  RLF    40,F
02F2:  RLF    41,F
02F3:  DECFSZ 20,F
02F4:  GOTO   2EC
02F5:  GOTO   314
02F6:  BTFSS  3C.7
02F7:  GOTO   2FA
02F8:  BSF    41.7
02F9:  GOTO   30D
02FA:  BCF    41.7
02FB:  GOTO   30D
02FC:  MOVF   37,W
02FD:  MOVWF  20
02FE:  MOVF   38,W
02FF:  MOVWF  41
0300:  MOVF   39,W
0301:  MOVWF  40
0302:  MOVF   3A,W
0303:  MOVWF  3F
0304:  GOTO   30D
0305:  MOVF   33,W
0306:  MOVWF  20
0307:  MOVF   34,W
0308:  MOVWF  41
0309:  MOVF   35,W
030A:  MOVWF  40
030B:  MOVF   36,W
030C:  MOVWF  3F
030D:  MOVF   41,W
030E:  MOVWF  21
030F:  MOVF   40,W
0310:  MOVWF  22
0311:  MOVF   3F,W
0312:  MOVWF  23
0313:  GOTO   34C
0314:  CLRF   20
0315:  CLRF   21
0316:  CLRF   22
0317:  CLRF   23
0318:  GOTO   34C
0319:  CLRF   3E
031A:  COMF   3F,F
031B:  COMF   40,F
031C:  COMF   41,F
031D:  COMF   3E,F
031E:  INCF   3E,F
031F:  BTFSS  03.2
0320:  GOTO   327
0321:  INCF   3F,F
0322:  BTFSS  03.2
0323:  GOTO   327
0324:  INCF   40,F
0325:  BTFSC  03.2
0326:  INCF   41,F
0327:  BTFSC  3D.0
0328:  GOTO   238
0329:  BTFSC  3D.1
032A:  GOTO   279
032B:  BTFSC  3D.2
032C:  GOTO   2AE
032D:  GOTO   2DC
032E:  MOVF   00,W
032F:  ADDWF  3F,F
0330:  BTFSS  03.0
0331:  GOTO   338
0332:  INCF   40,F
0333:  BTFSS  03.2
0334:  GOTO   338
0335:  INCF   41,F
0336:  BTFSC  03.2
0337:  BSF    3B.0
0338:  DECF   04,F
0339:  MOVF   00,W
033A:  ADDWF  40,F
033B:  BTFSS  03.0
033C:  GOTO   340
033D:  INCF   41,F
033E:  BTFSC  03.2
033F:  BSF    3B.0
0340:  DECF   04,F
0341:  MOVF   00,W
0342:  BTFSS  00.7
0343:  XORLW  80
0344:  ADDWF  41,F
0345:  BTFSC  03.0
0346:  BSF    3B.0
0347:  BTFSC  3D.4
0348:  GOTO   23E
0349:  BTFSC  3D.5
034A:  GOTO   27F
034B:  GOTO   2B4
034C:  BCF    0A.3
034D:  GOTO   5E5 (RETURN)
*
038C:  MOVF   0B,W
038D:  MOVWF  34
038E:  BCF    0B.7
038F:  BSF    03.5
0390:  BSF    03.6
0391:  BSF    0C.7
0392:  BSF    0C.0
0393:  NOP
0394:  NOP
0395:  BCF    03.5
0396:  BCF    03.6
0397:  BTFSC  34.7
0398:  BSF    0B.7
0399:  BTFSC  03.0
039A:  GOTO   3C3
039B:  BSF    03.6
039C:  MOVF   0C,W
039D:  ANDLW  7F
039E:  BCF    03.6
039F:  MOVWF  34
03A0:  BSF    03.6
03A1:  MOVF   0D,W
03A2:  BCF    03.6
03A3:  MOVWF  35
03A4:  BSF    03.6
03A5:  MOVF   0F,W
03A6:  BCF    03.6
03A7:  MOVWF  36
03A8:  MOVF   34,W
03A9:  MOVWF  3E
03AA:  CALL   360
03AB:  MOVF   35,W
03AC:  BSF    03.6
03AD:  MOVWF  0D
03AE:  BCF    03.6
03AF:  MOVF   36,W
03B0:  BSF    03.6
03B1:  MOVWF  0F
03B2:  BCF    03.6
03B3:  MOVF   0B,W
03B4:  MOVWF  37
03B5:  BCF    0B.7
03B6:  BSF    03.5
03B7:  BSF    03.6
03B8:  BSF    0C.7
03B9:  BSF    0C.0
03BA:  NOP
03BB:  NOP
03BC:  BCF    03.5
03BD:  BCF    03.6
03BE:  BTFSC  37.7
03BF:  BSF    0B.7
03C0:  DECFSZ 33,F
03C1:  GOTO   3C3
03C2:  GOTO   3E2
03C3:  BSF    03.6
03C4:  RLF    0C,W
03C5:  RLF    0E,W
03C6:  ANDLW  7F
03C7:  BCF    03.6
03C8:  MOVWF  34
03C9:  BSF    03.6
03CA:  MOVF   0D,W
03CB:  BCF    03.6
03CC:  MOVWF  35
03CD:  BSF    03.6
03CE:  MOVF   0F,W
03CF:  BCF    03.6
03D0:  MOVWF  36
03D1:  MOVF   34,W
03D2:  MOVWF  3E
03D3:  CALL   360
03D4:  MOVF   35,W
03D5:  BSF    03.6
03D6:  MOVWF  0D
03D7:  BCF    03.6
03D8:  MOVF   36,W
03D9:  BSF    03.6
03DA:  MOVWF  0F
03DB:  INCF   0D,F
03DC:  BTFSC  03.2
03DD:  INCF   0F,F
03DE:  BCF    03.0
03DF:  BCF    03.6
03E0:  DECFSZ 33,F
03E1:  GOTO   38C
03E2:  RETURN
03E3:  MOVF   04,W
03E4:  MOVWF  3A
03E5:  SWAPF  34,W
03E6:  IORLW  F0
03E7:  MOVWF  36
03E8:  ADDWF  36,F
03E9:  ADDLW  E2
03EA:  MOVWF  37
03EB:  ADDLW  32
03EC:  MOVWF  39
03ED:  MOVF   34,W
03EE:  ANDLW  0F
03EF:  ADDWF  37,F
03F0:  ADDWF  37,F
03F1:  ADDWF  39,F
03F2:  ADDLW  E9
03F3:  MOVWF  38
03F4:  ADDWF  38,F
03F5:  ADDWF  38,F
03F6:  SWAPF  33,W
03F7:  ANDLW  0F
03F8:  ADDWF  38,F
03F9:  ADDWF  39,F
03FA:  RLF    38,F
03FB:  RLF    39,F
03FC:  COMF   39,F
03FD:  RLF    39,F
03FE:  MOVF   33,W
03FF:  ANDLW  0F
0400:  ADDWF  39,F
0401:  RLF    36,F
0402:  MOVLW  07
0403:  MOVWF  35
0404:  MOVLW  0A
0405:  ADDWF  39,F
0406:  DECF   38,F
0407:  BTFSS  03.0
0408:  GOTO   405
0409:  ADDWF  38,F
040A:  DECF   37,F
040B:  BTFSS  03.0
040C:  GOTO   409
040D:  ADDWF  37,F
040E:  DECF   36,F
040F:  BTFSS  03.0
0410:  GOTO   40D
0411:  ADDWF  36,F
0412:  DECF   35,F
0413:  BTFSS  03.0
0414:  GOTO   411
0415:  MOVLW  35
0416:  MOVWF  04
0417:  MOVLW  07
0418:  ANDWF  3A,W
0419:  BCF    3A.6
041A:  ADDWF  04,F
041B:  MOVLW  39
041C:  SUBWF  04,W
041D:  BTFSC  03.2
041E:  BSF    3A.6
041F:  MOVF   00,W
0420:  MOVWF  20
0421:  BTFSS  03.2
0422:  GOTO   42B
0423:  BTFSC  3A.6
0424:  GOTO   42B
0425:  BTFSC  3A.4
0426:  GOTO   437
0427:  BTFSC  3A.3
0428:  GOTO   42B
0429:  MOVLW  20
042A:  GOTO   42E
042B:  BSF    3A.3
042C:  BCF    3A.4
042D:  MOVLW  30
042E:  ADDWF  20,F
042F:  CLRF   34
0430:  MOVF   04,W
0431:  MOVWF  33
0432:  MOVF   20,W
0433:  MOVWF  3E
0434:  CALL   360
0435:  MOVF   33,W
0436:  MOVWF  04
0437:  INCF   04,F
0438:  BTFSS  3A.6
0439:  GOTO   41B
043A:  BCF    0A.3
043B:  GOTO   61B (RETURN)
043C:  BTFSC  03.1
043D:  GOTO   440
043E:  MOVLW  46
043F:  MOVWF  04
0440:  CLRF   20
0441:  CLRF   21
0442:  CLRF   22
0443:  CLRF   23
0444:  CLRF   46
0445:  CLRF   47
0446:  CLRF   48
0447:  CLRF   49
0448:  MOVF   45,W
0449:  IORWF  44,W
044A:  IORWF  43,W
044B:  IORWF  42,W
044C:  BTFSC  03.2
044D:  GOTO   47E
044E:  MOVLW  20
044F:  MOVWF  4A
0450:  BCF    03.0
0451:  RLF    3E,F
0452:  RLF    3F,F
0453:  RLF    40,F
0454:  RLF    41,F
0455:  RLF    46,F
0456:  RLF    47,F
0457:  RLF    48,F
0458:  RLF    49,F
0459:  MOVF   45,W
045A:  SUBWF  49,W
045B:  BTFSS  03.2
045C:  GOTO   467
045D:  MOVF   44,W
045E:  SUBWF  48,W
045F:  BTFSS  03.2
0460:  GOTO   467
0461:  MOVF   43,W
0462:  SUBWF  47,W
0463:  BTFSS  03.2
0464:  GOTO   467
0465:  MOVF   42,W
0466:  SUBWF  46,W
0467:  BTFSS  03.0
0468:  GOTO   478
0469:  MOVF   42,W
046A:  SUBWF  46,F
046B:  MOVF   43,W
046C:  BTFSS  03.0
046D:  INCFSZ 43,W
046E:  SUBWF  47,F
046F:  MOVF   44,W
0470:  BTFSS  03.0
0471:  INCFSZ 44,W
0472:  SUBWF  48,F
0473:  MOVF   45,W
0474:  BTFSS  03.0
0475:  INCFSZ 45,W
0476:  SUBWF  49,F
0477:  BSF    03.0
0478:  RLF    20,F
0479:  RLF    21,F
047A:  RLF    22,F
047B:  RLF    23,F
047C:  DECFSZ 4A,F
047D:  GOTO   450
047E:  MOVF   46,W
047F:  MOVWF  00
0480:  INCF   04,F
0481:  MOVF   47,W
0482:  MOVWF  00
0483:  INCF   04,F
0484:  MOVF   48,W
0485:  MOVWF  00
0486:  INCF   04,F
0487:  MOVF   49,W
0488:  MOVWF  00
0489:  RETURN
048A:  MOVF   04,W
048B:  MOVWF  38
048C:  MOVF   37,W
048D:  MOVWF  39
048E:  BTFSC  03.2
048F:  GOTO   4A9
0490:  MOVF   36,W
0491:  MOVWF  41
0492:  MOVF   35,W
0493:  MOVWF  40
0494:  MOVF   34,W
0495:  MOVWF  3F
0496:  MOVF   33,W
0497:  MOVWF  3E
0498:  CLRF   45
0499:  CLRF   44
049A:  MOVLW  20
049B:  MOVWF  43
049C:  MOVLW  82
049D:  MOVWF  42
049E:  CALL   0D0
049F:  MOVF   23,W
04A0:  MOVWF  36
04A1:  MOVF   22,W
04A2:  MOVWF  35
04A3:  MOVF   21,W
04A4:  MOVWF  34
04A5:  MOVF   20,W
04A6:  MOVWF  33
04A7:  DECFSZ 39,F
04A8:  GOTO   490
04A9:  MOVF   36,W
04AA:  MOVWF  41
04AB:  MOVF   35,W
04AC:  MOVWF  40
04AD:  MOVF   34,W
04AE:  MOVWF  3F
04AF:  MOVF   33,W
04B0:  MOVWF  3E
04B1:  MOVF   3E,W
04B2:  SUBLW  B6
04B3:  MOVWF  3E
04B4:  CLRF   23
04B5:  MOVF   3F,W
04B6:  MOVWF  42
04B7:  BSF    3F.7
04B8:  BCF    03.0
04B9:  RRF    3F,F
04BA:  RRF    40,F
04BB:  RRF    41,F
04BC:  RRF    23,F
04BD:  RRF    22,F
04BE:  RRF    21,F
04BF:  RRF    20,F
04C0:  DECFSZ 3E,F
04C1:  GOTO   4B8
04C2:  BTFSS  42.7
04C3:  GOTO   4CF
04C4:  COMF   20,F
04C5:  COMF   21,F
04C6:  COMF   22,F
04C7:  COMF   23,F
04C8:  INCF   20,F
04C9:  BTFSC  03.2
04CA:  INCF   21,F
04CB:  BTFSC  03.2
04CC:  INCF   22,F
04CD:  BTFSC  03.2
04CE:  INCF   23,F
04CF:  MOVF   23,W
04D0:  MOVWF  36
04D1:  MOVF   22,W
04D2:  MOVWF  35
04D3:  MOVF   21,W
04D4:  MOVWF  34
04D5:  MOVF   20,W
04D6:  MOVWF  33
04D7:  BTFSS  36.7
04D8:  GOTO   4E6
04D9:  DECF   38,F
04DA:  BSF    38.5
04DB:  COMF   33,F
04DC:  COMF   34,F
04DD:  COMF   35,F
04DE:  COMF   36,F
04DF:  INCF   33,F
04E0:  BTFSC  03.2
04E1:  INCF   34,F
04E2:  BTFSC  03.2
04E3:  INCF   35,F
04E4:  BTFSC  03.2
04E5:  INCF   36,F
04E6:  MOVLW  3B
04E7:  MOVWF  3D
04E8:  MOVLW  9A
04E9:  MOVWF  3C
04EA:  MOVLW  CA
04EB:  MOVWF  3B
04EC:  CLRF   3A
04ED:  MOVLW  0A
04EE:  MOVWF  39
04EF:  MOVF   37,W
04F0:  BTFSC  03.2
04F1:  INCF   38,F
04F2:  BSF    03.1
04F3:  MOVLW  33
04F4:  MOVWF  04
04F5:  MOVF   36,W
04F6:  MOVWF  41
04F7:  MOVF   35,W
04F8:  MOVWF  40
04F9:  MOVF   34,W
04FA:  MOVWF  3F
04FB:  MOVF   33,W
04FC:  MOVWF  3E
04FD:  MOVF   3D,W
04FE:  MOVWF  45
04FF:  MOVF   3C,W
0500:  MOVWF  44
0501:  MOVF   3B,W
0502:  MOVWF  43
0503:  MOVF   3A,W
0504:  MOVWF  42
0505:  CALL   43C
0506:  MOVF   21,W
0507:  MOVF   20,F
0508:  BTFSS  03.2
0509:  GOTO   51D
050A:  INCF   37,W
050B:  SUBWF  39,W
050C:  BTFSC  03.2
050D:  GOTO   51D
050E:  MOVF   38,W
050F:  BTFSC  03.2
0510:  GOTO   51F
0511:  ANDLW  0F
0512:  SUBWF  39,W
0513:  BTFSC  03.2
0514:  GOTO   517
0515:  BTFSC  03.0
0516:  GOTO   54F
0517:  BTFSC  38.7
0518:  GOTO   54F
0519:  BTFSC  38.6
051A:  GOTO   51F
051B:  MOVLW  20
051C:  GOTO   54B
051D:  MOVLW  20
051E:  ANDWF  38,F
051F:  BTFSS  38.5
0520:  GOTO   52D
0521:  BCF    38.5
0522:  MOVF   37,W
0523:  BTFSS  03.2
0524:  DECF   38,F
0525:  MOVF   20,W
0526:  MOVWF  38
0527:  MOVLW  2D
0528:  MOVWF  3E
0529:  CALL   360
052A:  MOVF   38,W
052B:  MOVWF  20
052C:  CLRF   38
052D:  MOVF   37,W
052E:  SUBWF  39,W
052F:  BTFSS  03.2
0530:  GOTO   53B
0531:  MOVF   20,W
0532:  MOVWF  38
0533:  MOVLW  2E
0534:  MOVWF  3E
0535:  CALL   360
0536:  MOVF   38,W
0537:  MOVWF  20
0538:  MOVLW  20
0539:  ANDWF  38,F
053A:  MOVLW  00
053B:  MOVLW  30
053C:  BTFSS  38.5
053D:  GOTO   54B
053E:  BCF    38.5
053F:  MOVF   37,W
0540:  BTFSS  03.2
0541:  DECF   38,F
0542:  MOVF   20,W
0543:  MOVWF  38
0544:  MOVLW  2D
0545:  MOVWF  3E
0546:  CALL   360
0547:  MOVF   38,W
0548:  MOVWF  20
0549:  CLRF   38
054A:  MOVLW  30
054B:  ADDWF  20,F
054C:  MOVF   20,W
054D:  MOVWF  3E
054E:  CALL   360
054F:  BCF    03.1
0550:  MOVF   3D,W
0551:  MOVWF  41
0552:  MOVF   3C,W
0553:  MOVWF  40
0554:  MOVF   3B,W
0555:  MOVWF  3F
0556:  MOVF   3A,W
0557:  MOVWF  3E
0558:  CLRF   45
0559:  CLRF   44
055A:  CLRF   43
055B:  MOVLW  0A
055C:  MOVWF  42
055D:  CALL   43C
055E:  MOVF   23,W
055F:  MOVWF  3D
0560:  MOVF   22,W
0561:  MOVWF  3C
0562:  MOVF   21,W
0563:  MOVWF  3B
0564:  MOVF   20,W
0565:  MOVWF  3A
0566:  DECFSZ 39,F
0567:  GOTO   4F2
0568:  BCF    0A.3
0569:  GOTO   63E (RETURN)
.................... 
.................... #list
.................... 
.................... #device ADC=16
.................... #use delay(crystal=4MHz)
*
0010:  MOVLW  3F
0011:  MOVWF  04
0012:  MOVF   00,W
0013:  BTFSC  03.2
0014:  GOTO   023
0015:  MOVLW  01
0016:  MOVWF  21
0017:  CLRF   20
0018:  DECFSZ 20,F
0019:  GOTO   018
001A:  DECFSZ 21,F
001B:  GOTO   017
001C:  MOVLW  4A
001D:  MOVWF  20
001E:  DECFSZ 20,F
001F:  GOTO   01E
0020:  GOTO   021
0021:  DECFSZ 00,F
0022:  GOTO   015
0023:  RETURN
.................... 
.................... 
.................... #include <lcd.c> // librería de la lcd
.................... ///////////////////////////////////////////////////////////////////////////////
.................... ////                             LCD.C                                     ////
.................... ////                 Driver for common LCD modules                         ////
.................... ////                                                                       ////
.................... ////  lcd_init()   Must be called before any other function.               ////
.................... ////                                                                       ////
.................... ////  lcd_putc(c)  Will display c on the next position of the LCD.         ////
.................... ////                 \a  Set cursor position to upper left                 ////
.................... ////                 \f  Clear display, set cursor to upper left           ////
.................... ////                 \n  Go to start of second line                        ////
.................... ////                 \b  Move back one position                            ////
.................... ////              If LCD_EXTENDED_NEWLINE is defined, the \n character     ////
.................... ////              will erase all remanining characters on the current      ////
.................... ////              line, and move the cursor to the beginning of the next   ////
.................... ////              line.                                                    ////
.................... ////              If LCD_EXTENDED_NEWLINE is defined, the \r character     ////
.................... ////              will move the cursor to the start of the current         ////
.................... ////              line.                                                    ////
.................... ////                                                                       ////
.................... ////  lcd_gotoxy(x,y) Set write position on LCD (upper left is 1,1)        ////
.................... ////                                                                       ////
.................... ////  lcd_getc(x,y)   Returns character at position x,y on LCD             ////
.................... ////                                                                       ////
.................... ////  lcd_cursor_on(int1 on)   Turn the cursor on (on=TRUE) or off         ////
.................... ////              (on=FALSE).                                              ////
.................... ////                                                                       ////
.................... ////  lcd_set_cgram_char(w, *p)   Write a custom character to the CGRAM.   ////
.................... ////                                                                       ////
.................... ////                                                                       ////
.................... ////  CONFIGURATION                                                        ////
.................... ////  The LCD can be configured in one of two ways: a.) port access or     ////
.................... ////  b.) pin access.  Port access requires the entire 7 bit interface     ////
.................... ////  connected to one GPIO port, and the data bits (D4:D7 of the LCD)     ////
.................... ////  connected to sequential pins on the GPIO.  Pin access                ////
.................... ////  has no requirements, all 7 bits of the control interface can         ////
.................... ////  can be connected to any GPIO using several ports.                    ////
.................... ////                                                                       ////
.................... ////  To use port access, #define LCD_DATA_PORT to the SFR location of     ////
.................... ////  of the GPIO port that holds the interface, -AND- edit LCD_PIN_MAP    ////
.................... ////  of this file to configure the pin order.  If you are using a         ////
.................... ////  baseline PIC (PCB), then LCD_OUTPUT_MAP and LCD_INPUT_MAP also must  ////
.................... ////  be defined.                                                          ////
.................... ////                                                                       ////
.................... ////  Example of port access:                                              ////
.................... ////     #define LCD_DATA_PORT getenv("SFR:PORTD")                         ////
.................... ////                                                                       ////
.................... ////  To use pin access, the following pins must be defined:               ////
.................... ////     LCD_ENABLE_PIN                                                    ////
.................... ////     LCD_RS_PIN                                                        ////
.................... ////     LCD_RW_PIN                                                        ////
.................... ////     LCD_DATA4                                                         ////
.................... ////     LCD_DATA5                                                         ////
.................... ////     LCD_DATA6                                                         ////
.................... ////     LCD_DATA7                                                         ////
.................... ////                                                                       ////
.................... ////  Example of pin access:                                               ////
.................... ////     #define LCD_ENABLE_PIN  PIN_E0                                    ////
.................... ////     #define LCD_RS_PIN      PIN_E1                                    ////
.................... ////     #define LCD_RW_PIN      PIN_E2                                    ////
.................... ////     #define LCD_DATA4       PIN_D4                                    ////
.................... ////     #define LCD_DATA5       PIN_D5                                    ////
.................... ////     #define LCD_DATA6       PIN_D6                                    ////
.................... ////     #define LCD_DATA7       PIN_D7                                    ////
.................... ////                                                                       ////
.................... ///////////////////////////////////////////////////////////////////////////////
.................... ////        (C) Copyright 1996,2010 Custom Computer Services           ////
.................... //// This source code may only be used by licensed users of the CCS C  ////
.................... //// compiler.  This source code may only be distributed to other      ////
.................... //// licensed users of the CCS C compiler.  No other use, reproduction ////
.................... //// or distribution is permitted without written permission.          ////
.................... //// Derivative programs created using this software in object code    ////
.................... //// form are not restricted in any way.                               ////
.................... ///////////////////////////////////////////////////////////////////////////
.................... 
.................... #ifndef __LCD_C__
.................... #define __LCD_C__
.................... 
.................... // define the pinout.
.................... // only required if port access is being used.
.................... typedef struct  
.................... {                            // This structure is overlayed
....................    int1 enable;           // on to an I/O port to gain
....................    int1 rs;               // access to the LCD pins.
....................    int1 rw;               // The bits are allocated from
....................    int1 unused;           // low order up.  ENABLE will
....................    unsigned int     data : 4;         // be LSB pin of that port.
....................   #if defined(__PCD__)       // The port used will be LCD_DATA_PORT.
....................    unsigned int    reserved: 8;
....................   #endif
.................... } LCD_PIN_MAP;
.................... 
.................... // this is to improve compatability with previous LCD drivers that accepted
.................... // a define labeled 'use_portb_lcd' that configured the LCD onto port B.
.................... #if ((defined(use_portb_lcd)) && (use_portb_lcd==TRUE))
....................  #define LCD_DATA_PORT getenv("SFR:PORTB")
.................... #endif
.................... 
.................... #if defined(__PCB__)
....................    // these definitions only need to be modified for baseline PICs.
....................    // all other PICs use LCD_PIN_MAP or individual LCD_xxx pin definitions.
.................... /*                                    EN, RS,   RW,   UNUSED,  DATA  */
....................  const LCD_PIN_MAP LCD_OUTPUT_MAP =  {0,  0,    0,    0,       0};
....................  const LCD_PIN_MAP LCD_INPUT_MAP =   {0,  0,    0,    0,       0xF};
.................... #endif
.................... 
.................... ////////////////////// END CONFIGURATION ///////////////////////////////////
.................... 
.................... #ifndef LCD_ENABLE_PIN
....................    #define lcd_output_enable(x) lcdlat.enable=x
....................    #define lcd_enable_tris()   lcdtris.enable=0
.................... #else
....................    #define lcd_output_enable(x) output_bit(LCD_ENABLE_PIN, x)
....................    #define lcd_enable_tris()  output_drive(LCD_ENABLE_PIN)
.................... #endif
.................... 
.................... #ifndef LCD_RS_PIN
....................    #define lcd_output_rs(x) lcdlat.rs=x
....................    #define lcd_rs_tris()   lcdtris.rs=0
.................... #else
....................    #define lcd_output_rs(x) output_bit(LCD_RS_PIN, x)
....................    #define lcd_rs_tris()  output_drive(LCD_RS_PIN)
.................... #endif
.................... 
.................... #ifndef LCD_RW_PIN
....................    #define lcd_output_rw(x) lcdlat.rw=x
....................    #define lcd_rw_tris()   lcdtris.rw=0
.................... #else
....................    #define lcd_output_rw(x) output_bit(LCD_RW_PIN, x)
....................    #define lcd_rw_tris()  output_drive(LCD_RW_PIN)
.................... #endif
.................... 
.................... // original version of this library incorrectly labeled LCD_DATA0 as LCD_DATA4,
.................... // LCD_DATA1 as LCD_DATA5, and so on.  this block of code makes the driver
.................... // compatible with any code written for the original library
.................... #if (defined(LCD_DATA0) && defined(LCD_DATA1) && defined(LCD_DATA2) && defined(LCD_DATA3) && !defined(LCD_DATA4) && !defined(LCD_DATA5) && !defined(LCD_DATA6) && !defined(LCD_DATA7))
....................    #define  LCD_DATA4    LCD_DATA0
....................    #define  LCD_DATA5    LCD_DATA1
....................    #define  LCD_DATA6    LCD_DATA2
....................    #define  LCD_DATA7    LCD_DATA3
.................... #endif
.................... 
.................... #ifndef LCD_DATA4
.................... #ifndef LCD_DATA_PORT
....................    #if defined(__PCB__)
....................       #define LCD_DATA_PORT      0x06     //portb
....................       #define set_tris_lcd(x)   set_tris_b(x)
....................    #else
....................      #if defined(PIN_D0)
....................       #define LCD_DATA_PORT      getenv("SFR:PORTD")     //portd
....................      #else
....................       #define LCD_DATA_PORT      getenv("SFR:PORTB")     //portb
....................      #endif
....................    #endif   
.................... #endif
.................... 
.................... #if defined(__PCB__)
....................    LCD_PIN_MAP lcd, lcdlat;
....................    #byte lcd = LCD_DATA_PORT
....................    #byte lcdlat = LCD_DATA_PORT
.................... #elif defined(__PCM__)
....................    LCD_PIN_MAP lcd, lcdlat, lcdtris;
....................    #byte lcd = LCD_DATA_PORT
....................    #byte lcdlat = LCD_DATA_PORT
....................    #byte lcdtris = LCD_DATA_PORT+0x80
.................... #elif defined(__PCH__)
....................    LCD_PIN_MAP lcd, lcdlat, lcdtris;
....................    #byte lcd = LCD_DATA_PORT
....................    #byte lcdlat = LCD_DATA_PORT+9
....................    #byte lcdtris = LCD_DATA_PORT+0x12
.................... #elif defined(__PCD__)
....................    LCD_PIN_MAP lcd, lcdlat, lcdtris;
....................    #word lcd = LCD_DATA_PORT
....................    #word lcdlat = LCD_DATA_PORT+2
....................    #word lcdtris = LCD_DATA_PORT-0x02
.................... #endif
.................... #endif   //LCD_DATA4 not defined
.................... 
.................... #ifndef LCD_TYPE
....................    #define LCD_TYPE 2           // 0=5x7, 1=5x10, 2=2 lines
.................... #endif
.................... 
.................... #ifndef LCD_LINE_TWO
....................    #define LCD_LINE_TWO 0x40    // LCD RAM address for the second line
.................... #endif
.................... 
.................... #ifndef LCD_LINE_LENGTH
....................    #define LCD_LINE_LENGTH 20
.................... #endif
.................... 
.................... unsigned int8 lcd_read_nibble(void);
.................... 
.................... unsigned int8 lcd_read_byte(void)
.................... {
....................    unsigned int8 low,high;
.................... 
....................  #if defined(__PCB__)
....................    set_tris_lcd(LCD_INPUT_MAP);
....................  #else
....................   #if (defined(LCD_DATA4) && defined(LCD_DATA5) && defined(LCD_DATA6) && defined(LCD_DATA7))
....................    output_float(LCD_DATA4);
....................    output_float(LCD_DATA5);
....................    output_float(LCD_DATA6);
....................    output_float(LCD_DATA7);
....................   #else
....................    lcdtris.data = 0xF;
*
003C:  MOVLW  0F
003D:  BSF    03.5
003E:  ANDWF  06,W
003F:  IORLW  F0
0040:  MOVWF  06
....................   #endif
....................  #endif
....................         
....................    lcd_output_rw(1);
0041:  BCF    03.5
0042:  BSF    06.2
....................    delay_cycles(1);
0043:  NOP
....................    lcd_output_enable(1);
0044:  BSF    06.0
....................    delay_cycles(1);
0045:  NOP
....................    high = lcd_read_nibble();
0046:  CALL   030
0047:  MOVF   21,W
0048:  MOVWF  46
....................       
....................    lcd_output_enable(0);
0049:  BCF    06.0
....................    delay_cycles(1);
004A:  NOP
....................    lcd_output_enable(1);
004B:  BSF    06.0
....................    delay_us(1);
004C:  NOP
....................    low = lcd_read_nibble();
004D:  CALL   030
004E:  MOVF   21,W
004F:  MOVWF  45
....................       
....................    lcd_output_enable(0);
0050:  BCF    06.0
.................... 
....................  #if defined(__PCB__)
....................    set_tris_lcd(LCD_OUTPUT_MAP);
....................  #else
....................   #if (defined(LCD_DATA4) && defined(LCD_DATA5) && defined(LCD_DATA6) && defined(LCD_DATA7))
....................    output_drive(LCD_DATA4);
....................    output_drive(LCD_DATA5);
....................    output_drive(LCD_DATA6);
....................    output_drive(LCD_DATA7);
....................   #else
....................    lcdtris.data = 0x0;
0051:  MOVLW  0F
0052:  BSF    03.5
0053:  ANDWF  06,W
0054:  MOVWF  06
....................   #endif
....................  #endif
.................... 
....................    return( (high<<4) | low);
0055:  BCF    03.5
0056:  SWAPF  46,W
0057:  MOVWF  20
0058:  MOVLW  F0
0059:  ANDWF  20,F
005A:  MOVF   20,W
005B:  IORWF  45,W
005C:  MOVWF  21
.................... }
.................... 
.................... unsigned int8 lcd_read_nibble(void)
.................... {
....................   #if (defined(LCD_DATA4) && defined(LCD_DATA5) && defined(LCD_DATA6) && defined(LCD_DATA7))
....................    unsigned int8 n = 0x00;
.................... 
....................    /* Read the data port */
....................    n |= input(LCD_DATA4);
....................    n |= input(LCD_DATA5) << 1;
....................    n |= input(LCD_DATA6) << 2;
....................    n |= input(LCD_DATA7) << 3;
....................    
....................    return(n);
....................   #else
....................    return(lcd.data);
*
0030:  MOVF   06,W
0031:  MOVWF  20
0032:  SWAPF  06,W
0033:  ANDLW  0F
0034:  MOVWF  21
....................   #endif
0035:  RETURN
.................... }
.................... 
.................... void lcd_send_nibble(unsigned int8 n)
.................... {
....................   #if (defined(LCD_DATA4) && defined(LCD_DATA5) && defined(LCD_DATA6) && defined(LCD_DATA7))
....................    /* Write to the data port */
....................    output_bit(LCD_DATA4, bit_test(n, 0));
....................    output_bit(LCD_DATA5, bit_test(n, 1));
....................    output_bit(LCD_DATA6, bit_test(n, 2));
....................    output_bit(LCD_DATA7, bit_test(n, 3));
....................   #else      
....................    lcdlat.data = n;
*
0024:  SWAPF  46,W
0025:  ANDLW  F0
0026:  MOVWF  20
0027:  MOVLW  0F
0028:  ANDWF  06,W
0029:  IORWF  20,W
002A:  MOVWF  06
....................   #endif
....................       
....................    delay_cycles(1);
002B:  NOP
....................    lcd_output_enable(1);
002C:  BSF    06.0
....................    delay_us(2);
002D:  GOTO   02E
....................    lcd_output_enable(0);
002E:  BCF    06.0
002F:  RETURN
.................... }
.................... 
.................... void lcd_send_byte(unsigned int8 address, unsigned int8 n)
.................... {
....................   #if defined(__PCB__)
....................    set_tris_lcd(LCD_OUTPUT_MAP);
....................   #else
....................    lcd_enable_tris();
*
0036:  BSF    03.5
0037:  BCF    06.0
....................    lcd_rs_tris();
0038:  BCF    06.1
....................    lcd_rw_tris();
0039:  BCF    06.2
....................   #endif
.................... 
....................    lcd_output_rs(0);
003A:  BCF    03.5
003B:  BCF    06.1
....................    while ( bit_test(lcd_read_byte(),7) ) ;
*
005D:  MOVF   21,W
005E:  MOVWF  45
005F:  BTFSC  45.7
0060:  GOTO   03C
....................    lcd_output_rs(address);
0061:  BTFSS  43.0
0062:  BCF    06.1
0063:  BTFSC  43.0
0064:  BSF    06.1
....................    delay_cycles(1);
0065:  NOP
....................    lcd_output_rw(0);
0066:  BCF    06.2
....................    delay_cycles(1);
0067:  NOP
....................    lcd_output_enable(0);
0068:  BCF    06.0
....................    lcd_send_nibble(n >> 4);
0069:  SWAPF  44,W
006A:  MOVWF  45
006B:  MOVLW  0F
006C:  ANDWF  45,F
006D:  MOVF   45,W
006E:  MOVWF  46
006F:  CALL   024
....................    lcd_send_nibble(n & 0xf);
0070:  MOVF   44,W
0071:  ANDLW  0F
0072:  MOVWF  45
0073:  MOVWF  46
0074:  CALL   024
0075:  RETURN
.................... }
.................... 
.................... #if defined(LCD_EXTENDED_NEWLINE)
.................... unsigned int8 g_LcdX, g_LcdY;
.................... #endif
.................... 
.................... void lcd_init(void) 
.................... {
....................    unsigned int8 i;
....................    unsigned int8 LCD_INIT_STRING[4] = {0x20 | (LCD_TYPE << 2), 0xc, 1, 6};
0076:  MOVLW  28
0077:  MOVWF  34
0078:  MOVLW  0C
0079:  MOVWF  35
007A:  MOVLW  01
007B:  MOVWF  36
007C:  MOVLW  06
007D:  MOVWF  37
....................                              // These bytes need to be sent to the LCD
....................                              // to start it up.
....................    
.................... 
....................    lcd_output_enable(0);
007E:  BCF    06.0
....................    lcd_output_rs(0);
007F:  BCF    06.1
....................    lcd_output_rw(0);
0080:  BCF    06.2
.................... 
....................  #if defined(__PCB__)
....................    set_tris_lcd(LCD_OUTPUT_MAP);
....................  #else
....................   #if (defined(LCD_DATA4) && defined(LCD_DATA5) && defined(LCD_DATA6) && defined(LCD_DATA7))
....................    output_drive(LCD_DATA4);
....................    output_drive(LCD_DATA5);
....................    output_drive(LCD_DATA6);
....................    output_drive(LCD_DATA7);
....................   #else
....................    lcdtris.data = 0x0;
0081:  MOVLW  0F
0082:  BSF    03.5
0083:  ANDWF  06,W
0084:  MOVWF  06
....................   #endif
....................    lcd_enable_tris();
0085:  BCF    06.0
....................    lcd_rs_tris();
0086:  BCF    06.1
....................    lcd_rw_tris();
0087:  BCF    06.2
....................  #endif
....................     
....................    delay_ms(15);
0088:  MOVLW  0F
0089:  BCF    03.5
008A:  MOVWF  3F
008B:  CALL   010
....................    for(i=1;i<=3;++i)
008C:  MOVLW  01
008D:  MOVWF  33
008E:  MOVF   33,W
008F:  SUBLW  03
0090:  BTFSS  03.0
0091:  GOTO   09A
....................    {
....................        lcd_send_nibble(3);
0092:  MOVLW  03
0093:  MOVWF  46
0094:  CALL   024
....................        delay_ms(5);
0095:  MOVLW  05
0096:  MOVWF  3F
0097:  CALL   010
0098:  INCF   33,F
0099:  GOTO   08E
....................    }
....................    
....................    lcd_send_nibble(2);
009A:  MOVLW  02
009B:  MOVWF  46
009C:  CALL   024
....................    delay_ms(5);
009D:  MOVLW  05
009E:  MOVWF  3F
009F:  CALL   010
....................    for(i=0;i<=3;++i)
00A0:  CLRF   33
00A1:  MOVF   33,W
00A2:  SUBLW  03
00A3:  BTFSS  03.0
00A4:  GOTO   0B0
....................       lcd_send_byte(0,LCD_INIT_STRING[i]);
00A5:  MOVLW  34
00A6:  ADDWF  33,W
00A7:  MOVWF  04
00A8:  MOVF   00,W
00A9:  MOVWF  38
00AA:  CLRF   43
00AB:  MOVF   38,W
00AC:  MOVWF  44
00AD:  CALL   036
.................... 
....................   #if defined(LCD_EXTENDED_NEWLINE)
00AE:  INCF   33,F
00AF:  GOTO   0A1
00B0:  BCF    0A.3
00B1:  GOTO   576 (RETURN)
....................    g_LcdX = 0;
....................    g_LcdY = 0;
....................   #endif
.................... }
.................... 
.................... void lcd_gotoxy(unsigned int8 x, unsigned int8 y)
.................... {
....................    unsigned int8 address;
....................    
....................    if(y!=1)
*
034E:  DECFSZ 40,W
034F:  GOTO   351
0350:  GOTO   354
....................       address=LCD_LINE_TWO;
0351:  MOVLW  40
0352:  MOVWF  41
0353:  GOTO   355
....................    else
....................       address=0;
0354:  CLRF   41
....................      
....................    address+=x-1;
0355:  MOVLW  01
0356:  SUBWF  3F,W
0357:  ADDWF  41,F
....................    lcd_send_byte(0,0x80|address);
0358:  MOVF   41,W
0359:  IORLW  80
035A:  MOVWF  42
035B:  CLRF   43
035C:  MOVF   42,W
035D:  MOVWF  44
035E:  CALL   036
.................... 
....................   #if defined(LCD_EXTENDED_NEWLINE)
035F:  RETURN
....................    g_LcdX = x - 1;
....................    g_LcdY = y - 1;
....................   #endif
.................... }
.................... 
.................... void lcd_putc(char c)
.................... {
....................    switch (c)
0360:  MOVF   3E,W
0361:  XORLW  07
0362:  BTFSC  03.2
0363:  GOTO   36E
0364:  XORLW  0B
0365:  BTFSC  03.2
0366:  GOTO   373
0367:  XORLW  06
0368:  BTFSC  03.2
0369:  GOTO   37B
036A:  XORLW  02
036B:  BTFSC  03.2
036C:  GOTO   381
036D:  GOTO   386
....................    {
....................       case '\a'   :  lcd_gotoxy(1,1);     break;
036E:  MOVLW  01
036F:  MOVWF  3F
0370:  MOVWF  40
0371:  CALL   34E
0372:  GOTO   38B
.................... 
....................       case '\f'   :  lcd_send_byte(0,1);
0373:  CLRF   43
0374:  MOVLW  01
0375:  MOVWF  44
0376:  CALL   036
....................                      delay_ms(2);
0377:  MOVLW  02
0378:  MOVWF  3F
0379:  CALL   010
....................                     #if defined(LCD_EXTENDED_NEWLINE)
....................                      g_LcdX = 0;
....................                      g_LcdY = 0;
....................                     #endif
....................                      break;
037A:  GOTO   38B
.................... 
....................      #if defined(LCD_EXTENDED_NEWLINE)
....................       case '\r'   :  lcd_gotoxy(1, g_LcdY+1);   break;
....................       case '\n'   :
....................          while (g_LcdX++ < LCD_LINE_LENGTH)
....................          {
....................             lcd_send_byte(1, ' ');
....................          }
....................          lcd_gotoxy(1, g_LcdY+2);
....................          break;
....................      #else
....................       case '\n'   : lcd_gotoxy(1,2);        break;
037B:  MOVLW  01
037C:  MOVWF  3F
037D:  MOVLW  02
037E:  MOVWF  40
037F:  CALL   34E
0380:  GOTO   38B
....................      #endif
....................      
....................       case '\b'   : lcd_send_byte(0,0x10);  break;
0381:  CLRF   43
0382:  MOVLW  10
0383:  MOVWF  44
0384:  CALL   036
0385:  GOTO   38B
....................      
....................      #if defined(LCD_EXTENDED_NEWLINE)
....................       default     : 
....................          if (g_LcdX < LCD_LINE_LENGTH)
....................          {
....................             lcd_send_byte(1, c);
....................             g_LcdX++;
....................          }
....................          break;
....................      #else
....................       default     : lcd_send_byte(1,c);     break;
0386:  MOVLW  01
0387:  MOVWF  43
0388:  MOVF   3E,W
0389:  MOVWF  44
038A:  CALL   036
....................      #endif
....................    }
038B:  RETURN
.................... }
....................  
.................... char lcd_getc(unsigned int8 x, unsigned int8 y)
.................... {
....................    char value;
.................... 
....................    lcd_gotoxy(x,y);
....................    while ( bit_test(lcd_read_byte(),7) ); // wait until busy flag is low
....................    lcd_output_rs(1);
....................    value = lcd_read_byte();
....................    lcd_output_rs(0);
....................    
....................    return(value);
.................... }
.................... 
.................... // write a custom character to the ram
.................... // which is 0-7 and specifies which character array we are modifying.
.................... // ptr points to an array of 8 bytes, where each byte is the next row of
.................... //    pixels.  only bits 0-4 are used.  the last row is the cursor row, and
.................... //    usually you will want to leave this byte 0x00.
.................... void lcd_set_cgram_char(unsigned int8 which, unsigned int8 *ptr)
.................... {
....................    unsigned int i;
.................... 
....................    which <<= 3;
....................    which &= 0x38;
.................... 
....................    lcd_send_byte(0, 0x40 | which);  //set cgram address
.................... 
....................    for(i=0; i<8; i++)
....................    {
....................       lcd_send_byte(1, *ptr++);
....................    }
....................   
....................    #if defined(LCD_EXTENDED_NEWLINE)
....................     lcd_gotoxy(g_LcdX+1, g_LcdY+1);  //set ddram address
....................    #endif
.................... }
.................... 
.................... void lcd_cursor_on(int1 on)
.................... {
....................    if (on)
....................    {
....................       lcd_send_byte(0,0x0F);           //turn LCD cursor ON
....................    }
....................    else
....................    {
....................       lcd_send_byte(0,0x0C);           //turn LCD cursor OFF
....................    }
.................... }
.................... 
.................... #endif
.................... 
.................... 
.................... 
.................... void main()
*
056A:  MOVF   03,W
056B:  ANDLW  1F
056C:  MOVWF  03
056D:  BSF    03.5
056E:  BSF    1F.0
056F:  BSF    1F.1
0570:  BSF    1F.2
0571:  BCF    1F.3
0572:  MOVLW  07
0573:  MOVWF  1C
.................... {
....................    lcd_init();
0574:  BCF    03.5
0575:  GOTO   076
....................    setup_adc_ports(AN0);//puerto analógico A0
0576:  BSF    03.5
0577:  BCF    1F.0
0578:  BSF    1F.1
0579:  BSF    1F.2
057A:  BSF    1F.3
....................    setup_adc(ADC_CLOCK_INTERNAL);//reloj interno
057B:  BCF    1F.6
057C:  BCF    03.5
057D:  BSF    1F.6
057E:  BSF    1F.7
057F:  BSF    03.5
0580:  BCF    1F.7
0581:  BCF    03.5
0582:  BSF    1F.0
....................    int16 lectura_ADC;
....................    float valor_voltaje;
....................    float valor_corriente;
....................    float sensibilidad=0.185;
0583:  MOVLW  A4
0584:  MOVWF  32
0585:  MOVLW  70
0586:  MOVWF  31
0587:  MOVLW  3D
0588:  MOVWF  30
0589:  MOVLW  7C
058A:  MOVWF  2F
....................    while(TRUE)
....................    {
....................       set_adc_channel(0);
058B:  MOVLW  00
058C:  MOVWF  21
058D:  MOVF   1F,W
058E:  ANDLW  C7
058F:  IORWF  21,W
0590:  MOVWF  1F
....................       delay_us(20);//Ta
0591:  MOVLW  06
0592:  MOVWF  20
0593:  DECFSZ 20,F
0594:  GOTO   593
0595:  NOP
....................       lectura_ADC = read_adc();
0596:  BSF    1F.2
0597:  BTFSC  1F.2
0598:  GOTO   597
0599:  BSF    03.5
059A:  MOVF   1E,W
059B:  BCF    03.5
059C:  MOVWF  21
059D:  MOVF   1E,W
059E:  MOVWF  26
059F:  MOVF   21,W
05A0:  MOVWF  25
....................       valor_voltaje = (5.0*lectura_ADC/65535);
05A1:  MOVF   26,W
05A2:  MOVWF  34
05A3:  MOVF   25,W
05A4:  MOVWF  33
05A5:  GOTO   0B2
05A6:  CLRF   41
05A7:  CLRF   40
05A8:  MOVLW  20
05A9:  MOVWF  3F
05AA:  MOVLW  81
05AB:  MOVWF  3E
05AC:  MOVF   23,W
05AD:  MOVWF  45
05AE:  MOVF   22,W
05AF:  MOVWF  44
05B0:  MOVF   21,W
05B1:  MOVWF  43
05B2:  MOVF   20,W
05B3:  MOVWF  42
05B4:  CALL   0D0
05B5:  MOVF   23,W
05B6:  MOVWF  36
05B7:  MOVF   22,W
05B8:  MOVWF  35
05B9:  MOVF   21,W
05BA:  MOVWF  34
05BB:  MOVF   20,W
05BC:  MOVWF  33
05BD:  MOVF   23,W
05BE:  MOVWF  3A
05BF:  MOVF   22,W
05C0:  MOVWF  39
05C1:  MOVF   21,W
05C2:  MOVWF  38
05C3:  MOVF   20,W
05C4:  MOVWF  37
05C5:  CLRF   3E
05C6:  MOVLW  FF
05C7:  MOVWF  3D
05C8:  MOVLW  7F
05C9:  MOVWF  3C
05CA:  MOVLW  8E
05CB:  MOVWF  3B
05CC:  CALL   145
05CD:  MOVF   23,W
05CE:  MOVWF  2A
05CF:  MOVF   22,W
05D0:  MOVWF  29
05D1:  MOVF   21,W
05D2:  MOVWF  28
05D3:  MOVF   20,W
05D4:  MOVWF  27
....................       valor_corriente = (valor_voltaje - 2.5)/sensibilidad;
05D5:  BSF    03.1
05D6:  MOVF   2A,W
05D7:  MOVWF  36
05D8:  MOVF   29,W
05D9:  MOVWF  35
05DA:  MOVF   28,W
05DB:  MOVWF  34
05DC:  MOVF   27,W
05DD:  MOVWF  33
05DE:  CLRF   3A
05DF:  CLRF   39
05E0:  MOVLW  20
05E1:  MOVWF  38
05E2:  MOVLW  80
05E3:  MOVWF  37
05E4:  GOTO   20F
05E5:  MOVF   23,W
05E6:  MOVWF  36
05E7:  MOVF   22,W
05E8:  MOVWF  35
05E9:  MOVF   21,W
05EA:  MOVWF  34
05EB:  MOVF   20,W
05EC:  MOVWF  33
05ED:  MOVF   23,W
05EE:  MOVWF  3A
05EF:  MOVF   22,W
05F0:  MOVWF  39
05F1:  MOVF   21,W
05F2:  MOVWF  38
05F3:  MOVF   20,W
05F4:  MOVWF  37
05F5:  MOVF   32,W
05F6:  MOVWF  3E
05F7:  MOVF   31,W
05F8:  MOVWF  3D
05F9:  MOVF   30,W
05FA:  MOVWF  3C
05FB:  MOVF   2F,W
05FC:  MOVWF  3B
05FD:  CALL   145
05FE:  MOVF   23,W
05FF:  MOVWF  2E
0600:  MOVF   22,W
0601:  MOVWF  2D
0602:  MOVF   21,W
0603:  MOVWF  2C
0604:  MOVF   20,W
0605:  MOVWF  2B
....................       
....................       lcd_gotoxy(1,1); //
0606:  MOVLW  01
0607:  MOVWF  3F
0608:  MOVWF  40
0609:  CALL   34E
....................       printf(lcd_putc,"ADC = %Lu",lectura_ADC);
060A:  MOVLW  04
060B:  BSF    03.6
060C:  MOVWF  0D
060D:  MOVLW  00
060E:  MOVWF  0F
060F:  BCF    03.0
0610:  MOVLW  06
0611:  BCF    03.6
0612:  MOVWF  33
0613:  CALL   38C
0614:  MOVLW  10
0615:  MOVWF  04
0616:  MOVF   26,W
0617:  MOVWF  34
0618:  MOVF   25,W
0619:  MOVWF  33
061A:  GOTO   3E3
....................       delay_ms(300);
061B:  MOVLW  02
061C:  MOVWF  33
061D:  MOVLW  96
061E:  MOVWF  3F
061F:  CALL   010
0620:  DECFSZ 33,F
0621:  GOTO   61D
....................       
....................       lcd_gotoxy(1,2); //
0622:  MOVLW  01
0623:  MOVWF  3F
0624:  MOVLW  02
0625:  MOVWF  40
0626:  CALL   34E
....................       printf(lcd_putc,"I = %01.2f A",valor_corriente);
0627:  MOVLW  09
0628:  BSF    03.6
0629:  MOVWF  0D
062A:  MOVLW  00
062B:  MOVWF  0F
062C:  BCF    03.0
062D:  MOVLW  04
062E:  BCF    03.6
062F:  MOVWF  33
0630:  CALL   38C
0631:  MOVLW  C9
0632:  MOVWF  04
0633:  MOVF   2E,W
0634:  MOVWF  36
0635:  MOVF   2D,W
0636:  MOVWF  35
0637:  MOVF   2C,W
0638:  MOVWF  34
0639:  MOVF   2B,W
063A:  MOVWF  33
063B:  MOVLW  02
063C:  MOVWF  37
063D:  GOTO   48A
063E:  MOVLW  20
063F:  MOVWF  3E
0640:  CALL   360
0641:  MOVLW  41
0642:  MOVWF  3E
0643:  CALL   360
....................       delay_ms(300);
0644:  MOVLW  02
0645:  MOVWF  33
0646:  MOVLW  96
0647:  MOVWF  3F
0648:  CALL   010
0649:  DECFSZ 33,F
064A:  GOTO   646
064B:  GOTO   58B
....................       
....................    }
.................... 
.................... }
064C:  SLEEP

Configuration Fuses:
   Word  1: 3F71   XT NOWDT PUT BROWNOUT NOLVP NOCPD NOWRT NODEBUG NOPROTECT
