
ROM used:   134/4096 (3%)
            134/4096 (3%) including unused fragments

            0.2 Average locations per line
            6.7 Average locations per statement

RAM used:   19/191 (10%) at main() level
            20/191 (10%) worst case

Stack used: 0 worst case (0 in main + 0 for interrupts)
Stack size: 8

Lines Stmts  %   Files
----- ----- ---  -----
   34    20 100  Practica16.c
    5     0   0  Practica16.h
  611     0   0  ..\..\..\..\..\..\..\Program Files (x86)\PICC\Devices\16F873.h
----- -----
  650    20 Total

Page ROM  %  RAM    Vol Diff  Functions:
---- --- --- ---    --- ----  ----------
0     21  16    1             @delay_ms1
0    109  81   13    743  6.5  main
 Inline         0    743  6.5  @cinit1

Program metrics:
    Functions               2
    Statements              20
    Comments                108
    Volume (V)              1732
    Difficulty (D)          12.9
    Effort to implement (E) 22312
    Time to implement (T)   21 minutes
    Est Delivered Bugs (B)  0
    Cyclomatic Complexity   6
    Maintainability (MI)    52

 Segment     Used  Free
-----------  ----  ----
00000-00003     4  0  
00004-007FF   130  1914  
00800-00FFF     0  2048  



