
ROM used:   205/512 (40%)
            205/512 (40%) including unused fragments

            0.1 Average locations per line
            0.4 Average locations per statement

RAM used:   17/36 (47%) at main() level
            29/36 (81%) worst case

Stack used: 0 worst case (0 in main + 0 for interrupts)
Stack size: 8

Lines Stmts  %   Files
----- ----- ---  -----
   26    13   3  Practica17a.c
    4     0   0  Practica17a.h
  420     0   0  ..\..\..\..\..\..\..\Program Files (x86)\PICC\Devices\16F83.h
 1352   359  72  ..\..\..\..\..\..\..\Program Files (x86)\PICC\Drivers\stdlib.h
   32     0   0  ..\..\..\..\..\..\..\Program Files (x86)\PICC\Drivers\stddef.h
  435   129  26  ..\..\..\..\..\..\..\Program Files (x86)\PICC\Drivers\string.h
   28     0   0  ..\..\..\..\..\..\..\Program Files (x86)\PICC\Drivers\ctype.h
----- -----
 2297   501 Total

Page ROM  %  RAM    Vol Diff  Functions:
---- --- --- ---    --- ----  ----------
 Inline        13   1075 11.2  @MUL3232
0    136  66    4    101  3.8  rand
 Inline         5    101  3.8  @DIV1616
0      9   4    4     39  2.1  srand
0     56  27    8    359  3.9  MAIN
 Inline         0    359  3.9  @cinit1

Program metrics:
    Functions               6
    Statements              501
    Comments                843
    Volume (V)              2792
    Difficulty (D)          29.6
    Effort to implement (E) 82745
    Time to implement (T)   1 hours, 17 minutes
    Est Delivered Bugs (B)  1
    Cyclomatic Complexity   6
    Maintainability (MI)    44

 Segment     Used  Free
-----------  ----  ----
00000-00003     4  0  
00004-001FF   201  307  



