
ROM used:   102/1024 (10%)
            102/1024 (10%) including unused fragments

            0.2 Average locations per line
            6.0 Average locations per statement

RAM used:   5/68 (7%) at main() level
            6/68 (9%) worst case

Stack used: 1 worst case (1 in main + 0 for interrupts)
Stack size: 8

Lines Stmts  %   Files
----- ----- ---  -----
   30    17 100  practica30.c
    4     0   0  practica30.h
  420     0   0  ..\..\..\..\..\..\..\Program Files (x86)\PICC\Devices\16F84A.h
----- -----
  454    17 Total

Page ROM  %  RAM    Vol Diff  Functions:
---- --- --- ---    --- ----  ----------
0     20  20    1             @delay_ms1
0     78  76    1    344  1.9  main
 Inline         0    179  2.2  @cinit1

Program metrics:
    Functions               2
    Statements              17
    Comments                71
    Volume (V)              625
    Difficulty (D)          4.1
    Effort to implement (E) 2548
    Time to implement (T)   2 minutes
    Est Delivered Bugs (B)  0
    Cyclomatic Complexity   1
    Maintainability (MI)    116

 Segment     Used  Free
-----------  ----  ----
00000-00003     4  0  
00004-003FF    98  922  



