
ROM used:   823/8192 (10%)
            823/8192 (10%) including unused fragments

            0.3 Average locations per line
            1.3 Average locations per statement

RAM used:   28/368 (8%) at main() level
            41/368 (11%) worst case

Stack used: 0 worst case (0 in main + 0 for interrupts)
Stack size: 8

Lines Stmts  %   Files
----- ----- ---  -----
   54    28   4  Practica33.c
    5     0   0  Practica33.h
  694     0   0  ..\..\..\..\..\..\..\Program Files (x86)\PICC\Devices\16F877A.h
  456    84  13  ..\..\..\..\..\..\..\Program Files (x86)\PICC\Drivers\lcd.c
  135    40   6  ..\..\..\..\..\..\..\Program Files (x86)\PICC\Drivers\kbd.c
 1352   359  56  ..\..\..\..\..\..\..\Program Files (x86)\PICC\Drivers\stdlib.h
   32     0   0  ..\..\..\..\..\..\..\Program Files (x86)\PICC\Drivers\stddef.h
  435   129  20  ..\..\..\..\..\..\..\Program Files (x86)\PICC\Drivers\string.h
   28     0   0  ..\..\..\..\..\..\..\Program Files (x86)\PICC\Drivers\ctype.h
----- -----
 3191   640 Total

Page ROM  %  RAM    Vol Diff  Functions:
---- --- --- ---    --- ----  ----------
0     21   3    1             @delay_ms1
 Inline         3    596  5.9  lcd_read_byte
0      6   1    0     59  4.2  lcd_read_nibble
0     12   1    1    179  3.3  lcd_send_nibble
0     64   8    3    460  4.7  lcd_send_byte
0     62   8    6    814  7.2  lcd_init
0     18   2    4    208  6.3  lcd_gotoxy
0     44   5    1    354  4.7  lcd_putc
0     16   2    0     14  0.8  @const707
0      3   0    0      3  0.0  kbd_init
0    138  17    3   4620 11.0  kbd_getc
 Inline         2             @MUL88
0    144  17   11   1018  7.9  MAIN
0     10   1    0             @const996
0     86  10    4             @PSTRINGC7_693
0     10   1    0             @const1001
0     89  11    5             @PSTRINGCN7_693
0     21   3    3             @DIV88
0     55   7    2             @PRINTF_U_693
0     10   1    0             @const1011
0     10   1    0             @const1012
 Inline         0             @cinit1

Program metrics:
    Functions               11
    Statements              640
    Comments                1028
    Volume (V)              11458
    Difficulty (D)          54.6
    Effort to implement (E) 626056
    Time to implement (T)   9 hours, 40 minutes
    Est Delivered Bugs (B)  2
    Cyclomatic Complexity   23
    Maintainability (MI)    102

 Segment     Used  Free
-----------  ----  ----
00000-00003     4  0  
00004-007FF   819  1225  
00800-00FFF     0  2048  
01000-017FF     0  2048  
01800-01FFF     0  2048  



