
ROM used:   165/8192 (2%)
            165/8192 (2%) including unused fragments

            0.2 Average locations per line
            7.2 Average locations per statement

RAM used:   11/368 (3%) at main() level
            14/368 (4%) worst case

Stack used: 1 worst case (1 in main + 0 for interrupts)
Stack size: 8

Lines Stmts  %   Files
----- ----- ---  -----
   81    23 100  Tarea3.c
    5     0   0  Tarea3.h
  694     0   0  ..\..\..\..\..\..\..\..\..\Program Files (x86)\PICC\Devices\16F877A.h
----- -----
  780    23 Total

Page ROM  %  RAM    Vol Diff  Functions:
---- --- --- ---    --- ----  ----------
0     21  13    1             @delay_ms1
0     12   7    0     14  0.8  @const672
0     12   7    0     59  4.2  @const675
0     43  26    2    197  4.0  motor
0     73  44    0    285  3.7  MAIN
 Inline         0    814  7.2  @cinit1

Program metrics:
    Functions               5
    Statements              23
    Comments                182
    Volume (V)              1824
    Difficulty (D)          19.8
    Effort to implement (E) 36205
    Time to implement (T)   34 minutes
    Est Delivered Bugs (B)  0
    Cyclomatic Complexity   4
    Maintainability (MI)    119

 Segment     Used  Free
-----------  ----  ----
00000-00003     4  0  
00004-007FF   161  1883  
00800-00FFF     0  2048  
01000-017FF     0  2048  
01800-01FFF     0  2048  



