CCS PCM C Compiler, Version 5.091, 13314               27-jul.-21 14:03

               Filename:   C:\Users\jymcl\Documents\Chapingo\6 Semestre\Sistemas digitales embebidos\Practica28\practica28.lst

               ROM used:   103 words (3%)
                           Largest free fragment is 2048
               RAM used:   7 (3%) at main() level
                           7 (3%) worst case
               Stack used: 0 locations
               Stack size: 8

0000:  MOVLW  00
0001:  MOVWF  0A
0002:  GOTO   01A
0003:  NOP
.................... #include <practica28.h>
.................... #include <16F883.h>
.................... //////////// Standard Header file for the PIC16F883 device ////////////////
.................... ///////////////////////////////////////////////////////////////////////////
.................... ////        (C) Copyright 1996, 2014 Custom Computer Services          ////
.................... //// This source code may only be used by licensed users of the CCS C  ////
.................... //// compiler.  This source code may only be distributed to other      ////
.................... //// licensed users of the CCS C compiler.  No other use, reproduction ////
.................... //// or distribution is permitted without written permission.          ////
.................... //// Derivative programs created using this software in object code    ////
.................... //// form are not restricted in any way.                               ////
.................... ///////////////////////////////////////////////////////////////////////////
.................... #device PIC16F883
.................... 
.................... #list
.................... 
.................... #device ADC=8
.................... #use delay(crystal=4MHz)
0004:  MOVLW  21
0005:  MOVWF  04
0006:  BCF    03.7
0007:  MOVF   00,W
0008:  BTFSC  03.2
0009:  GOTO   018
000A:  MOVLW  01
000B:  MOVWF  78
000C:  CLRF   77
000D:  DECFSZ 77,F
000E:  GOTO   00D
000F:  DECFSZ 78,F
0010:  GOTO   00C
0011:  MOVLW  4A
0012:  MOVWF  77
0013:  DECFSZ 77,F
0014:  GOTO   013
0015:  GOTO   016
0016:  DECFSZ 00,F
0017:  GOTO   00A
0018:  BCF    0A.3
0019:  GOTO   065 (RETURN)
.................... 
.................... 
.................... 
.................... void main()
001A:  MOVF   03,W
001B:  ANDLW  1F
001C:  MOVWF  03
001D:  MOVLW  FF
001E:  MOVWF  20
001F:  BSF    03.5
0020:  BSF    03.6
0021:  MOVF   09,W
0022:  ANDLW  C0
0023:  MOVWF  09
0024:  BCF    03.6
0025:  BCF    1F.4
0026:  BCF    1F.5
0027:  MOVLW  00
0028:  BSF    03.6
0029:  MOVWF  08
002A:  BCF    03.5
002B:  CLRF   07
002C:  CLRF   08
002D:  CLRF   09
002E:  BCF    03.7
.................... {
....................    // Configuramos el ADC
....................    setup_adc_ports(sAN0);
002F:  BSF    03.5
0030:  MOVF   09,W
0031:  ANDLW  C0
0032:  MOVWF  09
0033:  BCF    03.6
0034:  BCF    1F.4
0035:  BCF    1F.5
0036:  MOVLW  01
0037:  BSF    03.6
0038:  MOVWF  08
....................    setup_adc(ADC_CLOCK_INTERNAL);
0039:  BCF    03.5
003A:  BCF    03.6
003B:  BSF    1F.6
003C:  BSF    1F.7
003D:  BSF    03.5
003E:  BCF    1F.7
003F:  BCF    03.5
0040:  BSF    1F.0
....................    set_adc_channel(0);
0041:  MOVLW  00
0042:  MOVWF  78
0043:  MOVF   1F,W
0044:  ANDLW  C3
0045:  IORWF  78,W
0046:  MOVWF  1F
....................    
....................    // Configuramos el Timer
....................    setup_timer_2(T2_DIV_BY_16,255,1);
0047:  MOVLW  00
0048:  MOVWF  78
0049:  IORLW  06
004A:  MOVWF  12
004B:  MOVLW  FF
004C:  BSF    03.5
004D:  MOVWF  12
....................    setup_ccp1(ccp_pwm);
004E:  BCF    03.5
004F:  BCF    20.2
0050:  MOVF   20,W
0051:  BSF    03.5
0052:  MOVWF  07
0053:  BCF    03.5
0054:  BCF    07.2
0055:  MOVLW  0C
0056:  MOVWF  17
0057:  BSF    03.5
0058:  CLRF   1B
0059:  CLRF   1C
005A:  MOVLW  01
005B:  MOVWF  1D
....................    
....................    while(TRUE)
....................    {
....................       set_pwm1_duty(read_adc());
005C:  BCF    03.5
005D:  BSF    1F.1
005E:  BTFSC  1F.1
005F:  GOTO   05E
0060:  MOVF   1E,W
0061:  MOVWF  15
....................       delay_ms(20);
0062:  MOVLW  14
0063:  MOVWF  21
0064:  GOTO   004
0065:  GOTO   05D
....................    }
.................... 
.................... }
0066:  SLEEP

Configuration Fuses:
   Word  1: 2FE1   XT NOWDT PUT MCLR NOPROTECT NOCPD BROWNOUT IESO FCMEN NOLVP NODEBUG
   Word  2: 3FFF   BORV40 NOWRT
