
ROM used:   103/4096 (3%)
            103/4096 (3%) including unused fragments

            0.1 Average locations per line
            11.4 Average locations per statement

RAM used:   7/256 (3%) at main() level
            7/256 (3%) worst case

Stack used: 0 worst case (0 in main + 0 for interrupts)
Stack size: 8

Lines Stmts  %   Files
----- ----- ---  -----
   21     9 100  practica28.c
    5     0   0  practica28.h
  779     0   0  ..\..\..\..\..\..\..\Program Files (x86)\PICC\Devices\16F883.h
----- -----
  805     9 Total

Page ROM  %  RAM    Vol Diff  Functions:
---- --- --- ---    --- ----  ----------
0     22  21    1             @delay_ms1
0     77  75    1    179  2.2  main
 Inline         0             @cinit1

Program metrics:
    Functions               1
    Statements              9
    Comments                137
    Volume (V)              183
    Difficulty (D)          2.0
    Effort to implement (E) 371
    Time to implement (T)   0 minutes
    Est Delivered Bugs (B)  0
    Cyclomatic Complexity   1
    Maintainability (MI)    75

 Segment     Used  Free
-----------  ----  ----
00000-00003     4  0  
00004-007FF    99  1945  
00800-00FFF     0  2048  



