
ROM used:   73/8192 (1%)
            73/8192 (1%) including unused fragments

            0.1 Average locations per line
            4.6 Average locations per statement

RAM used:   6/368 (2%) at main() level
            6/368 (2%) worst case

Stack used: 0 worst case (0 in main + 0 for interrupts)
Stack size: 8

Lines Stmts  %   Files
----- ----- ---  -----
   42    16 100  practica25.c
    4     0   0  practica25.h
  643     0   0  ..\..\..\..\..\..\..\Program Files (x86)\PICC\Devices\16F876A.h
----- -----
  689    16 Total

Page ROM  %  RAM    Vol Diff  Functions:
---- --- --- ---    --- ----  ----------
0     69  95    0    282  2.8  main
 Inline         0             @cinit1

Program metrics:
    Functions               1
    Statements              16
    Comments                125
    Volume (V)              285
    Difficulty (D)          2.7
    Effort to implement (E) 756
    Time to implement (T)   1 minutes
    Est Delivered Bugs (B)  0
    Cyclomatic Complexity   2
    Maintainability (MI)    46

 Segment     Used  Free
-----------  ----  ----
00000-00003     4  0  
00004-007FF    69  1975  
00800-00FFF     0  2048  
01000-017FF     0  2048  
01800-01FFF     0  2048  



