
ROM used:   17/8192 (0%)
            17/8192 (0%) including unused fragments

            0.0 Average locations per line
            8.5 Average locations per statement

RAM used:   5/368 (1%) at main() level
            5/368 (1%) worst case

Stack used: 0 worst case (0 in main + 0 for interrupts)
Stack size: 8

Lines Stmts  %   Files
----- ----- ---  -----
   13     2 100  Tarea3.c
    5     0   0  Tarea3.h
  694     0   0  ..\..\..\..\..\..\..\Program Files (x86)\PICC\Devices\16F877A.h
----- -----
  712     2 Total

Page ROM  %  RAM    Vol Diff  Functions:
---- --- --- ---    --- ----  ----------
0     13  76    0     14  0.8  main
 Inline         0     59  4.2  @cinit1

Program metrics:
    Functions               2
    Statements              2
    Comments                122
    Volume (V)              92
    Difficulty (D)          5.1
    Effort to implement (E) 473
    Time to implement (T)   0 minutes
    Est Delivered Bugs (B)  0
    Cyclomatic Complexity   1
    Maintainability (MI)    128

 Segment     Used  Free
-----------  ----  ----
00000-00003     4  0  
00004-007FF    13  2031  
00800-00FFF     0  2048  
01000-017FF     0  2048  
01800-01FFF     0  2048  



