
ROM used:   152/1024 (15%)
            152/1024 (15%) including unused fragments

            0.3 Average locations per line
            6.6 Average locations per statement

RAM used:   5/68 (7%) at main() level
            6/68 (9%) worst case

Stack used: 1 worst case (1 in main + 0 for interrupts)
Stack size: 8

Lines Stmts  %   Files
----- ----- ---  -----
   35    23 100  Practica11.c
    4     0   0  Practica11.h
  419     0   0  ..\..\..\..\..\..\..\Program Files (x86)\PICC\Devices\16F84.h
----- -----
  458    23 Total

Page ROM  %  RAM    Vol Diff  Functions:
---- --- --- ---    --- ----  ----------
0     20  13    1             @delay_ms1
0    128  84    1    505  1.9  main
 Inline         0    396  1.9  @cinit1

Program metrics:
    Functions               2
    Statements              23
    Comments                91
    Volume (V)              1067
    Difficulty (D)          3.8
    Effort to implement (E) 4012
    Time to implement (T)   4 minutes
    Est Delivered Bugs (B)  0
    Cyclomatic Complexity   1
    Maintainability (MI)    56

 Segment     Used  Free
-----------  ----  ----
00000-00003     4  0  
00004-003FF   148  872  



