
ROM used:   1164/8192 (14%)
            1164/8192 (14%) including unused fragments

            1.3 Average locations per line
            50.6 Average locations per statement

RAM used:   38/368 (10%) at main() level
            81/368 (22%) worst case

Stack used: 3 worst case (2 in main + 1 for interrupts)
Stack size: 8

Lines Stmts  %   Files
----- ----- ---  -----
   27     9  39  Servo Pot.c
  671     0   0  ..\..\..\..\..\..\Program Files (x86)\PICC\Devices\16f877a.h
  157    12  52  ..\..\..\..\..\..\Program Files (x86)\PICC\Drivers\servo_st.c
   12     2   9  ..\..\..\..\..\..\Program Files (x86)\PICC\Drivers\map_function.c
----- -----
  867    23 Total

Page ROM  %  RAM   Vol Diff  Functions:
---- --- --- ---   --- ----  ----------
0     20   2    0   163  2.9  timer_0
0     14   1    0    78  1.6  servo_init
 Inline        14   170  5.1  map_int
 Inline         5    78  1.6  @MUL1616
 Inline         5   170  5.1  @DIV1616
0    145  12    1    83  2.5  servo_1_write
0    448  38   24   167  5.5  map
0    321  28   16    85  2.3  @ADDFF
 Inline        13   143  1.8  @MULFF
 Inline        14   143  1.8  @DIVFF
0    105   9    4   248  2.8  MAIN
0     31   3    2             @ITOF
0     33   3    4             @SFTOI
 Inline         0             @cinit1

Program metrics:
    Functions               11
    Statements              23
    Comments                121
    Volume (V)              2698
    Difficulty (D)          31.2
    Effort to implement (E) 84131
    Time to implement (T)   1 hours, 18 minutes
    Est Delivered Bugs (B)  1
    Cyclomatic Complexity   2
    Maintainability (MI)    85

 Segment     Used  Free
-----------  ----  ----
00000-00003     4  0  
00004-0002E    43  0  
0002F-007FF  1117  884  
00800-00FFF     0  2048  
01000-017FF     0  2048  
01800-01FFF     0  2048  



