
ROM used:   66/4096 (2%)
            66/4096 (2%) including unused fragments

            0.1 Average locations per line
            4.4 Average locations per statement

RAM used:   17/191 (9%) at main() level
            17/191 (9%) worst case

Stack used: 1 worst case (1 in main + 0 for interrupts)
Stack size: 8

Lines Stmts  %   Files
----- ----- ---  -----
   28    15 100  practica15.c
    5     0   0  practica15.h
  611     0   0  ..\..\..\..\..\..\..\Program Files (x86)\PICC\Devices\16F873.h
----- -----
  644    15 Total

Page ROM  %  RAM    Vol Diff  Functions:
---- --- --- ---    --- ----  ----------
0     62  94   12    494  5.4  main
 Inline         0    396  1.9  @cinit1

Program metrics:
    Functions               2
    Statements              15
    Comments                108
    Volume (V)              1050
    Difficulty (D)          7.2
    Effort to implement (E) 7570
    Time to implement (T)   7 minutes
    Est Delivered Bugs (B)  0
    Cyclomatic Complexity   2
    Maintainability (MI)    59

 Segment     Used  Free
-----------  ----  ----
00000-00003     4  0  
00004-007FF    62  1982  
00800-00FFF     0  2048  



