
ROM used:   1330/8192 (16%)
            1330/8192 (16%) including unused fragments

            1.0 Average locations per line
            10.9 Average locations per statement

RAM used:   29/368 (8%) at main() level
            53/368 (14%) worst case

Stack used: 5 worst case (4 in main + 1 for interrupts)
Stack size: 8

Lines Stmts  %   Files
----- ----- ---  -----
   58    22  18  practica27.c
    5     0   0  practica27.h
  779     0   0  ..\..\..\..\..\..\..\Program Files (x86)\PICC\Devices\16F886.h
  456   100  82  ..\..\..\..\..\..\..\Program Files (x86)\PICC\Drivers\lcd.c
----- -----
 1298   122 Total

Page ROM  %  RAM    Vol Diff  Functions:
---- --- --- ---    --- ----  ----------
0     21   2    1             @delay_ms1
 Inline         3    760  4.5  lcd_read_byte
0     49   4    2    262  3.7  lcd_read_nibble
0     43   3    1    399  2.4  lcd_send_nibble
0     92   7    3    415  3.7  lcd_send_byte
0     70   5    6    852  6.2  lcd_init
0     18   1    4    208  6.3  lcd_gotoxy
0     44   3    1    354  4.7  lcd_putc
0      7   1    0     13  1.0  ext_isr
0    208  16    2    586  3.8  MAIN
0     23   2    5             @MUL1616
0     39   3    5             @DIV1616
0     31   2    2             @ITOF
0      5   0    0             @const719
0     88   7    4             @PSTRINGC7_691
0      4   0    0             @const724
0     89   7    5             @PSTRINGCN7_691
 Inline        13             @MULFF
 Inline         5             @FTOSD
0     79   6   13             @DIV3232
0    341  26   13             @PRINTF_L32D_691FPFPF
 Inline         0             @cinit1

Program metrics:
    Functions               9
    Statements              122
    Comments                249
    Volume (V)              5874
    Difficulty (D)          35.1
    Effort to implement (E) 206219
    Time to implement (T)   3 hours, 11 minutes
    Est Delivered Bugs (B)  1
    Cyclomatic Complexity   8
    Maintainability (MI)    143

 Segment     Used  Free
-----------  ----  ----
00000-00003     4  0  
00004-0004E    75  0  
0004F-007FF  1251  718  
00800-00FFF     0  2048  
01000-017FF     0  2048  
01800-01FFF     0  2048  



