
ROM used:   1231/4096 (30%)
            1231/4096 (30%) including unused fragments

            1.1 Average locations per line
            12.3 Average locations per statement

RAM used:   15/191 (8%) at main() level
            35/191 (18%) worst case

Stack used: 5 worst case (5 in main + 0 for interrupts)
Stack size: 8

Lines Stmts  %   Files
----- ----- ---  -----
   29    16  16  practica22.c
    5     0   0  practica22.h
  643     0   0  ..\..\..\..\..\..\..\Program Files (x86)\PICC\Devices\16F873A.h
  456    84  84  ..\..\..\..\..\..\..\Program Files (x86)\PICC\Drivers\lcd.c
----- -----
 1133   100 Total

Page ROM  %  RAM    Vol Diff  Functions:
---- --- --- ---    --- ----  ----------
0     20   2    1             @delay_ms1
 Inline         3    596  5.9  lcd_read_byte
0      6   0    0     59  4.2  lcd_read_nibble
0     12   1    1    179  3.3  lcd_send_nibble
0     64   5    3    460  4.7  lcd_send_byte
0     60   5    6    814  7.2  lcd_init
0     18   1    4    208  6.3  lcd_gotoxy
0     44   4    1    354  4.7  lcd_putc
0    161  13   10    457  3.6  MAIN
0      6   0    0             @const690
0     87   7    5             @PSTRINGCN7_673
0     89   7    8             @PRINTF_LU_673
0     30   2    2             @ITOF
0    117  10   13             @MULFF
0    203  16   14             @DIVFF
0      8   1    0             @const703
 Inline         5             @FTOSD
0     78   6   13             @DIV3232
0    224  18   11             @PRINTF_L32D_673FPFPF
 Inline         0             @cinit1

Program metrics:
    Functions               8
    Statements              100
    Comments                216
    Volume (V)              4752
    Difficulty (D)          37.1
    Effort to implement (E) 176254
    Time to implement (T)   2 hours, 43 minutes
    Est Delivered Bugs (B)  1
    Cyclomatic Complexity   8
    Maintainability (MI)    146

 Segment     Used  Free
-----------  ----  ----
00000-00003     4  0  
00004-007FF  1227  817  
00800-00FFF     0  2048  



