CCS PCM C Compiler, Version 5.091, 13314               10-jul.-21 14:34

               Filename:   C:\Users\jymcl\Documents\Chapingo\6 Semestre\Sistemas digitales embebidos\Practica 6\Practica6.lst

               ROM used:   55 words (3%)
                           Largest free fragment is 1993
               RAM used:   6 (3%) at main() level
                           7 (3%) worst case
               Stack used: 0 locations
               Stack size: 8

0000:  MOVLW  00
0001:  MOVWF  0A
0002:  GOTO   019
0003:  NOP
.................... #include <Practica6.h>
.................... #include <16F628A.h>
.................... //////////// Standard Header file for the PIC16F628A device ////////////////
.................... ///////////////////////////////////////////////////////////////////////////
.................... ////        (C) Copyright 1996, 2014 Custom Computer Services          ////
.................... //// This source code may only be used by licensed users of the CCS C  ////
.................... //// compiler.  This source code may only be distributed to other      ////
.................... //// licensed users of the CCS C compiler.  No other use, reproduction ////
.................... //// or distribution is permitted without written permission.          ////
.................... //// Derivative programs created using this software in object code    ////
.................... //// form are not restricted in any way.                               ////
.................... ///////////////////////////////////////////////////////////////////////////
.................... #device PIC16F628A
.................... 
.................... #list
.................... 
.................... #use delay(crystal=4MHz)
0004:  MOVLW  22
0005:  MOVWF  04
0006:  BCF    03.7
0007:  MOVF   00,W
0008:  BTFSC  03.2
0009:  GOTO   018
000A:  MOVLW  01
000B:  MOVWF  78
000C:  CLRF   77
000D:  DECFSZ 77,F
000E:  GOTO   00D
000F:  DECFSZ 78,F
0010:  GOTO   00C
0011:  MOVLW  4A
0012:  MOVWF  77
0013:  DECFSZ 77,F
0014:  GOTO   013
0015:  GOTO   016
0016:  DECFSZ 00,F
0017:  GOTO   00A
0018:  RETURN
.................... 
.................... #define LED PIN_B0
.................... #define DELAY 1000
.................... 
.................... 
.................... 
.................... 
.................... void main()
0019:  MOVF   03,W
001A:  ANDLW  1F
001B:  MOVWF  03
001C:  MOVLW  07
001D:  MOVWF  1F
001E:  BCF    03.7
.................... {
.................... 
.................... 	while(TRUE)
.................... 	{
.................... 
.................... 		//Example blinking LED program
.................... 		output_low(LED);
001F:  BSF    03.5
0020:  BCF    06.0
0021:  BCF    03.5
0022:  BCF    06.0
.................... 		delay_ms(DELAY);
0023:  MOVLW  04
0024:  MOVWF  21
0025:  MOVLW  FA
0026:  MOVWF  22
0027:  CALL   004
0028:  DECFSZ 21,F
0029:  GOTO   025
.................... 		output_high(LED);
002A:  BSF    03.5
002B:  BCF    06.0
002C:  BCF    03.5
002D:  BSF    06.0
.................... 		delay_ms(DELAY);
002E:  MOVLW  04
002F:  MOVWF  21
0030:  MOVLW  FA
0031:  MOVWF  22
0032:  CALL   004
0033:  DECFSZ 21,F
0034:  GOTO   030
0035:  GOTO   01F
.................... 
.................... 		//TODO: User Code
.................... 	}
.................... 
.................... }
0036:  SLEEP

Configuration Fuses:
   Word  1: 3F61   NOWDT PUT XT MCLR BROWNOUT NOLVP NOCPD NOPROTECT
