
ROM used:   108/2048 (5%)
            108/2048 (5%) including unused fragments

            0.2 Average locations per line
            9.8 Average locations per statement

RAM used:   13/224 (6%) at main() level
            14/224 (6%) worst case

Stack used: 1 worst case (0 in main + 1 for interrupts)
Stack size: 8

Lines Stmts  %   Files
----- ----- ---  -----
   25    11 100  Practica18.c
    4     0   0  Practica18.h
  530     0   0  ..\..\..\..\..\..\..\Program Files (x86)\PICC\Devices\16F628.h
----- -----
  559    11 Total

Page ROM  %  RAM    Vol Diff  Functions:
---- --- --- ---    --- ----  ----------
0     21  19    1             @delay_ms1
0      8   7    0     17  0.8  ext_itr
0     32  30    0    172  1.8  MAIN
 Inline         0    280  5.5  @cinit1

Program metrics:
    Functions               3
    Statements              11
    Comments                100
    Volume (V)              598
    Difficulty (D)          8.0
    Effort to implement (E) 4782
    Time to implement (T)   4 minutes
    Est Delivered Bugs (B)  0
    Cyclomatic Complexity   1
    Maintainability (MI)    145

 Segment     Used  Free
-----------  ----  ----
00000-00003     4  0  
00004-0002E    43  0  
0002F-007FF    61  1940  



