CCS PCM C Compiler, Version 5.091, 13314               10-jun.-21 15:59

               Filename:   C:\Users\jymcl\Documents\Chapingo\6 Semestre\Sistemas digitales embebidos\Practica18\Practica18.lst

               ROM used:   108 words (5%)
                           Largest free fragment is 1940
               RAM used:   13 (6%) at main() level
                           14 (6%) worst case
               Stack used: 1 locations (0 in main + 1 for interrupts)
               Stack size: 8

0000:  MOVLW  00
0001:  MOVWF  0A
0002:  GOTO   04C
0003:  NOP
0004:  MOVWF  7F
0005:  SWAPF  03,W
0006:  CLRF   03
0007:  MOVWF  21
0008:  MOVF   7F,W
0009:  MOVWF  20
000A:  MOVF   0A,W
000B:  MOVWF  27
000C:  CLRF   0A
000D:  SWAPF  20,F
000E:  MOVF   04,W
000F:  MOVWF  22
0010:  MOVF   77,W
0011:  MOVWF  23
0012:  MOVF   78,W
0013:  MOVWF  24
0014:  MOVF   79,W
0015:  MOVWF  25
0016:  MOVF   7A,W
0017:  MOVWF  26
0018:  BCF    03.7
0019:  BCF    03.5
001A:  BTFSS  0B.4
001B:  GOTO   01E
001C:  BTFSC  0B.1
001D:  GOTO   02F
001E:  MOVF   22,W
001F:  MOVWF  04
0020:  MOVF   23,W
0021:  MOVWF  77
0022:  MOVF   24,W
0023:  MOVWF  78
0024:  MOVF   25,W
0025:  MOVWF  79
0026:  MOVF   26,W
0027:  MOVWF  7A
0028:  MOVF   27,W
0029:  MOVWF  0A
002A:  SWAPF  21,W
002B:  MOVWF  03
002C:  SWAPF  7F,F
002D:  SWAPF  7F,W
002E:  RETFIE
.................... #include <Practica18.h>
.................... #include <16F628.h>
.................... //////////// Standard Header file for the PIC16F628 device ////////////////
.................... ///////////////////////////////////////////////////////////////////////////
.................... ////        (C) Copyright 1996, 2014 Custom Computer Services          ////
.................... //// This source code may only be used by licensed users of the CCS C  ////
.................... //// compiler.  This source code may only be distributed to other      ////
.................... //// licensed users of the CCS C compiler.  No other use, reproduction ////
.................... //// or distribution is permitted without written permission.          ////
.................... //// Derivative programs created using this software in object code    ////
.................... //// form are not restricted in any way.                               ////
.................... ///////////////////////////////////////////////////////////////////////////
.................... #device PIC16F628
.................... 
.................... #list
.................... 
.................... #use delay(crystal=4MHz)
*
0037:  MOVLW  28
0038:  MOVWF  04
0039:  BCF    03.7
003A:  MOVF   00,W
003B:  BTFSC  03.2
003C:  GOTO   04B
003D:  MOVLW  01
003E:  MOVWF  78
003F:  CLRF   77
0040:  DECFSZ 77,F
0041:  GOTO   040
0042:  DECFSZ 78,F
0043:  GOTO   03F
0044:  MOVLW  4A
0045:  MOVWF  77
0046:  DECFSZ 77,F
0047:  GOTO   046
0048:  GOTO   049
0049:  DECFSZ 00,F
004A:  GOTO   03D
004B:  RETURN
.................... 
.................... 
.................... #use standard_io(b)
.................... 
.................... #INT_EXT
.................... ext_itr()
.................... {
....................    output_toggle(PIN_B1);
*
002F:  BSF    03.5
0030:  BCF    06.1
0031:  MOVLW  02
0032:  BCF    03.5
0033:  XORWF  06,F
0034:  BCF    0B.1
0035:  BCF    0A.3
0036:  GOTO   01E
.................... }
.................... 
.................... void main()
*
004C:  MOVF   03,W
004D:  ANDLW  1F
004E:  MOVWF  03
004F:  MOVLW  07
0050:  MOVWF  1F
0051:  BCF    03.7
.................... {
....................    set_tris_b(0b00000001);
0052:  MOVLW  01
0053:  BSF    03.5
0054:  MOVWF  06
....................    enable_interrupts(int_ext);
0055:  BCF    03.5
0056:  BSF    0B.4
....................    ext_int_edge(L_TO_H);
0057:  BSF    03.5
0058:  BSF    01.6
....................    enable_interrupts(GLOBAL);
0059:  MOVLW  C0
005A:  BCF    03.5
005B:  IORWF  0B,F
....................    
....................    while(TRUE)
....................    {
....................       output_high(PIN_B2);
005C:  BSF    03.5
005D:  BCF    06.2
005E:  BCF    03.5
005F:  BSF    06.2
....................       delay_ms(250);
0060:  MOVLW  FA
0061:  MOVWF  28
0062:  CALL   037
....................       output_low(PIN_B2);
0063:  BSF    03.5
0064:  BCF    06.2
0065:  BCF    03.5
0066:  BCF    06.2
....................       delay_ms(250);
0067:  MOVLW  FA
0068:  MOVWF  28
0069:  CALL   037
006A:  GOTO   05C
....................    }
.................... }
006B:  SLEEP

Configuration Fuses:
   Word  1: 3F61   NOWDT PUT XT MCLR BROWNOUT NOLVP NOCPD NOPROTECT
