
ROM used:   115/2048 (6%)
            115/2048 (6%) including unused fragments

            0.2 Average locations per line
            5.0 Average locations per statement

RAM used:   5/224 (2%) at main() level
            6/224 (3%) worst case

Stack used: 1 worst case (1 in main + 0 for interrupts)
Stack size: 8

Lines Stmts  %   Files
----- ----- ---  -----
   35    23 100  practica10.c
    4     0   0  practica10.h
  537     0   0  ..\..\..\..\..\..\..\Program Files (x86)\PICC\Devices\16F628A.h
----- -----
  576    23 Total

Page ROM  %  RAM    Vol Diff  Functions:
---- --- --- ---    --- ----  ----------
0     21  18    1             @delay_ms1
0     90  78    0    505  1.9  main
 Inline         0    396  1.9  @cinit1

Program metrics:
    Functions               2
    Statements              23
    Comments                104
    Volume (V)              1067
    Difficulty (D)          3.8
    Effort to implement (E) 4012
    Time to implement (T)   4 minutes
    Est Delivered Bugs (B)  0
    Cyclomatic Complexity   1
    Maintainability (MI)    49

 Segment     Used  Free
-----------  ----  ----
00000-00003     4  0  
00004-007FF   111  1933  



