
ROM used:   536/8192 (7%)
            536/8192 (7%) including unused fragments

            0.5 Average locations per line
            4.6 Average locations per statement

RAM used:   15/368 (4%) at main() level
            27/368 (7%) worst case

Stack used: 5 worst case (5 in main + 0 for interrupts)
Stack size: 8

Lines Stmts  %   Files
----- ----- ---  -----
   51    32  28  practica24.c
    5     0   0  practica24.h
  643     0   0  ..\..\..\..\..\..\..\Program Files (x86)\PICC\Devices\16F876A.h
  456    84  72  ..\..\..\..\..\..\..\Program Files (x86)\PICC\Drivers\lcd.c
----- -----
 1155   116 Total

Page ROM  %  RAM    Vol Diff  Functions:
---- --- --- ---    --- ----  ----------
0     21   4    1             @delay_ms1
 Inline         3    596  5.9  lcd_read_byte
0      6   1    0     59  4.2  lcd_read_nibble
0     12   2    1    179  3.3  lcd_send_nibble
0     64  12    3    460  4.7  lcd_send_byte
0     62  12    6    814  7.2  lcd_init
0     18   3    4    208  6.3  lcd_gotoxy
0     44   8    1    354  4.7  lcd_putc
0    178  33    7   1127  7.4  MAIN
0     10   2    0             @const690
0     86  16    4             @PSTRINGC7_673
0      5   1    0             @const695
0     10   2    0             @const697
0      4   1    0             @const698
0      6   1    0             @const700
0      6   1    0             @const701
 Inline         0             @cinit1

Program metrics:
    Functions               8
    Statements              116
    Comments                216
    Volume (V)              5625
    Difficulty (D)          41.3
    Effort to implement (E) 232607
    Time to implement (T)   3 hours, 35 minutes
    Est Delivered Bugs (B)  1
    Cyclomatic Complexity   12
    Maintainability (MI)    142

 Segment     Used  Free
-----------  ----  ----
00000-00003     4  0  
00004-007FF   532  1512  
00800-00FFF     0  2048  
01000-017FF     0  2048  
01800-01FFF     0  2048  



