
ROM used:   131/2048 (6%)
            131/2048 (6%) including unused fragments

            0.2 Average locations per line
            6.9 Average locations per statement

RAM used:   6/224 (3%) at main() level
            7/224 (3%) worst case

Stack used: 1 worst case (1 in main + 0 for interrupts)
Stack size: 8

Lines Stmts  %   Files
----- ----- ---  -----
   30    19 100  Practica12.c
    4     0   0  Practica12.h
  537     0   0  ..\..\..\..\..\..\..\Program Files (x86)\PICC\Devices\16F628A.h
----- -----
  571    19 Total

Page ROM  %  RAM    Vol Diff  Functions:
---- --- --- ---    --- ----  ----------
0     21  16    1             @delay_ms1
0    106  81    1    396  1.9  main
 Inline         0    396  1.9  @cinit1

Program metrics:
    Functions               2
    Statements              19
    Comments                103
    Volume (V)              944
    Difficulty (D)          3.7
    Effort to implement (E) 3522
    Time to implement (T)   3 minutes
    Est Delivered Bugs (B)  0
    Cyclomatic Complexity   1
    Maintainability (MI)    53

 Segment     Used  Free
-----------  ----  ----
00000-00003     4  0  
00004-007FF   127  1917  



