
ROM used:   1123/8192 (14%)
            1123/8192 (14%) including unused fragments

            0.9 Average locations per line
            7.0 Average locations per statement

RAM used:   79/368 (21%) at main() level
            97/368 (26%) worst case

Stack used: 6 worst case (5 in main + 1 for interrupts)
Stack size: 8

Lines Stmts  %   Files
----- ----- ---  -----
  166    61  38  Tarea2.c
    5     0   0  Tarea2.h
  694     0   0  ..\..\..\..\..\..\..\Program Files (x86)\PICC\Devices\16F877A.h
  456   100  62  ..\..\..\..\..\..\..\Program Files (x86)\PICC\Drivers\lcd.c
----- -----
 1321   161 Total

Page ROM  %  RAM    Vol Diff  Functions:
---- --- --- ---    --- ----  ----------
0     21   2    1             @delay_ms1
 Inline         3    760  4.5  lcd_read_byte
0     49   4    2    262  3.7  lcd_read_nibble
0     49   4    1    399  2.4  lcd_send_nibble
0     92   8    3    415  3.7  lcd_send_byte
0     70   6    6    852  6.2  lcd_init
0     18   2    4    208  6.3  lcd_gotoxy
0     44   4    1    354  4.7  lcd_putc
0     39   3    5    267  6.8  lcd_set_cgram_char
0    234  21    1   1196  4.8  bomba
0     11   1    0    477  5.8  @const718
0     87   8    5    477  5.8  @PSTRINGCN7_691
0     21   2    3             @DIV88
0     87   8    6             @PRINTF_D_691
0     11   1    0    550  2.9  @const729
0     52   5    0    599  4.3  reloj
0    159  14    0    386  2.8  MAIN
 Inline         0    308  2.8  @cinit1

Program metrics:
    Functions               15
    Statements              161
    Comments                306
    Volume (V)              12481
    Difficulty (D)          65.7
    Effort to implement (E) 819753
    Time to implement (T)   12 hours, 39 minutes
    Est Delivered Bugs (B)  3
    Cyclomatic Complexity   22
    Maintainability (MI)    130

 Segment     Used  Free
-----------  ----  ----
00000-00003     4  0  
00004-0004E    75  0  
0004F-007FF  1044  925  
00800-00FFF     0  2048  
01000-017FF     0  2048  
01800-01FFF     0  2048  



