
ROM used:   245/8192 (3%)
            245/8192 (3%) including unused fragments

            0.3 Average locations per line
            6.4 Average locations per statement

RAM used:   18/368 (5%) at main() level
            19/368 (5%) worst case

Stack used: 1 worst case (1 in main + 0 for interrupts)
Stack size: 8

Lines Stmts  %   Files
----- ----- ---  -----
   59    38 100  Practica31.c
    5     0   0  Practica31.h
  694     0   0  ..\..\..\..\..\..\..\Program Files (x86)\PICC\Devices\16F877A.h
----- -----
  758    38 Total

Page ROM  %  RAM    Vol Diff  Functions:
---- --- --- ---    --- ----  ----------
0     21   9    1             @delay_ms1
0    220  90   12   1154  5.9  main
 Inline         0             @cinit1

Program metrics:
    Functions               1
    Statements              38
    Comments                122
    Volume (V)              1159
    Difficulty (D)          5.8
    Effort to implement (E) 6705
    Time to implement (T)   6 minutes
    Est Delivered Bugs (B)  0
    Cyclomatic Complexity   4
    Maintainability (MI)    25

 Segment     Used  Free
-----------  ----  ----
00000-00003     4  0  
00004-007FF   241  1803  
00800-00FFF     0  2048  
01000-017FF     0  2048  
01800-01FFF     0  2048  



