
ROM used:   1987/8192 (24%)
            1987/8192 (24%) including unused fragments

            1.7 Average locations per line
            17.0 Average locations per statement

RAM used:   46/368 (12%) at main() level
            68/368 (18%) worst case

Stack used: 4 worst case (4 in main + 0 for interrupts)
Stack size: 8

Lines Stmts  %   Files
----- ----- ---  -----
   89    17  15  Practica29.c
    5     0   0  Practica29.h
  643     0   0  ..\..\..\..\..\..\..\Program Files (x86)\PICC\Devices\16F876A.h
  456   100  85  ..\..\..\..\..\..\..\Program Files (x86)\PICC\Drivers\lcd.c
----- -----
 1193   117 Total

Page ROM  %  RAM    Vol Diff  Functions:
---- --- --- ---    --- ----  ----------
0     21   1    1             @delay_ms1
 Inline         3    760  4.5  lcd_read_byte
0     49   2    2    262  3.7  lcd_read_nibble
0     43   2    1    399  2.4  lcd_send_nibble
0     92   5    3    415  3.7  lcd_send_byte
0     70   4    6    852  6.2  lcd_init
0     18   1    4    208  6.3  lcd_gotoxy
0     44   2    1    354  4.7  lcd_putc
0    451  23    4    693  4.7  MAIN
0    321  16   16             @ADDFF
0    202  10   14             @DIVFF
0     29   1    2             @ITOF
0    117   6   13             @MULFF
0     33   2    4             @SFTOI
0      5   0    0             @const709
0     88   4    4             @PSTRINGC7_671
0      6   0    0             @const714
 Inline         5             @FTOSD
0     79   4   13             @DIV3232
0    226  11   13             @PRINTF_L32D_671FPFPF
0     89   4    5             @PSTRINGCN7_671
 Inline         0             @cinit1

Program metrics:
    Functions               8
    Statements              117
    Comments                256
    Volume (V)              5970
    Difficulty (D)          34.2
    Effort to implement (E) 203880
    Time to implement (T)   3 hours, 9 minutes
    Est Delivered Bugs (B)  1
    Cyclomatic Complexity   8
    Maintainability (MI)    124

 Segment     Used  Free
-----------  ----  ----
00000-00003     4  0  
00004-007FF  1983  61  
00800-00FFF     0  2048  
01000-017FF     0  2048  
01800-01FFF     0  2048  



