CCS PCM C Compiler, Version 5.091, 13314               27-jul.-21 14:04

               Filename:   C:\Users\jymcl\Documents\Chapingo\6 Semestre\Sistemas digitales embebidos\Practica29\Practica29.lst

               ROM used:   1987 words (24%)
                           Largest free fragment is 2048
               RAM used:   46 (12%) at main() level
                           68 (18%) worst case
               Stack used: 4 locations
               Stack size: 8

0000:  MOVLW  06
0001:  MOVWF  0A
0002:  GOTO   600
0003:  NOP
.................... #include <Practica29.h>
.................... #include <16F876A.h>
.................... //////////// Standard Header file for the PIC16F876A device ////////////////
.................... ///////////////////////////////////////////////////////////////////////////
.................... ////        (C) Copyright 1996, 2014 Custom Computer Services          ////
.................... //// This source code may only be used by licensed users of the CCS C  ////
.................... //// compiler.  This source code may only be distributed to other      ////
.................... //// licensed users of the CCS C compiler.  No other use, reproduction ////
.................... //// or distribution is permitted without written permission.          ////
.................... //// Derivative programs created using this software in object code    ////
.................... //// form are not restricted in any way.                               ////
.................... ///////////////////////////////////////////////////////////////////////////
.................... #device PIC16F876A
0004:  DATA 20,28
0005:  DATA EF,39
0006:  DATA E9,31
0007:  DATA E9,37
0008:  DATA 6E,00
0009:  DATA A0,12
000A:  DATA 66,10
000B:  DATA 47,39
000C:  DATA 61,32
000D:  DATA EF,39
000E:  DATA 80,27
*
0122:  MOVLW  80
0123:  BTFSC  03.1
0124:  XORWF  4E,F
0125:  CLRF   53
0126:  CLRF   54
0127:  MOVF   4A,W
0128:  MOVWF  52
0129:  MOVF   4E,W
012A:  XORWF  52,F
012B:  MOVF   49,W
012C:  BTFSC  03.2
012D:  GOTO   212
012E:  MOVWF  51
012F:  MOVWF  77
0130:  MOVF   4D,W
0131:  BTFSC  03.2
0132:  GOTO   21B
0133:  SUBWF  51,F
0134:  BTFSC  03.2
0135:  GOTO   1B7
0136:  BTFSS  03.0
0137:  GOTO   175
0138:  MOVF   4E,W
0139:  MOVWF  57
013A:  BSF    57.7
013B:  MOVF   4F,W
013C:  MOVWF  56
013D:  MOVF   50,W
013E:  MOVWF  55
013F:  CLRF   54
0140:  BCF    03.0
0141:  RRF    57,F
0142:  RRF    56,F
0143:  RRF    55,F
0144:  RRF    54,F
0145:  DECFSZ 51,F
0146:  GOTO   13F
0147:  BTFSS  52.7
0148:  GOTO   14C
0149:  BSF    53.0
014A:  GOTO   22F
014B:  BCF    53.0
014C:  BCF    51.0
014D:  BSF    53.4
014E:  MOVLW  4C
014F:  MOVWF  04
0150:  BCF    03.7
0151:  GOTO   244
0152:  BCF    53.4
0153:  BTFSC  52.7
0154:  GOTO   15F
0155:  BTFSS  51.0
0156:  GOTO   16A
0157:  RRF    57,F
0158:  RRF    56,F
0159:  RRF    55,F
015A:  RRF    54,F
015B:  INCF   77,F
015C:  BTFSC  03.2
015D:  GOTO   22A
015E:  GOTO   16A
015F:  BTFSC  57.7
0160:  GOTO   16D
0161:  BCF    03.0
0162:  RLF    54,F
0163:  RLF    55,F
0164:  RLF    56,F
0165:  RLF    57,F
0166:  DECF   77,F
0167:  BTFSC  03.2
0168:  GOTO   22A
0169:  GOTO   15F
016A:  BSF    53.6
016B:  GOTO   1D7
016C:  BCF    53.6
016D:  MOVF   4A,W
016E:  MOVWF  52
016F:  BTFSS  52.7
0170:  GOTO   173
0171:  BSF    57.7
0172:  GOTO   223
0173:  BCF    57.7
0174:  GOTO   223
0175:  MOVF   4D,W
0176:  MOVWF  51
0177:  MOVWF  77
0178:  MOVF   49,W
0179:  SUBWF  51,F
017A:  MOVF   4A,W
017B:  MOVWF  57
017C:  BSF    57.7
017D:  MOVF   4B,W
017E:  MOVWF  56
017F:  MOVF   4C,W
0180:  MOVWF  55
0181:  CLRF   54
0182:  BCF    03.0
0183:  RRF    57,F
0184:  RRF    56,F
0185:  RRF    55,F
0186:  RRF    54,F
0187:  DECFSZ 51,F
0188:  GOTO   181
0189:  BTFSS  52.7
018A:  GOTO   18E
018B:  BSF    53.1
018C:  GOTO   22F
018D:  BCF    53.1
018E:  BCF    51.0
018F:  BSF    53.5
0190:  MOVLW  50
0191:  MOVWF  04
0192:  BCF    03.7
0193:  GOTO   244
0194:  BCF    53.5
0195:  BTFSC  52.7
0196:  GOTO   1A1
0197:  BTFSS  51.0
0198:  GOTO   1AC
0199:  RRF    57,F
019A:  RRF    56,F
019B:  RRF    55,F
019C:  RRF    54,F
019D:  INCF   77,F
019E:  BTFSC  03.2
019F:  GOTO   22A
01A0:  GOTO   1AC
01A1:  BTFSC  57.7
01A2:  GOTO   1AF
01A3:  BCF    03.0
01A4:  RLF    54,F
01A5:  RLF    55,F
01A6:  RLF    56,F
01A7:  RLF    57,F
01A8:  DECF   77,F
01A9:  BTFSC  03.2
01AA:  GOTO   22A
01AB:  GOTO   1A1
01AC:  BSF    53.7
01AD:  GOTO   1D7
01AE:  BCF    53.7
01AF:  MOVF   4E,W
01B0:  MOVWF  52
01B1:  BTFSS  52.7
01B2:  GOTO   1B5
01B3:  BSF    57.7
01B4:  GOTO   223
01B5:  BCF    57.7
01B6:  GOTO   223
01B7:  MOVF   4E,W
01B8:  MOVWF  57
01B9:  BSF    57.7
01BA:  MOVF   4F,W
01BB:  MOVWF  56
01BC:  MOVF   50,W
01BD:  MOVWF  55
01BE:  BTFSS  52.7
01BF:  GOTO   1C4
01C0:  BCF    57.7
01C1:  BSF    53.2
01C2:  GOTO   22F
01C3:  BCF    53.2
01C4:  CLRF   54
01C5:  BCF    51.0
01C6:  MOVLW  4C
01C7:  MOVWF  04
01C8:  BCF    03.7
01C9:  GOTO   244
01CA:  BTFSC  52.7
01CB:  GOTO   1ED
01CC:  MOVF   4A,W
01CD:  MOVWF  52
01CE:  BTFSS  51.0
01CF:  GOTO   1D7
01D0:  RRF    57,F
01D1:  RRF    56,F
01D2:  RRF    55,F
01D3:  RRF    54,F
01D4:  INCF   77,F
01D5:  BTFSC  03.2
01D6:  GOTO   22A
01D7:  BTFSS  54.7
01D8:  GOTO   1E8
01D9:  INCF   55,F
01DA:  BTFSS  03.2
01DB:  GOTO   1E8
01DC:  INCF   56,F
01DD:  BTFSS  03.2
01DE:  GOTO   1E8
01DF:  INCF   57,F
01E0:  BTFSS  03.2
01E1:  GOTO   1E8
01E2:  RRF    57,F
01E3:  RRF    56,F
01E4:  RRF    55,F
01E5:  INCF   77,F
01E6:  BTFSC  03.2
01E7:  GOTO   22A
01E8:  BTFSC  53.6
01E9:  GOTO   16C
01EA:  BTFSC  53.7
01EB:  GOTO   1AE
01EC:  GOTO   20C
01ED:  MOVLW  80
01EE:  XORWF  57,F
01EF:  BTFSS  57.7
01F0:  GOTO   1F5
01F1:  GOTO   22F
01F2:  MOVF   4E,W
01F3:  MOVWF  52
01F4:  GOTO   202
01F5:  MOVF   4A,W
01F6:  MOVWF  52
01F7:  MOVF   57,F
01F8:  BTFSS  03.2
01F9:  GOTO   202
01FA:  MOVF   56,F
01FB:  BTFSS  03.2
01FC:  GOTO   202
01FD:  MOVF   55,F
01FE:  BTFSS  03.2
01FF:  GOTO   202
0200:  CLRF   77
0201:  GOTO   223
0202:  BTFSC  57.7
0203:  GOTO   20C
0204:  BCF    03.0
0205:  RLF    54,F
0206:  RLF    55,F
0207:  RLF    56,F
0208:  RLF    57,F
0209:  DECFSZ 77,F
020A:  GOTO   202
020B:  GOTO   22A
020C:  BTFSS  52.7
020D:  GOTO   210
020E:  BSF    57.7
020F:  GOTO   223
0210:  BCF    57.7
0211:  GOTO   223
0212:  MOVF   4D,W
0213:  MOVWF  77
0214:  MOVF   4E,W
0215:  MOVWF  57
0216:  MOVF   4F,W
0217:  MOVWF  56
0218:  MOVF   50,W
0219:  MOVWF  55
021A:  GOTO   223
021B:  MOVF   49,W
021C:  MOVWF  77
021D:  MOVF   4A,W
021E:  MOVWF  57
021F:  MOVF   4B,W
0220:  MOVWF  56
0221:  MOVF   4C,W
0222:  MOVWF  55
0223:  MOVF   57,W
0224:  MOVWF  78
0225:  MOVF   56,W
0226:  MOVWF  79
0227:  MOVF   55,W
0228:  MOVWF  7A
0229:  GOTO   262
022A:  CLRF   77
022B:  CLRF   78
022C:  CLRF   79
022D:  CLRF   7A
022E:  GOTO   262
022F:  CLRF   54
0230:  COMF   55,F
0231:  COMF   56,F
0232:  COMF   57,F
0233:  COMF   54,F
0234:  INCF   54,F
0235:  BTFSS  03.2
0236:  GOTO   23D
0237:  INCF   55,F
0238:  BTFSS  03.2
0239:  GOTO   23D
023A:  INCF   56,F
023B:  BTFSC  03.2
023C:  INCF   57,F
023D:  BTFSC  53.0
023E:  GOTO   14B
023F:  BTFSC  53.1
0240:  GOTO   18D
0241:  BTFSC  53.2
0242:  GOTO   1C3
0243:  GOTO   1F2
0244:  MOVF   00,W
0245:  ADDWF  55,F
0246:  BTFSS  03.0
0247:  GOTO   24E
0248:  INCF   56,F
0249:  BTFSS  03.2
024A:  GOTO   24E
024B:  INCF   57,F
024C:  BTFSC  03.2
024D:  BSF    51.0
024E:  DECF   04,F
024F:  MOVF   00,W
0250:  ADDWF  56,F
0251:  BTFSS  03.0
0252:  GOTO   256
0253:  INCF   57,F
0254:  BTFSC  03.2
0255:  BSF    51.0
0256:  DECF   04,F
0257:  MOVF   00,W
0258:  BTFSS  00.7
0259:  XORLW  80
025A:  ADDWF  57,F
025B:  BTFSC  03.0
025C:  BSF    51.0
025D:  BTFSC  53.4
025E:  GOTO   152
025F:  BTFSC  53.5
0260:  GOTO   194
0261:  GOTO   1CA
0262:  RETURN
0263:  MOVF   49,W
0264:  BTFSC  03.2
0265:  GOTO   328
0266:  MOVWF  55
0267:  MOVF   4D,W
0268:  BTFSC  03.2
0269:  GOTO   328
026A:  SUBWF  55,F
026B:  BTFSS  03.0
026C:  GOTO   272
026D:  MOVLW  7F
026E:  ADDWF  55,F
026F:  BTFSC  03.0
0270:  GOTO   328
0271:  GOTO   278
0272:  MOVLW  81
0273:  SUBWF  55,F
0274:  BTFSS  03.0
0275:  GOTO   328
0276:  BTFSC  03.2
0277:  GOTO   328
0278:  MOVF   55,W
0279:  MOVWF  77
027A:  CLRF   78
027B:  CLRF   79
027C:  CLRF   7A
027D:  CLRF   54
027E:  MOVF   4A,W
027F:  MOVWF  53
0280:  BSF    53.7
0281:  MOVF   4B,W
0282:  MOVWF  52
0283:  MOVF   4C,W
0284:  MOVWF  51
0285:  MOVLW  19
0286:  MOVWF  55
0287:  MOVF   50,W
0288:  SUBWF  51,F
0289:  BTFSC  03.0
028A:  GOTO   29B
028B:  MOVLW  01
028C:  SUBWF  52,F
028D:  BTFSC  03.0
028E:  GOTO   29B
028F:  SUBWF  53,F
0290:  BTFSC  03.0
0291:  GOTO   29B
0292:  SUBWF  54,F
0293:  BTFSC  03.0
0294:  GOTO   29B
0295:  INCF   54,F
0296:  INCF   53,F
0297:  INCF   52,F
0298:  MOVF   50,W
0299:  ADDWF  51,F
029A:  GOTO   2CD
029B:  MOVF   4F,W
029C:  SUBWF  52,F
029D:  BTFSC  03.0
029E:  GOTO   2B6
029F:  MOVLW  01
02A0:  SUBWF  53,F
02A1:  BTFSC  03.0
02A2:  GOTO   2B6
02A3:  SUBWF  54,F
02A4:  BTFSC  03.0
02A5:  GOTO   2B6
02A6:  INCF   54,F
02A7:  INCF   53,F
02A8:  MOVF   4F,W
02A9:  ADDWF  52,F
02AA:  MOVF   50,W
02AB:  ADDWF  51,F
02AC:  BTFSS  03.0
02AD:  GOTO   2CD
02AE:  INCF   52,F
02AF:  BTFSS  03.2
02B0:  GOTO   2CD
02B1:  INCF   53,F
02B2:  BTFSS  03.2
02B3:  GOTO   2CD
02B4:  INCF   54,F
02B5:  GOTO   2CD
02B6:  MOVF   4E,W
02B7:  IORLW  80
02B8:  SUBWF  53,F
02B9:  BTFSC  03.0
02BA:  GOTO   2CC
02BB:  MOVLW  01
02BC:  SUBWF  54,F
02BD:  BTFSC  03.0
02BE:  GOTO   2CC
02BF:  INCF   54,F
02C0:  MOVF   4E,W
02C1:  IORLW  80
02C2:  ADDWF  53,F
02C3:  MOVF   4F,W
02C4:  ADDWF  52,F
02C5:  BTFSS  03.0
02C6:  GOTO   2AA
02C7:  INCF   53,F
02C8:  BTFSS  03.2
02C9:  GOTO   2AA
02CA:  INCF   54,F
02CB:  GOTO   2AA
02CC:  BSF    7A.0
02CD:  DECFSZ 55,F
02CE:  GOTO   2D0
02CF:  GOTO   2DB
02D0:  BCF    03.0
02D1:  RLF    51,F
02D2:  RLF    52,F
02D3:  RLF    53,F
02D4:  RLF    54,F
02D5:  BCF    03.0
02D6:  RLF    7A,F
02D7:  RLF    79,F
02D8:  RLF    78,F
02D9:  RLF    56,F
02DA:  GOTO   287
02DB:  BTFSS  56.0
02DC:  GOTO   2E3
02DD:  BCF    03.0
02DE:  RRF    78,F
02DF:  RRF    79,F
02E0:  RRF    7A,F
02E1:  RRF    56,F
02E2:  GOTO   2E6
02E3:  DECF   77,F
02E4:  BTFSC  03.2
02E5:  GOTO   328
02E6:  BTFSC  56.7
02E7:  GOTO   30F
02E8:  BCF    03.0
02E9:  RLF    51,F
02EA:  RLF    52,F
02EB:  RLF    53,F
02EC:  RLF    54,F
02ED:  MOVF   50,W
02EE:  SUBWF  51,F
02EF:  BTFSC  03.0
02F0:  GOTO   2FB
02F1:  MOVLW  01
02F2:  SUBWF  52,F
02F3:  BTFSC  03.0
02F4:  GOTO   2FB
02F5:  SUBWF  53,F
02F6:  BTFSC  03.0
02F7:  GOTO   2FB
02F8:  SUBWF  54,F
02F9:  BTFSS  03.0
02FA:  GOTO   31E
02FB:  MOVF   4F,W
02FC:  SUBWF  52,F
02FD:  BTFSC  03.0
02FE:  GOTO   306
02FF:  MOVLW  01
0300:  SUBWF  53,F
0301:  BTFSC  03.0
0302:  GOTO   306
0303:  SUBWF  54,F
0304:  BTFSS  03.0
0305:  GOTO   31E
0306:  MOVF   4E,W
0307:  IORLW  80
0308:  SUBWF  53,F
0309:  BTFSC  03.0
030A:  GOTO   30F
030B:  MOVLW  01
030C:  SUBWF  54,F
030D:  BTFSS  03.0
030E:  GOTO   31E
030F:  INCF   7A,F
0310:  BTFSS  03.2
0311:  GOTO   31E
0312:  INCF   79,F
0313:  BTFSS  03.2
0314:  GOTO   31E
0315:  INCF   78,F
0316:  BTFSS  03.2
0317:  GOTO   31E
0318:  INCF   77,F
0319:  BTFSC  03.2
031A:  GOTO   328
031B:  RRF    78,F
031C:  RRF    79,F
031D:  RRF    7A,F
031E:  MOVF   4A,W
031F:  MOVWF  55
0320:  MOVF   4E,W
0321:  XORWF  55,F
0322:  BTFSS  55.7
0323:  GOTO   326
0324:  BSF    78.7
0325:  GOTO   32C
0326:  BCF    78.7
0327:  GOTO   32C
0328:  CLRF   77
0329:  CLRF   78
032A:  CLRF   79
032B:  CLRF   7A
032C:  RETURN
032D:  MOVLW  8E
032E:  MOVWF  77
032F:  MOVF   4A,W
0330:  MOVWF  78
0331:  MOVF   49,W
0332:  MOVWF  79
0333:  CLRF   7A
0334:  MOVF   78,F
0335:  BTFSS  03.2
0336:  GOTO   341
0337:  MOVF   79,W
0338:  MOVWF  78
0339:  CLRF   79
033A:  MOVLW  08
033B:  SUBWF  77,F
033C:  MOVF   78,F
033D:  BTFSS  03.2
033E:  GOTO   341
033F:  CLRF   77
0340:  GOTO   349
0341:  BCF    03.0
0342:  BTFSC  78.7
0343:  GOTO   348
0344:  RLF    79,F
0345:  RLF    78,F
0346:  DECF   77,F
0347:  GOTO   341
0348:  BCF    78.7
0349:  RETURN
034A:  MOVF   52,W
034B:  BTFSC  03.2
034C:  GOTO   3BA
034D:  MOVWF  5A
034E:  MOVF   56,W
034F:  BTFSC  03.2
0350:  GOTO   3BA
0351:  ADDWF  5A,F
0352:  BTFSC  03.0
0353:  GOTO   35B
0354:  MOVLW  7F
0355:  SUBWF  5A,F
0356:  BTFSS  03.0
0357:  GOTO   3BA
0358:  BTFSC  03.2
0359:  GOTO   3BA
035A:  GOTO   35F
035B:  MOVLW  81
035C:  ADDWF  5A,F
035D:  BTFSC  03.0
035E:  GOTO   3BA
035F:  MOVF   5A,W
0360:  MOVWF  77
0361:  CLRF   78
0362:  CLRF   79
0363:  CLRF   7A
0364:  MOVF   53,W
0365:  MOVWF  5E
0366:  BSF    5E.7
0367:  MOVF   54,W
0368:  MOVWF  5D
0369:  MOVF   55,W
036A:  MOVWF  5C
036B:  MOVLW  18
036C:  MOVWF  5A
036D:  CLRF   5B
036E:  BTFSS  5C.0
036F:  GOTO   388
0370:  MOVF   59,W
0371:  ADDWF  7A,F
0372:  BTFSS  03.0
0373:  GOTO   37A
0374:  INCF   79,F
0375:  BTFSS  03.2
0376:  GOTO   37A
0377:  INCF   78,F
0378:  BTFSC  03.2
0379:  BSF    5B.7
037A:  MOVF   58,W
037B:  ADDWF  79,F
037C:  BTFSS  03.0
037D:  GOTO   381
037E:  INCF   78,F
037F:  BTFSC  03.2
0380:  BSF    5B.7
0381:  MOVF   57,W
0382:  MOVWF  54
0383:  BSF    54.7
0384:  MOVF   54,W
0385:  ADDWF  78,F
0386:  BTFSC  03.0
0387:  BSF    5B.7
0388:  RLF    5B,F
0389:  RRF    78,F
038A:  RRF    79,F
038B:  RRF    7A,F
038C:  RRF    5E,F
038D:  RRF    5D,F
038E:  RRF    5C,F
038F:  BCF    03.0
0390:  DECFSZ 5A,F
0391:  GOTO   36D
0392:  MOVLW  01
0393:  ADDWF  77,F
0394:  BTFSC  03.0
0395:  GOTO   3BA
0396:  BTFSC  78.7
0397:  GOTO   39F
0398:  RLF    5E,F
0399:  RLF    7A,F
039A:  RLF    79,F
039B:  RLF    78,F
039C:  DECF   77,F
039D:  BTFSC  03.2
039E:  GOTO   3BA
039F:  BTFSS  5E.7
03A0:  GOTO   3B0
03A1:  INCF   7A,F
03A2:  BTFSS  03.2
03A3:  GOTO   3B0
03A4:  INCF   79,F
03A5:  BTFSS  03.2
03A6:  GOTO   3B0
03A7:  INCF   78,F
03A8:  BTFSS  03.2
03A9:  GOTO   3B0
03AA:  RRF    78,F
03AB:  RRF    79,F
03AC:  RRF    7A,F
03AD:  INCF   77,F
03AE:  BTFSC  03.2
03AF:  GOTO   3BA
03B0:  MOVF   53,W
03B1:  MOVWF  5B
03B2:  MOVF   57,W
03B3:  XORWF  5B,F
03B4:  BTFSS  5B.7
03B5:  GOTO   3B8
03B6:  BSF    78.7
03B7:  GOTO   3BE
03B8:  BCF    78.7
03B9:  GOTO   3BE
03BA:  CLRF   77
03BB:  CLRF   78
03BC:  CLRF   79
03BD:  CLRF   7A
03BE:  RETURN
03BF:  MOVLW  8E
03C0:  MOVWF  77
03C1:  MOVF   45,W
03C2:  SUBWF  77,F
03C3:  MOVF   46,W
03C4:  MOVWF  79
03C5:  MOVF   47,W
03C6:  MOVWF  78
03C7:  BSF    79.7
03C8:  MOVF   77,F
03C9:  BTFSC  03.2
03CA:  GOTO   3D6
03CB:  BCF    03.0
03CC:  MOVF   79,F
03CD:  BTFSS  03.2
03CE:  GOTO   3D2
03CF:  MOVF   78,F
03D0:  BTFSC  03.2
03D1:  GOTO   3D6
03D2:  RRF    79,F
03D3:  RRF    78,F
03D4:  DECFSZ 77,F
03D5:  GOTO   3CB
03D6:  BTFSS  46.7
03D7:  GOTO   3DD
03D8:  COMF   78,F
03D9:  COMF   79,F
03DA:  INCF   78,F
03DB:  BTFSC  03.2
03DC:  INCF   79,F
03DD:  BCF    0A.3
03DE:  BCF    0A.4
03DF:  GOTO   781 (RETURN)
*
041E:  MOVF   0B,W
041F:  MOVWF  45
0420:  BCF    0B.7
0421:  BSF    03.5
0422:  BSF    03.6
0423:  BSF    0C.7
0424:  BSF    0C.0
0425:  NOP
0426:  NOP
0427:  BCF    03.5
0428:  BCF    03.6
0429:  BTFSC  45.7
042A:  BSF    0B.7
042B:  BSF    03.6
042C:  MOVF   0C,W
042D:  ANDLW  7F
042E:  BTFSC  03.2
042F:  GOTO   472
0430:  BCF    03.6
0431:  MOVWF  45
0432:  BSF    03.6
0433:  MOVF   0D,W
0434:  BCF    03.6
0435:  MOVWF  46
0436:  BSF    03.6
0437:  MOVF   0F,W
0438:  BCF    03.6
0439:  MOVWF  47
043A:  MOVF   45,W
043B:  MOVWF  52
043C:  CALL   3F2
043D:  MOVF   46,W
043E:  BSF    03.6
043F:  MOVWF  0D
0440:  BCF    03.6
0441:  MOVF   47,W
0442:  BSF    03.6
0443:  MOVWF  0F
0444:  BCF    03.6
0445:  MOVF   0B,W
0446:  MOVWF  48
0447:  BCF    0B.7
0448:  BSF    03.5
0449:  BSF    03.6
044A:  BSF    0C.7
044B:  BSF    0C.0
044C:  NOP
044D:  NOP
044E:  BCF    03.5
044F:  BCF    03.6
0450:  BTFSC  48.7
0451:  BSF    0B.7
0452:  BSF    03.6
0453:  RLF    0C,W
0454:  RLF    0E,W
0455:  ANDLW  7F
0456:  BTFSC  03.2
0457:  GOTO   472
0458:  BCF    03.6
0459:  MOVWF  45
045A:  BSF    03.6
045B:  MOVF   0D,W
045C:  BCF    03.6
045D:  MOVWF  46
045E:  BSF    03.6
045F:  MOVF   0F,W
0460:  BCF    03.6
0461:  MOVWF  47
0462:  MOVF   45,W
0463:  MOVWF  52
0464:  CALL   3F2
0465:  MOVF   46,W
0466:  BSF    03.6
0467:  MOVWF  0D
0468:  BCF    03.6
0469:  MOVF   47,W
046A:  BSF    03.6
046B:  MOVWF  0F
046C:  INCF   0D,F
046D:  BTFSC  03.2
046E:  INCF   0F,F
046F:  BCF    03.6
0470:  GOTO   41E
0471:  BSF    03.6
0472:  BCF    03.6
0473:  BCF    0A.3
0474:  BCF    0A.4
0475:  GOTO   7A2 (RETURN)
0476:  BTFSC  03.1
0477:  GOTO   47B
0478:  MOVLW  5A
0479:  MOVWF  04
047A:  BCF    03.7
047B:  CLRF   77
047C:  CLRF   78
047D:  CLRF   79
047E:  CLRF   7A
047F:  CLRF   5A
0480:  CLRF   5B
0481:  CLRF   5C
0482:  CLRF   5D
0483:  MOVF   59,W
0484:  IORWF  58,W
0485:  IORWF  57,W
0486:  IORWF  56,W
0487:  BTFSC  03.2
0488:  GOTO   4B9
0489:  MOVLW  20
048A:  MOVWF  5E
048B:  BCF    03.0
048C:  RLF    52,F
048D:  RLF    53,F
048E:  RLF    54,F
048F:  RLF    55,F
0490:  RLF    5A,F
0491:  RLF    5B,F
0492:  RLF    5C,F
0493:  RLF    5D,F
0494:  MOVF   59,W
0495:  SUBWF  5D,W
0496:  BTFSS  03.2
0497:  GOTO   4A2
0498:  MOVF   58,W
0499:  SUBWF  5C,W
049A:  BTFSS  03.2
049B:  GOTO   4A2
049C:  MOVF   57,W
049D:  SUBWF  5B,W
049E:  BTFSS  03.2
049F:  GOTO   4A2
04A0:  MOVF   56,W
04A1:  SUBWF  5A,W
04A2:  BTFSS  03.0
04A3:  GOTO   4B3
04A4:  MOVF   56,W
04A5:  SUBWF  5A,F
04A6:  MOVF   57,W
04A7:  BTFSS  03.0
04A8:  INCFSZ 57,W
04A9:  SUBWF  5B,F
04AA:  MOVF   58,W
04AB:  BTFSS  03.0
04AC:  INCFSZ 58,W
04AD:  SUBWF  5C,F
04AE:  MOVF   59,W
04AF:  BTFSS  03.0
04B0:  INCFSZ 59,W
04B1:  SUBWF  5D,F
04B2:  BSF    03.0
04B3:  RLF    77,F
04B4:  RLF    78,F
04B5:  RLF    79,F
04B6:  RLF    7A,F
04B7:  DECFSZ 5E,F
04B8:  GOTO   48B
04B9:  MOVF   5A,W
04BA:  MOVWF  00
04BB:  INCF   04,F
04BC:  MOVF   5B,W
04BD:  MOVWF  00
04BE:  INCF   04,F
04BF:  MOVF   5C,W
04C0:  MOVWF  00
04C1:  INCF   04,F
04C2:  MOVF   5D,W
04C3:  MOVWF  00
04C4:  RETURN
04C5:  MOVF   04,W
04C6:  MOVWF  4A
04C7:  MOVF   49,W
04C8:  MOVWF  4C
04C9:  BTFSC  03.2
04CA:  GOTO   4E4
04CB:  MOVF   48,W
04CC:  MOVWF  55
04CD:  MOVF   47,W
04CE:  MOVWF  54
04CF:  MOVF   46,W
04D0:  MOVWF  53
04D1:  MOVF   45,W
04D2:  MOVWF  52
04D3:  CLRF   59
04D4:  CLRF   58
04D5:  MOVLW  20
04D6:  MOVWF  57
04D7:  MOVLW  82
04D8:  MOVWF  56
04D9:  CALL   34A
04DA:  MOVF   7A,W
04DB:  MOVWF  48
04DC:  MOVF   79,W
04DD:  MOVWF  47
04DE:  MOVF   78,W
04DF:  MOVWF  46
04E0:  MOVF   77,W
04E1:  MOVWF  45
04E2:  DECFSZ 4C,F
04E3:  GOTO   4CB
04E4:  MOVF   48,W
04E5:  MOVWF  55
04E6:  MOVF   47,W
04E7:  MOVWF  54
04E8:  MOVF   46,W
04E9:  MOVWF  53
04EA:  MOVF   45,W
04EB:  MOVWF  52
04EC:  MOVF   52,W
04ED:  SUBLW  B6
04EE:  MOVWF  52
04EF:  CLRF   7A
04F0:  MOVF   53,W
04F1:  MOVWF  56
04F2:  BSF    53.7
04F3:  BCF    03.0
04F4:  RRF    53,F
04F5:  RRF    54,F
04F6:  RRF    55,F
04F7:  RRF    7A,F
04F8:  RRF    79,F
04F9:  RRF    78,F
04FA:  RRF    77,F
04FB:  DECFSZ 52,F
04FC:  GOTO   4F3
04FD:  BTFSS  56.7
04FE:  GOTO   50A
04FF:  COMF   77,F
0500:  COMF   78,F
0501:  COMF   79,F
0502:  COMF   7A,F
0503:  INCF   77,F
0504:  BTFSC  03.2
0505:  INCF   78,F
0506:  BTFSC  03.2
0507:  INCF   79,F
0508:  BTFSC  03.2
0509:  INCF   7A,F
050A:  MOVF   7A,W
050B:  MOVWF  48
050C:  MOVF   79,W
050D:  MOVWF  47
050E:  MOVF   78,W
050F:  MOVWF  46
0510:  MOVF   77,W
0511:  MOVWF  45
0512:  BTFSS  48.7
0513:  GOTO   521
0514:  DECF   4A,F
0515:  BSF    4A.5
0516:  COMF   45,F
0517:  COMF   46,F
0518:  COMF   47,F
0519:  COMF   48,F
051A:  INCF   45,F
051B:  BTFSC  03.2
051C:  INCF   46,F
051D:  BTFSC  03.2
051E:  INCF   47,F
051F:  BTFSC  03.2
0520:  INCF   48,F
0521:  MOVLW  3B
0522:  MOVWF  51
0523:  MOVLW  9A
0524:  MOVWF  50
0525:  MOVLW  CA
0526:  MOVWF  4F
0527:  CLRF   4E
0528:  MOVLW  0A
0529:  MOVWF  4C
052A:  MOVF   49,W
052B:  BTFSC  03.2
052C:  INCF   4A,F
052D:  BSF    03.1
052E:  MOVLW  45
052F:  MOVWF  04
0530:  BCF    03.7
0531:  MOVF   48,W
0532:  MOVWF  55
0533:  MOVF   47,W
0534:  MOVWF  54
0535:  MOVF   46,W
0536:  MOVWF  53
0537:  MOVF   45,W
0538:  MOVWF  52
0539:  MOVF   51,W
053A:  MOVWF  59
053B:  MOVF   50,W
053C:  MOVWF  58
053D:  MOVF   4F,W
053E:  MOVWF  57
053F:  MOVF   4E,W
0540:  MOVWF  56
0541:  CALL   476
0542:  MOVF   78,W
0543:  MOVF   77,F
0544:  BTFSS  03.2
0545:  GOTO   559
0546:  INCF   49,W
0547:  SUBWF  4C,W
0548:  BTFSC  03.2
0549:  GOTO   559
054A:  MOVF   4A,W
054B:  BTFSC  03.2
054C:  GOTO   55B
054D:  ANDLW  0F
054E:  SUBWF  4C,W
054F:  BTFSC  03.2
0550:  GOTO   553
0551:  BTFSC  03.0
0552:  GOTO   58B
0553:  BTFSC  4A.7
0554:  GOTO   58B
0555:  BTFSC  4A.6
0556:  GOTO   55B
0557:  MOVLW  20
0558:  GOTO   587
0559:  MOVLW  20
055A:  ANDWF  4A,F
055B:  BTFSS  4A.5
055C:  GOTO   569
055D:  BCF    4A.5
055E:  MOVF   49,W
055F:  BTFSS  03.2
0560:  DECF   4A,F
0561:  MOVF   77,W
0562:  MOVWF  4A
0563:  MOVLW  2D
0564:  MOVWF  52
0565:  CALL   3F2
0566:  MOVF   4A,W
0567:  MOVWF  77
0568:  CLRF   4A
0569:  MOVF   49,W
056A:  SUBWF  4C,W
056B:  BTFSS  03.2
056C:  GOTO   577
056D:  MOVF   77,W
056E:  MOVWF  4A
056F:  MOVLW  2E
0570:  MOVWF  52
0571:  CALL   3F2
0572:  MOVF   4A,W
0573:  MOVWF  77
0574:  MOVLW  20
0575:  ANDWF  4A,F
0576:  MOVLW  00
0577:  MOVLW  30
0578:  BTFSS  4A.5
0579:  GOTO   587
057A:  BCF    4A.5
057B:  MOVF   49,W
057C:  BTFSS  03.2
057D:  DECF   4A,F
057E:  MOVF   77,W
057F:  MOVWF  4A
0580:  MOVLW  2D
0581:  MOVWF  52
0582:  CALL   3F2
0583:  MOVF   4A,W
0584:  MOVWF  77
0585:  CLRF   4A
0586:  MOVLW  30
0587:  ADDWF  77,F
0588:  MOVF   77,W
0589:  MOVWF  52
058A:  CALL   3F2
058B:  BCF    03.1
058C:  MOVF   51,W
058D:  MOVWF  55
058E:  MOVF   50,W
058F:  MOVWF  54
0590:  MOVF   4F,W
0591:  MOVWF  53
0592:  MOVF   4E,W
0593:  MOVWF  52
0594:  CLRF   59
0595:  CLRF   58
0596:  CLRF   57
0597:  MOVLW  0A
0598:  MOVWF  56
0599:  CALL   476
059A:  MOVF   7A,W
059B:  MOVWF  51
059C:  MOVF   79,W
059D:  MOVWF  50
059E:  MOVF   78,W
059F:  MOVWF  4F
05A0:  MOVF   77,W
05A1:  MOVWF  4E
05A2:  DECFSZ 4C,F
05A3:  GOTO   52D
05A4:  BCF    0A.3
05A5:  BCF    0A.4
05A6:  GOTO   7B7 (RETURN)
05A7:  MOVF   0B,W
05A8:  MOVWF  46
05A9:  BCF    0B.7
05AA:  BSF    03.5
05AB:  BSF    03.6
05AC:  BSF    0C.7
05AD:  BSF    0C.0
05AE:  NOP
05AF:  NOP
05B0:  BCF    03.5
05B1:  BCF    03.6
05B2:  BTFSC  46.7
05B3:  BSF    0B.7
05B4:  BTFSC  03.0
05B5:  GOTO   5DE
05B6:  BSF    03.6
05B7:  MOVF   0C,W
05B8:  ANDLW  7F
05B9:  BCF    03.6
05BA:  MOVWF  46
05BB:  BSF    03.6
05BC:  MOVF   0D,W
05BD:  BCF    03.6
05BE:  MOVWF  47
05BF:  BSF    03.6
05C0:  MOVF   0F,W
05C1:  BCF    03.6
05C2:  MOVWF  48
05C3:  MOVF   46,W
05C4:  MOVWF  52
05C5:  CALL   3F2
05C6:  MOVF   47,W
05C7:  BSF    03.6
05C8:  MOVWF  0D
05C9:  BCF    03.6
05CA:  MOVF   48,W
05CB:  BSF    03.6
05CC:  MOVWF  0F
05CD:  BCF    03.6
05CE:  MOVF   0B,W
05CF:  MOVWF  49
05D0:  BCF    0B.7
05D1:  BSF    03.5
05D2:  BSF    03.6
05D3:  BSF    0C.7
05D4:  BSF    0C.0
05D5:  NOP
05D6:  NOP
05D7:  BCF    03.5
05D8:  BCF    03.6
05D9:  BTFSC  49.7
05DA:  BSF    0B.7
05DB:  DECFSZ 45,F
05DC:  GOTO   5DE
05DD:  GOTO   5FD
05DE:  BSF    03.6
05DF:  RLF    0C,W
05E0:  RLF    0E,W
05E1:  ANDLW  7F
05E2:  BCF    03.6
05E3:  MOVWF  46
05E4:  BSF    03.6
05E5:  MOVF   0D,W
05E6:  BCF    03.6
05E7:  MOVWF  47
05E8:  BSF    03.6
05E9:  MOVF   0F,W
05EA:  BCF    03.6
05EB:  MOVWF  48
05EC:  MOVF   46,W
05ED:  MOVWF  52
05EE:  CALL   3F2
05EF:  MOVF   47,W
05F0:  BSF    03.6
05F1:  MOVWF  0D
05F2:  BCF    03.6
05F3:  MOVF   48,W
05F4:  BSF    03.6
05F5:  MOVWF  0F
05F6:  INCF   0D,F
05F7:  BTFSC  03.2
05F8:  INCF   0F,F
05F9:  BCF    03.0
05FA:  BCF    03.6
05FB:  DECFSZ 45,F
05FC:  GOTO   5A7
05FD:  BCF    0A.3
05FE:  BCF    0A.4
05FF:  GOTO   7C1 (RETURN)
.................... 
.................... #list
.................... 
.................... #device ADC=10
.................... #use delay(crystal=4MHz)
*
000F:  MOVLW  53
0010:  MOVWF  04
0011:  BCF    03.7
0012:  MOVF   00,W
0013:  BTFSC  03.2
0014:  GOTO   023
0015:  MOVLW  01
0016:  MOVWF  78
0017:  CLRF   77
0018:  DECFSZ 77,F
0019:  GOTO   018
001A:  DECFSZ 78,F
001B:  GOTO   017
001C:  MOVLW  4A
001D:  MOVWF  77
001E:  DECFSZ 77,F
001F:  GOTO   01E
0020:  GOTO   021
0021:  DECFSZ 00,F
0022:  GOTO   015
0023:  RETURN
.................... 
.................... 
.................... // Habilitamos los pines para la LCD
.................... #define LCD_ENABLE_PIN  PIN_B3
.................... #define LCD_RS_PIN      PIN_B1
.................... #define LCD_RW_PIN      PIN_B2
.................... #define LCD_DATA4       PIN_B4
.................... #define LCD_DATA5       PIN_B5
.................... #define LCD_DATA6       PIN_B6
.................... #define LCD_DATA7       PIN_B7
.................... #include <lcd.c>
.................... ///////////////////////////////////////////////////////////////////////////////
.................... ////                             LCD.C                                     ////
.................... ////                 Driver for common LCD modules                         ////
.................... ////                                                                       ////
.................... ////  lcd_init()   Must be called before any other function.               ////
.................... ////                                                                       ////
.................... ////  lcd_putc(c)  Will display c on the next position of the LCD.         ////
.................... ////                 \a  Set cursor position to upper left                 ////
.................... ////                 \f  Clear display, set cursor to upper left           ////
.................... ////                 \n  Go to start of second line                        ////
.................... ////                 \b  Move back one position                            ////
.................... ////              If LCD_EXTENDED_NEWLINE is defined, the \n character     ////
.................... ////              will erase all remanining characters on the current      ////
.................... ////              line, and move the cursor to the beginning of the next   ////
.................... ////              line.                                                    ////
.................... ////              If LCD_EXTENDED_NEWLINE is defined, the \r character     ////
.................... ////              will move the cursor to the start of the current         ////
.................... ////              line.                                                    ////
.................... ////                                                                       ////
.................... ////  lcd_gotoxy(x,y) Set write position on LCD (upper left is 1,1)        ////
.................... ////                                                                       ////
.................... ////  lcd_getc(x,y)   Returns character at position x,y on LCD             ////
.................... ////                                                                       ////
.................... ////  lcd_cursor_on(int1 on)   Turn the cursor on (on=TRUE) or off         ////
.................... ////              (on=FALSE).                                              ////
.................... ////                                                                       ////
.................... ////  lcd_set_cgram_char(w, *p)   Write a custom character to the CGRAM.   ////
.................... ////                                                                       ////
.................... ////                                                                       ////
.................... ////  CONFIGURATION                                                        ////
.................... ////  The LCD can be configured in one of two ways: a.) port access or     ////
.................... ////  b.) pin access.  Port access requires the entire 7 bit interface     ////
.................... ////  connected to one GPIO port, and the data bits (D4:D7 of the LCD)     ////
.................... ////  connected to sequential pins on the GPIO.  Pin access                ////
.................... ////  has no requirements, all 7 bits of the control interface can         ////
.................... ////  can be connected to any GPIO using several ports.                    ////
.................... ////                                                                       ////
.................... ////  To use port access, #define LCD_DATA_PORT to the SFR location of     ////
.................... ////  of the GPIO port that holds the interface, -AND- edit LCD_PIN_MAP    ////
.................... ////  of this file to configure the pin order.  If you are using a         ////
.................... ////  baseline PIC (PCB), then LCD_OUTPUT_MAP and LCD_INPUT_MAP also must  ////
.................... ////  be defined.                                                          ////
.................... ////                                                                       ////
.................... ////  Example of port access:                                              ////
.................... ////     #define LCD_DATA_PORT getenv("SFR:PORTD")                         ////
.................... ////                                                                       ////
.................... ////  To use pin access, the following pins must be defined:               ////
.................... ////     LCD_ENABLE_PIN                                                    ////
.................... ////     LCD_RS_PIN                                                        ////
.................... ////     LCD_RW_PIN                                                        ////
.................... ////     LCD_DATA4                                                         ////
.................... ////     LCD_DATA5                                                         ////
.................... ////     LCD_DATA6                                                         ////
.................... ////     LCD_DATA7                                                         ////
.................... ////                                                                       ////
.................... ////  Example of pin access:                                               ////
.................... ////     #define LCD_ENABLE_PIN  PIN_E0                                    ////
.................... ////     #define LCD_RS_PIN      PIN_E1                                    ////
.................... ////     #define LCD_RW_PIN      PIN_E2                                    ////
.................... ////     #define LCD_DATA4       PIN_D4                                    ////
.................... ////     #define LCD_DATA5       PIN_D5                                    ////
.................... ////     #define LCD_DATA6       PIN_D6                                    ////
.................... ////     #define LCD_DATA7       PIN_D7                                    ////
.................... ////                                                                       ////
.................... ///////////////////////////////////////////////////////////////////////////////
.................... ////        (C) Copyright 1996,2010 Custom Computer Services           ////
.................... //// This source code may only be used by licensed users of the CCS C  ////
.................... //// compiler.  This source code may only be distributed to other      ////
.................... //// licensed users of the CCS C compiler.  No other use, reproduction ////
.................... //// or distribution is permitted without written permission.          ////
.................... //// Derivative programs created using this software in object code    ////
.................... //// form are not restricted in any way.                               ////
.................... ///////////////////////////////////////////////////////////////////////////
.................... 
.................... #ifndef __LCD_C__
.................... #define __LCD_C__
.................... 
.................... // define the pinout.
.................... // only required if port access is being used.
.................... typedef struct  
.................... {                            // This structure is overlayed
....................    int1 enable;           // on to an I/O port to gain
....................    int1 rs;               // access to the LCD pins.
....................    int1 rw;               // The bits are allocated from
....................    int1 unused;           // low order up.  ENABLE will
....................    unsigned int     data : 4;         // be LSB pin of that port.
....................   #if defined(__PCD__)       // The port used will be LCD_DATA_PORT.
....................    unsigned int    reserved: 8;
....................   #endif
.................... } LCD_PIN_MAP;
.................... 
.................... // this is to improve compatability with previous LCD drivers that accepted
.................... // a define labeled 'use_portb_lcd' that configured the LCD onto port B.
.................... #if ((defined(use_portb_lcd)) && (use_portb_lcd==TRUE))
....................  #define LCD_DATA_PORT getenv("SFR:PORTB")
.................... #endif
.................... 
.................... #if defined(__PCB__)
....................    // these definitions only need to be modified for baseline PICs.
....................    // all other PICs use LCD_PIN_MAP or individual LCD_xxx pin definitions.
.................... /*                                    EN, RS,   RW,   UNUSED,  DATA  */
....................  const LCD_PIN_MAP LCD_OUTPUT_MAP =  {0,  0,    0,    0,       0};
....................  const LCD_PIN_MAP LCD_INPUT_MAP =   {0,  0,    0,    0,       0xF};
.................... #endif
.................... 
.................... ////////////////////// END CONFIGURATION ///////////////////////////////////
.................... 
.................... #ifndef LCD_ENABLE_PIN
....................    #define lcd_output_enable(x) lcdlat.enable=x
....................    #define lcd_enable_tris()   lcdtris.enable=0
.................... #else
....................    #define lcd_output_enable(x) output_bit(LCD_ENABLE_PIN, x)
....................    #define lcd_enable_tris()  output_drive(LCD_ENABLE_PIN)
.................... #endif
.................... 
.................... #ifndef LCD_RS_PIN
....................    #define lcd_output_rs(x) lcdlat.rs=x
....................    #define lcd_rs_tris()   lcdtris.rs=0
.................... #else
....................    #define lcd_output_rs(x) output_bit(LCD_RS_PIN, x)
....................    #define lcd_rs_tris()  output_drive(LCD_RS_PIN)
.................... #endif
.................... 
.................... #ifndef LCD_RW_PIN
....................    #define lcd_output_rw(x) lcdlat.rw=x
....................    #define lcd_rw_tris()   lcdtris.rw=0
.................... #else
....................    #define lcd_output_rw(x) output_bit(LCD_RW_PIN, x)
....................    #define lcd_rw_tris()  output_drive(LCD_RW_PIN)
.................... #endif
.................... 
.................... // original version of this library incorrectly labeled LCD_DATA0 as LCD_DATA4,
.................... // LCD_DATA1 as LCD_DATA5, and so on.  this block of code makes the driver
.................... // compatible with any code written for the original library
.................... #if (defined(LCD_DATA0) && defined(LCD_DATA1) && defined(LCD_DATA2) && defined(LCD_DATA3) && !defined(LCD_DATA4) && !defined(LCD_DATA5) && !defined(LCD_DATA6) && !defined(LCD_DATA7))
....................    #define  LCD_DATA4    LCD_DATA0
....................    #define  LCD_DATA5    LCD_DATA1
....................    #define  LCD_DATA6    LCD_DATA2
....................    #define  LCD_DATA7    LCD_DATA3
.................... #endif
.................... 
.................... #ifndef LCD_DATA4
.................... #ifndef LCD_DATA_PORT
....................    #if defined(__PCB__)
....................       #define LCD_DATA_PORT      0x06     //portb
....................       #define set_tris_lcd(x)   set_tris_b(x)
....................    #else
....................      #if defined(PIN_D0)
....................       #define LCD_DATA_PORT      getenv("SFR:PORTD")     //portd
....................      #else
....................       #define LCD_DATA_PORT      getenv("SFR:PORTB")     //portb
....................      #endif
....................    #endif   
.................... #endif
.................... 
.................... #if defined(__PCB__)
....................    LCD_PIN_MAP lcd, lcdlat;
....................    #byte lcd = LCD_DATA_PORT
....................    #byte lcdlat = LCD_DATA_PORT
.................... #elif defined(__PCM__)
....................    LCD_PIN_MAP lcd, lcdlat, lcdtris;
....................    #byte lcd = LCD_DATA_PORT
....................    #byte lcdlat = LCD_DATA_PORT
....................    #byte lcdtris = LCD_DATA_PORT+0x80
.................... #elif defined(__PCH__)
....................    LCD_PIN_MAP lcd, lcdlat, lcdtris;
....................    #byte lcd = LCD_DATA_PORT
....................    #byte lcdlat = LCD_DATA_PORT+9
....................    #byte lcdtris = LCD_DATA_PORT+0x12
.................... #elif defined(__PCD__)
....................    LCD_PIN_MAP lcd, lcdlat, lcdtris;
....................    #word lcd = LCD_DATA_PORT
....................    #word lcdlat = LCD_DATA_PORT+2
....................    #word lcdtris = LCD_DATA_PORT-0x02
.................... #endif
.................... #endif   //LCD_DATA4 not defined
.................... 
.................... #ifndef LCD_TYPE
....................    #define LCD_TYPE 2           // 0=5x7, 1=5x10, 2=2 lines
.................... #endif
.................... 
.................... #ifndef LCD_LINE_TWO
....................    #define LCD_LINE_TWO 0x40    // LCD RAM address for the second line
.................... #endif
.................... 
.................... #ifndef LCD_LINE_LENGTH
....................    #define LCD_LINE_LENGTH 20
.................... #endif
.................... 
.................... unsigned int8 lcd_read_nibble(void);
.................... 
.................... unsigned int8 lcd_read_byte(void)
.................... {
....................    unsigned int8 low,high;
.................... 
....................  #if defined(__PCB__)
....................    set_tris_lcd(LCD_INPUT_MAP);
....................  #else
....................   #if (defined(LCD_DATA4) && defined(LCD_DATA5) && defined(LCD_DATA6) && defined(LCD_DATA7))
....................    output_float(LCD_DATA4);
*
0088:  BSF    06.4
....................    output_float(LCD_DATA5);
0089:  BSF    06.5
....................    output_float(LCD_DATA6);
008A:  BSF    06.6
....................    output_float(LCD_DATA7);
008B:  BSF    06.7
....................   #else
....................    lcdtris.data = 0xF;
....................   #endif
....................  #endif
....................         
....................    lcd_output_rw(1);
008C:  BCF    03.5
008D:  BSF    06.2
008E:  BSF    03.5
008F:  BCF    06.2
....................    delay_cycles(1);
0090:  NOP
....................    lcd_output_enable(1);
0091:  BCF    03.5
0092:  BSF    06.3
0093:  BSF    03.5
0094:  BCF    06.3
....................    delay_cycles(1);
0095:  NOP
....................    high = lcd_read_nibble();
0096:  BCF    03.5
0097:  CALL   04F
0098:  MOVF   78,W
0099:  MOVWF  5A
....................       
....................    lcd_output_enable(0);
009A:  BCF    06.3
009B:  BSF    03.5
009C:  BCF    06.3
....................    delay_cycles(1);
009D:  NOP
....................    lcd_output_enable(1);
009E:  BCF    03.5
009F:  BSF    06.3
00A0:  BSF    03.5
00A1:  BCF    06.3
....................    delay_us(1);
00A2:  NOP
....................    low = lcd_read_nibble();
00A3:  BCF    03.5
00A4:  CALL   04F
00A5:  MOVF   78,W
00A6:  MOVWF  59
....................       
....................    lcd_output_enable(0);
00A7:  BCF    06.3
00A8:  BSF    03.5
00A9:  BCF    06.3
.................... 
....................  #if defined(__PCB__)
....................    set_tris_lcd(LCD_OUTPUT_MAP);
....................  #else
....................   #if (defined(LCD_DATA4) && defined(LCD_DATA5) && defined(LCD_DATA6) && defined(LCD_DATA7))
....................    output_drive(LCD_DATA4);
00AA:  BCF    06.4
....................    output_drive(LCD_DATA5);
00AB:  BCF    06.5
....................    output_drive(LCD_DATA6);
00AC:  BCF    06.6
....................    output_drive(LCD_DATA7);
00AD:  BCF    06.7
....................   #else
....................    lcdtris.data = 0x0;
....................   #endif
....................  #endif
.................... 
....................    return( (high<<4) | low);
00AE:  BCF    03.5
00AF:  SWAPF  5A,W
00B0:  MOVWF  77
00B1:  MOVLW  F0
00B2:  ANDWF  77,F
00B3:  MOVF   77,W
00B4:  IORWF  59,W
00B5:  MOVWF  78
.................... }
.................... 
.................... unsigned int8 lcd_read_nibble(void)
.................... {
....................   #if (defined(LCD_DATA4) && defined(LCD_DATA5) && defined(LCD_DATA6) && defined(LCD_DATA7))
*
004F:  CLRF   5B
....................    unsigned int8 n = 0x00;
.................... 
....................    /* Read the data port */
....................    n |= input(LCD_DATA4);
0050:  BSF    03.5
0051:  BSF    06.4
0052:  MOVLW  00
0053:  BCF    03.5
0054:  BTFSC  06.4
0055:  MOVLW  01
0056:  IORWF  5B,F
....................    n |= input(LCD_DATA5) << 1;
0057:  BSF    03.5
0058:  BSF    06.5
0059:  MOVLW  00
005A:  BCF    03.5
005B:  BTFSC  06.5
005C:  MOVLW  01
005D:  MOVWF  77
005E:  BCF    03.0
005F:  RLF    77,F
0060:  MOVF   77,W
0061:  IORWF  5B,F
....................    n |= input(LCD_DATA6) << 2;
0062:  BSF    03.5
0063:  BSF    06.6
0064:  MOVLW  00
0065:  BCF    03.5
0066:  BTFSC  06.6
0067:  MOVLW  01
0068:  MOVWF  77
0069:  RLF    77,F
006A:  RLF    77,F
006B:  MOVLW  FC
006C:  ANDWF  77,F
006D:  MOVF   77,W
006E:  IORWF  5B,F
....................    n |= input(LCD_DATA7) << 3;
006F:  BSF    03.5
0070:  BSF    06.7
0071:  MOVLW  00
0072:  BCF    03.5
0073:  BTFSC  06.7
0074:  MOVLW  01
0075:  MOVWF  77
0076:  RLF    77,F
0077:  RLF    77,F
0078:  RLF    77,F
0079:  MOVLW  F8
007A:  ANDWF  77,F
007B:  MOVF   77,W
007C:  IORWF  5B,F
....................    
....................    return(n);
007D:  MOVF   5B,W
007E:  MOVWF  78
....................   #else
007F:  RETURN
....................    return(lcd.data);
....................   #endif
.................... }
.................... 
.................... void lcd_send_nibble(unsigned int8 n)
.................... {
....................   #if (defined(LCD_DATA4) && defined(LCD_DATA5) && defined(LCD_DATA6) && defined(LCD_DATA7))
....................    /* Write to the data port */
....................    output_bit(LCD_DATA4, bit_test(n, 0));
*
0024:  BTFSC  5A.0
0025:  GOTO   028
0026:  BCF    06.4
0027:  GOTO   029
0028:  BSF    06.4
0029:  BSF    03.5
002A:  BCF    06.4
....................    output_bit(LCD_DATA5, bit_test(n, 1));
002B:  BCF    03.5
002C:  BTFSC  5A.1
002D:  GOTO   030
002E:  BCF    06.5
002F:  GOTO   031
0030:  BSF    06.5
0031:  BSF    03.5
0032:  BCF    06.5
....................    output_bit(LCD_DATA6, bit_test(n, 2));
0033:  BCF    03.5
0034:  BTFSC  5A.2
0035:  GOTO   038
0036:  BCF    06.6
0037:  GOTO   039
0038:  BSF    06.6
0039:  BSF    03.5
003A:  BCF    06.6
....................    output_bit(LCD_DATA7, bit_test(n, 3));
003B:  BCF    03.5
003C:  BTFSC  5A.3
003D:  GOTO   040
003E:  BCF    06.7
003F:  GOTO   041
0040:  BSF    06.7
0041:  BSF    03.5
0042:  BCF    06.7
....................   #else      
....................    lcdlat.data = n;
....................   #endif
....................       
....................    delay_cycles(1);
0043:  NOP
....................    lcd_output_enable(1);
0044:  BCF    03.5
0045:  BSF    06.3
0046:  BSF    03.5
0047:  BCF    06.3
....................    delay_us(2);
0048:  GOTO   049
....................    lcd_output_enable(0);
0049:  BCF    03.5
004A:  BCF    06.3
004B:  BSF    03.5
004C:  BCF    06.3
004D:  BCF    03.5
004E:  RETURN
.................... }
.................... 
.................... void lcd_send_byte(unsigned int8 address, unsigned int8 n)
.................... {
....................   #if defined(__PCB__)
....................    set_tris_lcd(LCD_OUTPUT_MAP);
....................   #else
....................    lcd_enable_tris();
*
0080:  BSF    03.5
0081:  BCF    06.3
....................    lcd_rs_tris();
0082:  BCF    06.1
....................    lcd_rw_tris();
0083:  BCF    06.2
....................   #endif
.................... 
....................    lcd_output_rs(0);
0084:  BCF    03.5
0085:  BCF    06.1
0086:  BSF    03.5
0087:  BCF    06.1
....................    while ( bit_test(lcd_read_byte(),7) ) ;
*
00B6:  MOVF   78,W
00B7:  MOVWF  59
00B8:  BTFSS  59.7
00B9:  GOTO   0BC
00BA:  BSF    03.5
00BB:  GOTO   088
....................    lcd_output_rs(address);
00BC:  MOVF   57,F
00BD:  BTFSS  03.2
00BE:  GOTO   0C1
00BF:  BCF    06.1
00C0:  GOTO   0C2
00C1:  BSF    06.1
00C2:  BSF    03.5
00C3:  BCF    06.1
....................    delay_cycles(1);
00C4:  NOP
....................    lcd_output_rw(0);
00C5:  BCF    03.5
00C6:  BCF    06.2
00C7:  BSF    03.5
00C8:  BCF    06.2
....................    delay_cycles(1);
00C9:  NOP
....................    lcd_output_enable(0);
00CA:  BCF    03.5
00CB:  BCF    06.3
00CC:  BSF    03.5
00CD:  BCF    06.3
....................    lcd_send_nibble(n >> 4);
00CE:  BCF    03.5
00CF:  SWAPF  58,W
00D0:  MOVWF  59
00D1:  MOVLW  0F
00D2:  ANDWF  59,F
00D3:  MOVF   59,W
00D4:  MOVWF  5A
00D5:  CALL   024
....................    lcd_send_nibble(n & 0xf);
00D6:  MOVF   58,W
00D7:  ANDLW  0F
00D8:  MOVWF  59
00D9:  MOVWF  5A
00DA:  CALL   024
00DB:  RETURN
.................... }
.................... 
.................... #if defined(LCD_EXTENDED_NEWLINE)
.................... unsigned int8 g_LcdX, g_LcdY;
.................... #endif
.................... 
.................... void lcd_init(void) 
.................... {
....................    unsigned int8 i;
....................    unsigned int8 LCD_INIT_STRING[4] = {0x20 | (LCD_TYPE << 2), 0xc, 1, 6};
00DC:  MOVLW  28
00DD:  MOVWF  46
00DE:  MOVLW  0C
00DF:  MOVWF  47
00E0:  MOVLW  01
00E1:  MOVWF  48
00E2:  MOVLW  06
00E3:  MOVWF  49
....................                              // These bytes need to be sent to the LCD
....................                              // to start it up.
....................    
.................... 
....................    lcd_output_enable(0);
00E4:  BCF    06.3
00E5:  BSF    03.5
00E6:  BCF    06.3
....................    lcd_output_rs(0);
00E7:  BCF    03.5
00E8:  BCF    06.1
00E9:  BSF    03.5
00EA:  BCF    06.1
....................    lcd_output_rw(0);
00EB:  BCF    03.5
00EC:  BCF    06.2
00ED:  BSF    03.5
00EE:  BCF    06.2
.................... 
....................  #if defined(__PCB__)
....................    set_tris_lcd(LCD_OUTPUT_MAP);
....................  #else
....................   #if (defined(LCD_DATA4) && defined(LCD_DATA5) && defined(LCD_DATA6) && defined(LCD_DATA7))
....................    output_drive(LCD_DATA4);
00EF:  BCF    06.4
....................    output_drive(LCD_DATA5);
00F0:  BCF    06.5
....................    output_drive(LCD_DATA6);
00F1:  BCF    06.6
....................    output_drive(LCD_DATA7);
00F2:  BCF    06.7
....................   #else
....................    lcdtris.data = 0x0;
....................   #endif
....................    lcd_enable_tris();
00F3:  BCF    06.3
....................    lcd_rs_tris();
00F4:  BCF    06.1
....................    lcd_rw_tris();
00F5:  BCF    06.2
....................  #endif
....................     
....................    delay_ms(15);
00F6:  MOVLW  0F
00F7:  BCF    03.5
00F8:  MOVWF  53
00F9:  CALL   00F
....................    for(i=1;i<=3;++i)
00FA:  MOVLW  01
00FB:  MOVWF  45
00FC:  MOVF   45,W
00FD:  SUBLW  03
00FE:  BTFSS  03.0
00FF:  GOTO   108
....................    {
....................        lcd_send_nibble(3);
0100:  MOVLW  03
0101:  MOVWF  5A
0102:  CALL   024
....................        delay_ms(5);
0103:  MOVLW  05
0104:  MOVWF  53
0105:  CALL   00F
0106:  INCF   45,F
0107:  GOTO   0FC
....................    }
....................    
....................    lcd_send_nibble(2);
0108:  MOVLW  02
0109:  MOVWF  5A
010A:  CALL   024
....................    delay_ms(5);
010B:  MOVLW  05
010C:  MOVWF  53
010D:  CALL   00F
....................    for(i=0;i<=3;++i)
010E:  CLRF   45
010F:  MOVF   45,W
0110:  SUBLW  03
0111:  BTFSS  03.0
0112:  GOTO   11F
....................       lcd_send_byte(0,LCD_INIT_STRING[i]);
0113:  MOVLW  46
0114:  ADDWF  45,W
0115:  MOVWF  04
0116:  BCF    03.7
0117:  MOVF   00,W
0118:  MOVWF  4A
0119:  CLRF   57
011A:  MOVF   4A,W
011B:  MOVWF  58
011C:  CALL   080
.................... 
....................   #if defined(LCD_EXTENDED_NEWLINE)
011D:  INCF   45,F
011E:  GOTO   10F
011F:  BCF    0A.3
0120:  BCF    0A.4
0121:  GOTO   63A (RETURN)
....................    g_LcdX = 0;
....................    g_LcdY = 0;
....................   #endif
.................... }
.................... 
.................... void lcd_gotoxy(unsigned int8 x, unsigned int8 y)
.................... {
....................    unsigned int8 address;
....................    
....................    if(y!=1)
*
03E0:  DECFSZ 54,W
03E1:  GOTO   3E3
03E2:  GOTO   3E6
....................       address=LCD_LINE_TWO;
03E3:  MOVLW  40
03E4:  MOVWF  55
03E5:  GOTO   3E7
....................    else
....................       address=0;
03E6:  CLRF   55
....................      
....................    address+=x-1;
03E7:  MOVLW  01
03E8:  SUBWF  53,W
03E9:  ADDWF  55,F
....................    lcd_send_byte(0,0x80|address);
03EA:  MOVF   55,W
03EB:  IORLW  80
03EC:  MOVWF  56
03ED:  CLRF   57
03EE:  MOVF   56,W
03EF:  MOVWF  58
03F0:  CALL   080
.................... 
....................   #if defined(LCD_EXTENDED_NEWLINE)
03F1:  RETURN
....................    g_LcdX = x - 1;
....................    g_LcdY = y - 1;
....................   #endif
.................... }
.................... 
.................... void lcd_putc(char c)
.................... {
....................    switch (c)
03F2:  MOVF   52,W
03F3:  XORLW  07
03F4:  BTFSC  03.2
03F5:  GOTO   400
03F6:  XORLW  0B
03F7:  BTFSC  03.2
03F8:  GOTO   405
03F9:  XORLW  06
03FA:  BTFSC  03.2
03FB:  GOTO   40D
03FC:  XORLW  02
03FD:  BTFSC  03.2
03FE:  GOTO   413
03FF:  GOTO   418
....................    {
....................       case '\a'   :  lcd_gotoxy(1,1);     break;
0400:  MOVLW  01
0401:  MOVWF  53
0402:  MOVWF  54
0403:  CALL   3E0
0404:  GOTO   41D
.................... 
....................       case '\f'   :  lcd_send_byte(0,1);
0405:  CLRF   57
0406:  MOVLW  01
0407:  MOVWF  58
0408:  CALL   080
....................                      delay_ms(2);
0409:  MOVLW  02
040A:  MOVWF  53
040B:  CALL   00F
....................                     #if defined(LCD_EXTENDED_NEWLINE)
....................                      g_LcdX = 0;
....................                      g_LcdY = 0;
....................                     #endif
....................                      break;
040C:  GOTO   41D
.................... 
....................      #if defined(LCD_EXTENDED_NEWLINE)
....................       case '\r'   :  lcd_gotoxy(1, g_LcdY+1);   break;
....................       case '\n'   :
....................          while (g_LcdX++ < LCD_LINE_LENGTH)
....................          {
....................             lcd_send_byte(1, ' ');
....................          }
....................          lcd_gotoxy(1, g_LcdY+2);
....................          break;
....................      #else
....................       case '\n'   : lcd_gotoxy(1,2);        break;
040D:  MOVLW  01
040E:  MOVWF  53
040F:  MOVLW  02
0410:  MOVWF  54
0411:  CALL   3E0
0412:  GOTO   41D
....................      #endif
....................      
....................       case '\b'   : lcd_send_byte(0,0x10);  break;
0413:  CLRF   57
0414:  MOVLW  10
0415:  MOVWF  58
0416:  CALL   080
0417:  GOTO   41D
....................      
....................      #if defined(LCD_EXTENDED_NEWLINE)
....................       default     : 
....................          if (g_LcdX < LCD_LINE_LENGTH)
....................          {
....................             lcd_send_byte(1, c);
....................             g_LcdX++;
....................          }
....................          break;
....................      #else
....................       default     : lcd_send_byte(1,c);     break;
0418:  MOVLW  01
0419:  MOVWF  57
041A:  MOVF   52,W
041B:  MOVWF  58
041C:  CALL   080
....................      #endif
....................    }
041D:  RETURN
.................... }
....................  
.................... char lcd_getc(unsigned int8 x, unsigned int8 y)
.................... {
....................    char value;
.................... 
....................    lcd_gotoxy(x,y);
....................    while ( bit_test(lcd_read_byte(),7) ); // wait until busy flag is low
....................    lcd_output_rs(1);
....................    value = lcd_read_byte();
....................    lcd_output_rs(0);
....................    
....................    return(value);
.................... }
.................... 
.................... // write a custom character to the ram
.................... // which is 0-7 and specifies which character array we are modifying.
.................... // ptr points to an array of 8 bytes, where each byte is the next row of
.................... //    pixels.  only bits 0-4 are used.  the last row is the cursor row, and
.................... //    usually you will want to leave this byte 0x00.
.................... void lcd_set_cgram_char(unsigned int8 which, unsigned int8 *ptr)
.................... {
....................    unsigned int i;
.................... 
....................    which <<= 3;
....................    which &= 0x38;
.................... 
....................    lcd_send_byte(0, 0x40 | which);  //set cgram address
.................... 
....................    for(i=0; i<8; i++)
....................    {
....................       lcd_send_byte(1, *ptr++);
....................    }
....................   
....................    #if defined(LCD_EXTENDED_NEWLINE)
....................     lcd_gotoxy(g_LcdX+1, g_LcdY+1);  //set ddram address
....................    #endif
.................... }
.................... 
.................... void lcd_cursor_on(int1 on)
.................... {
....................    if (on)
....................    {
....................       lcd_send_byte(0,0x0F);           //turn LCD cursor ON
....................    }
....................    else
....................    {
....................       lcd_send_byte(0,0x0C);           //turn LCD cursor OFF
....................    }
.................... }
.................... 
.................... #endif
.................... 
.................... 
.................... // Declaramos una variable de tipo entero de 16 bits
.................... int16 valor_ADC;
.................... // Declaramos una variable de tipo flotante para referenciar al angulo
.................... float angulo=0;
.................... // Declaramos una variable de tipo flotante 
.................... // para referenciar al valor de entrada que se enviar al servomotor
.................... float entrada=0;
.................... // Declaramos una variable de tipo flotante 
.................... // como entrada mxima para este caso 2^10 = 1024
.................... float ent_max = 1023;
.................... // Declaramos una variable de tipo flotante 
.................... // como entrada mnima con valor igual a 0
.................... float ent_min = 0;
.................... // Declaramos una variable de tipo flotante 
.................... // para el ciclo de trabajo mximo
.................... float duty_max = 500;
.................... // Declaramos una variable de tipo flotante 
.................... // para el ciclo de trabajo minimo
.................... float duty_min = 250;
.................... // Declaramos una variable de tipo flotante
.................... // para establecer el valor mximo del servomotor
.................... float angulo_max = 180;
.................... // Declaramos una variable de tipo flotante
.................... // para establecer el valor minimo del servomotor
.................... float angulo_min = 0;
.................... 
.................... 
.................... void main()
*
0600:  MOVF   03,W
0601:  ANDLW  1F
0602:  MOVWF  03
0603:  CLRF   25
0604:  CLRF   24
0605:  CLRF   23
0606:  CLRF   22
0607:  CLRF   29
0608:  CLRF   28
0609:  CLRF   27
060A:  CLRF   26
060B:  CLRF   2D
060C:  MOVLW  C0
060D:  MOVWF  2C
060E:  MOVLW  7F
060F:  MOVWF  2B
0610:  MOVLW  88
0611:  MOVWF  2A
0612:  CLRF   31
0613:  CLRF   30
0614:  CLRF   2F
0615:  CLRF   2E
0616:  CLRF   35
0617:  CLRF   34
0618:  MOVLW  7A
0619:  MOVWF  33
061A:  MOVLW  87
061B:  MOVWF  32
061C:  CLRF   39
061D:  CLRF   38
061E:  MOVLW  7A
061F:  MOVWF  37
0620:  MOVLW  86
0621:  MOVWF  36
0622:  CLRF   3D
0623:  CLRF   3C
0624:  MOVLW  34
0625:  MOVWF  3B
0626:  MOVLW  86
0627:  MOVWF  3A
0628:  CLRF   41
0629:  CLRF   40
062A:  CLRF   3F
062B:  CLRF   3E
062C:  MOVLW  FF
062D:  MOVWF  42
062E:  CLRF   44
062F:  CLRF   43
0630:  BSF    03.5
0631:  BSF    1F.0
0632:  BSF    1F.1
0633:  BSF    1F.2
0634:  BCF    1F.3
0635:  MOVLW  07
0636:  MOVWF  1C
0637:  BCF    03.7
.................... {
....................    // Inicializamos la LCD
....................    lcd_init();
0638:  BCF    03.5
0639:  GOTO   0DC
....................    // Configuramos el ADC
....................    // Configuramos al canal A como salidas analgicas
....................    setup_adc_ports(AN0);
063A:  BSF    03.5
063B:  BCF    1F.0
063C:  BSF    1F.1
063D:  BSF    1F.2
063E:  BSF    1F.3
....................    // Habilitamos el reloj interno del micro
....................    setup_adc(ADC_CLOCK_INTERNAL);
063F:  BCF    1F.6
0640:  BCF    03.5
0641:  BSF    1F.6
0642:  BSF    1F.7
0643:  BSF    03.5
0644:  BSF    1F.7
0645:  BCF    03.5
0646:  BSF    1F.0
....................    // Habilitamos el canal 0
....................    set_adc_channel(0);
0647:  MOVLW  00
0648:  MOVWF  78
0649:  MOVF   1F,W
064A:  ANDLW  C7
064B:  IORWF  78,W
064C:  MOVWF  1F
....................    
....................    // Configuramos el Timer
....................    // prescalador, contador, postcalador
....................    setup_timer_2(T2_DIV_BY_16,255,1);
064D:  MOVLW  00
064E:  MOVWF  78
064F:  IORLW  06
0650:  MOVWF  12
0651:  MOVLW  FF
0652:  BSF    03.5
0653:  MOVWF  12
....................    // Configuramos al ccp1 como PWM
....................    setup_ccp1(ccp_pwm);
0654:  BCF    03.5
0655:  BCF    42.2
0656:  MOVF   42,W
0657:  BSF    03.5
0658:  MOVWF  07
0659:  BCF    03.5
065A:  BCF    07.2
065B:  MOVLW  0C
065C:  MOVWF  17
....................    
....................    while(TRUE)
....................    {
....................       // Leemos el valor del potencimetro en A0
....................       valor_ADC = read_adc();
065D:  BSF    1F.2
065E:  BTFSC  1F.2
065F:  GOTO   65E
0660:  MOVF   1E,W
0661:  MOVWF  79
0662:  BSF    03.5
0663:  MOVF   1E,W
0664:  MOVWF  78
0665:  MOVF   79,W
0666:  BCF    03.5
0667:  MOVWF  21
0668:  MOVF   78,W
0669:  MOVWF  20
....................       
....................       // Realizamos una interpolacin para obtener el valor de la entrada
....................       // para enviar al servomotor
....................       entrada = (duty_min) + ((duty_max - duty_min)
....................                /(ent_max - ent_min))*(valor_ADC - ent_min);
066A:  BSF    03.1
066B:  MOVF   35,W
066C:  MOVWF  4C
066D:  MOVF   34,W
066E:  MOVWF  4B
066F:  MOVF   33,W
0670:  MOVWF  4A
0671:  MOVF   32,W
0672:  MOVWF  49
0673:  MOVF   39,W
0674:  MOVWF  50
0675:  MOVF   38,W
0676:  MOVWF  4F
0677:  MOVF   37,W
0678:  MOVWF  4E
0679:  MOVF   36,W
067A:  MOVWF  4D
067B:  CALL   122
067C:  MOVF   7A,W
067D:  MOVWF  48
067E:  MOVF   79,W
067F:  MOVWF  47
0680:  MOVF   78,W
0681:  MOVWF  46
0682:  MOVF   77,W
0683:  MOVWF  45
0684:  BSF    03.1
0685:  MOVF   2D,W
0686:  MOVWF  4C
0687:  MOVF   2C,W
0688:  MOVWF  4B
0689:  MOVF   2B,W
068A:  MOVWF  4A
068B:  MOVF   2A,W
068C:  MOVWF  49
068D:  MOVF   31,W
068E:  MOVWF  50
068F:  MOVF   30,W
0690:  MOVWF  4F
0691:  MOVF   2F,W
0692:  MOVWF  4E
0693:  MOVF   2E,W
0694:  MOVWF  4D
0695:  CALL   122
0696:  MOVF   48,W
0697:  MOVWF  4C
0698:  MOVF   47,W
0699:  MOVWF  4B
069A:  MOVF   46,W
069B:  MOVWF  4A
069C:  MOVF   45,W
069D:  MOVWF  49
069E:  MOVF   7A,W
069F:  MOVWF  50
06A0:  MOVF   79,W
06A1:  MOVWF  4F
06A2:  MOVF   78,W
06A3:  MOVWF  4E
06A4:  MOVF   77,W
06A5:  MOVWF  4D
06A6:  CALL   263
06A7:  MOVF   7A,W
06A8:  MOVWF  48
06A9:  MOVF   79,W
06AA:  MOVWF  47
06AB:  MOVF   78,W
06AC:  MOVWF  46
06AD:  MOVF   77,W
06AE:  MOVWF  45
06AF:  MOVF   21,W
06B0:  MOVWF  4A
06B1:  MOVF   20,W
06B2:  MOVWF  49
06B3:  CALL   32D
06B4:  BSF    03.1
06B5:  MOVF   7A,W
06B6:  MOVWF  4C
06B7:  MOVF   79,W
06B8:  MOVWF  4B
06B9:  MOVF   78,W
06BA:  MOVWF  4A
06BB:  MOVF   77,W
06BC:  MOVWF  49
06BD:  MOVF   31,W
06BE:  MOVWF  50
06BF:  MOVF   30,W
06C0:  MOVWF  4F
06C1:  MOVF   2F,W
06C2:  MOVWF  4E
06C3:  MOVF   2E,W
06C4:  MOVWF  4D
06C5:  CALL   122
06C6:  MOVF   48,W
06C7:  MOVWF  55
06C8:  MOVF   47,W
06C9:  MOVWF  54
06CA:  MOVF   46,W
06CB:  MOVWF  53
06CC:  MOVF   45,W
06CD:  MOVWF  52
06CE:  MOVF   7A,W
06CF:  MOVWF  59
06D0:  MOVF   79,W
06D1:  MOVWF  58
06D2:  MOVF   78,W
06D3:  MOVWF  57
06D4:  MOVF   77,W
06D5:  MOVWF  56
06D6:  CALL   34A
06D7:  BCF    03.1
06D8:  MOVF   39,W
06D9:  MOVWF  4C
06DA:  MOVF   38,W
06DB:  MOVWF  4B
06DC:  MOVF   37,W
06DD:  MOVWF  4A
06DE:  MOVF   36,W
06DF:  MOVWF  49
06E0:  MOVF   7A,W
06E1:  MOVWF  50
06E2:  MOVF   79,W
06E3:  MOVWF  4F
06E4:  MOVF   78,W
06E5:  MOVWF  4E
06E6:  MOVF   77,W
06E7:  MOVWF  4D
06E8:  CALL   122
06E9:  MOVF   7A,W
06EA:  MOVWF  29
06EB:  MOVF   79,W
06EC:  MOVWF  28
06ED:  MOVF   78,W
06EE:  MOVWF  27
06EF:  MOVF   77,W
06F0:  MOVWF  26
....................       // Realizamos una interpolacin para obtener el valor del ngulo
....................       // que se mostrar en la LCD
....................       angulo = (angulo_min) + ((angulo_max - angulo_min)
....................                /(ent_max - ent_min))*(valor_ADC - ent_min);
06F1:  BSF    03.1
06F2:  MOVF   3D,W
06F3:  MOVWF  4C
06F4:  MOVF   3C,W
06F5:  MOVWF  4B
06F6:  MOVF   3B,W
06F7:  MOVWF  4A
06F8:  MOVF   3A,W
06F9:  MOVWF  49
06FA:  MOVF   41,W
06FB:  MOVWF  50
06FC:  MOVF   40,W
06FD:  MOVWF  4F
06FE:  MOVF   3F,W
06FF:  MOVWF  4E
0700:  MOVF   3E,W
0701:  MOVWF  4D
0702:  CALL   122
0703:  MOVF   7A,W
0704:  MOVWF  48
0705:  MOVF   79,W
0706:  MOVWF  47
0707:  MOVF   78,W
0708:  MOVWF  46
0709:  MOVF   77,W
070A:  MOVWF  45
070B:  BSF    03.1
070C:  MOVF   2D,W
070D:  MOVWF  4C
070E:  MOVF   2C,W
070F:  MOVWF  4B
0710:  MOVF   2B,W
0711:  MOVWF  4A
0712:  MOVF   2A,W
0713:  MOVWF  49
0714:  MOVF   31,W
0715:  MOVWF  50
0716:  MOVF   30,W
0717:  MOVWF  4F
0718:  MOVF   2F,W
0719:  MOVWF  4E
071A:  MOVF   2E,W
071B:  MOVWF  4D
071C:  CALL   122
071D:  MOVF   48,W
071E:  MOVWF  4C
071F:  MOVF   47,W
0720:  MOVWF  4B
0721:  MOVF   46,W
0722:  MOVWF  4A
0723:  MOVF   45,W
0724:  MOVWF  49
0725:  MOVF   7A,W
0726:  MOVWF  50
0727:  MOVF   79,W
0728:  MOVWF  4F
0729:  MOVF   78,W
072A:  MOVWF  4E
072B:  MOVF   77,W
072C:  MOVWF  4D
072D:  CALL   263
072E:  MOVF   7A,W
072F:  MOVWF  48
0730:  MOVF   79,W
0731:  MOVWF  47
0732:  MOVF   78,W
0733:  MOVWF  46
0734:  MOVF   77,W
0735:  MOVWF  45
0736:  MOVF   21,W
0737:  MOVWF  4A
0738:  MOVF   20,W
0739:  MOVWF  49
073A:  CALL   32D
073B:  BSF    03.1
073C:  MOVF   7A,W
073D:  MOVWF  4C
073E:  MOVF   79,W
073F:  MOVWF  4B
0740:  MOVF   78,W
0741:  MOVWF  4A
0742:  MOVF   77,W
0743:  MOVWF  49
0744:  MOVF   31,W
0745:  MOVWF  50
0746:  MOVF   30,W
0747:  MOVWF  4F
0748:  MOVF   2F,W
0749:  MOVWF  4E
074A:  MOVF   2E,W
074B:  MOVWF  4D
074C:  CALL   122
074D:  MOVF   48,W
074E:  MOVWF  55
074F:  MOVF   47,W
0750:  MOVWF  54
0751:  MOVF   46,W
0752:  MOVWF  53
0753:  MOVF   45,W
0754:  MOVWF  52
0755:  MOVF   7A,W
0756:  MOVWF  59
0757:  MOVF   79,W
0758:  MOVWF  58
0759:  MOVF   78,W
075A:  MOVWF  57
075B:  MOVF   77,W
075C:  MOVWF  56
075D:  CALL   34A
075E:  BCF    03.1
075F:  MOVF   41,W
0760:  MOVWF  4C
0761:  MOVF   40,W
0762:  MOVWF  4B
0763:  MOVF   3F,W
0764:  MOVWF  4A
0765:  MOVF   3E,W
0766:  MOVWF  49
0767:  MOVF   7A,W
0768:  MOVWF  50
0769:  MOVF   79,W
076A:  MOVWF  4F
076B:  MOVF   78,W
076C:  MOVWF  4E
076D:  MOVF   77,W
076E:  MOVWF  4D
076F:  CALL   122
0770:  MOVF   7A,W
0771:  MOVWF  25
0772:  MOVF   79,W
0773:  MOVWF  24
0774:  MOVF   78,W
0775:  MOVWF  23
0776:  MOVF   77,W
0777:  MOVWF  22
....................       
....................       // Convertimos la variable de entrada a un entero de 16 bits
....................       // y mandamos el valor al servomotor para que gire
....................       set_pwm1_duty((int16)entrada);
0778:  MOVF   29,W
0779:  MOVWF  48
077A:  MOVF   28,W
077B:  MOVWF  47
077C:  MOVF   27,W
077D:  MOVWF  46
077E:  MOVF   26,W
077F:  MOVWF  45
0780:  GOTO   3BF
0781:  MOVF   79,W
0782:  MOVWF  46
0783:  MOVF   78,W
0784:  MOVWF  45
0785:  RRF    46,F
0786:  RRF    45,F
0787:  RRF    46,F
0788:  RRF    45,F
0789:  RRF    46,F
078A:  MOVF   45,W
078B:  MOVWF  15
078C:  RRF    46,F
078D:  RRF    46,W
078E:  ANDLW  30
078F:  MOVWF  77
0790:  MOVF   17,W
0791:  ANDLW  CF
0792:  IORWF  77,W
0793:  MOVWF  17
....................       // Esperamos 20 milisegundos
....................       delay_ms(20);
0794:  MOVLW  14
0795:  MOVWF  53
0796:  CALL   00F
....................       
....................       // Posicin con respecto a columna y fila
....................       lcd_gotoxy(1,1);
0797:  MOVLW  01
0798:  MOVWF  53
0799:  MOVWF  54
079A:  CALL   3E0
....................       // Imprimimos un texto en la LCD
....................       printf(lcd_putc," Posicion");
079B:  MOVLW  04
079C:  BSF    03.6
079D:  MOVWF  0D
079E:  MOVLW  00
079F:  MOVWF  0F
07A0:  BCF    03.6
07A1:  GOTO   41E
....................       // Posicin con respecto a columna y fila
....................       lcd_gotoxy(1,2);
07A2:  MOVLW  01
07A3:  MOVWF  53
07A4:  MOVLW  02
07A5:  MOVWF  54
07A6:  CALL   3E0
....................       // Imprimimos los grados en los que se encuentra el servo
....................       printf(lcd_putc," %f Grados",angulo);
07A7:  MOVLW  20
07A8:  MOVWF  52
07A9:  CALL   3F2
07AA:  MOVLW  89
07AB:  MOVWF  04
07AC:  MOVF   25,W
07AD:  MOVWF  48
07AE:  MOVF   24,W
07AF:  MOVWF  47
07B0:  MOVF   23,W
07B1:  MOVWF  46
07B2:  MOVF   22,W
07B3:  MOVWF  45
07B4:  MOVLW  02
07B5:  MOVWF  49
07B6:  GOTO   4C5
07B7:  MOVLW  0A
07B8:  BSF    03.6
07B9:  MOVWF  0D
07BA:  MOVLW  00
07BB:  MOVWF  0F
07BC:  BSF    03.0
07BD:  MOVLW  07
07BE:  BCF    03.6
07BF:  MOVWF  45
07C0:  GOTO   5A7
07C1:  GOTO   65D
....................       
....................    }
.................... 
.................... }
07C2:  SLEEP

Configuration Fuses:
   Word  1: 3F71   XT NOWDT PUT BROWNOUT NOLVP NOCPD NOWRT NODEBUG NOPROTECT
