
ROM used:   77/4096 (2%)
            77/4096 (2%) including unused fragments

            0.1 Average locations per line
            9.6 Average locations per statement

RAM used:   17/191 (9%) at main() level
            17/191 (9%) worst case

Stack used: 1 worst case (1 in main + 0 for interrupts)
Stack size: 8

Lines Stmts  %   Files
----- ----- ---  -----
   19     8 100  Practica14.c
    5     0   0  Practica14.h
  611     0   0  ..\..\..\..\..\..\..\Program Files (x86)\PICC\Devices\16F873.h
----- -----
  635     8 Total

Page ROM  %  RAM    Vol Diff  Functions:
---- --- --- ---    --- ----  ----------
0     21  27    1             @delay_ms1
0     52  68   12    315  4.8  main
 Inline         0    396  1.9  @cinit1

Program metrics:
    Functions               2
    Statements              8
    Comments                108
    Volume (V)              847
    Difficulty (D)          6.6
    Effort to implement (E) 5571
    Time to implement (T)   5 minutes
    Est Delivered Bugs (B)  0
    Cyclomatic Complexity   1
    Maintainability (MI)    71

 Segment     Used  Free
-----------  ----  ----
00000-00003     4  0  
00004-007FF    73  1971  
00800-00FFF     0  2048  



